<?xml version="1.0" encoding="UTF-8"?>
<coverage generated="1614445276441" clover="3.2.0">
  <project timestamp="1614445276441" name="All files">
    <metrics statements="698" coveredstatements="629" conditionals="252" coveredconditionals="179" methods="125" coveredmethods="114" elements="1075" coveredelements="922" complexity="0" loc="698" ncloc="698" packages="10" files="12" classes="12"/>
    <package name="preview.Demo">
      <metrics statements="195" coveredstatements="171" conditionals="60" coveredconditionals="39" methods="40" coveredmethods="32"/>
      <file name="Demo.ts" path="/data/data/com.termux/files/home/slider/src/preview/Demo/Demo.ts">
        <metrics statements="194" coveredstatements="170" conditionals="60" coveredconditionals="39" methods="40" coveredmethods="32"/>
        <line num="11" count="32" type="stmt"/>
        <line num="12" count="32" type="stmt"/>
        <line num="13" count="32" type="stmt"/>
        <line num="17" count="43" type="stmt"/>
        <line num="18" count="43" type="stmt"/>
        <line num="22" count="32" type="stmt"/>
        <line num="23" count="32" type="stmt"/>
        <line num="25" count="32" type="stmt"/>
        <line num="27" count="32" type="stmt"/>
        <line num="31" count="32" type="stmt"/>
        <line num="32" count="32" type="stmt"/>
        <line num="34" count="32" type="stmt"/>
        <line num="38" count="32" type="stmt"/>
        <line num="40" count="32" type="stmt"/>
        <line num="51" count="75" type="stmt"/>
        <line num="53" count="75" type="stmt"/>
        <line num="55" count="75" type="stmt"/>
        <line num="57" count="75" type="stmt"/>
        <line num="59" count="75" type="stmt"/>
        <line num="61" count="75" type="stmt"/>
        <line num="63" count="75" type="stmt"/>
        <line num="65" count="75" type="stmt"/>
        <line num="67" count="75" type="stmt"/>
        <line num="69" count="75" type="stmt"/>
        <line num="71" count="75" type="stmt"/>
        <line num="73" count="75" type="stmt"/>
        <line num="75" count="75" type="stmt"/>
        <line num="77" count="75" type="stmt"/>
        <line num="79" count="75" type="stmt"/>
        <line num="81" count="75" type="stmt"/>
        <line num="83" count="75" type="stmt"/>
        <line num="85" count="75" type="stmt"/>
        <line num="87" count="75" type="stmt"/>
        <line num="89" count="75" type="stmt"/>
        <line num="91" count="75" type="stmt"/>
        <line num="93" count="75" type="stmt"/>
        <line num="95" count="75" type="stmt"/>
        <line num="97" count="75" type="stmt"/>
        <line num="99" count="75" type="stmt"/>
        <line num="101" count="75" type="stmt"/>
        <line num="103" count="75" type="stmt"/>
        <line num="105" count="75" type="stmt"/>
        <line num="107" count="75" type="stmt"/>
        <line num="109" count="75" type="stmt"/>
        <line num="111" count="75" type="stmt"/>
        <line num="113" count="75" type="stmt"/>
        <line num="115" count="75" type="stmt"/>
        <line num="117" count="75" type="stmt"/>
        <line num="119" count="75" type="stmt"/>
        <line num="121" count="75" type="stmt"/>
        <line num="123" count="75" type="stmt"/>
        <line num="125" count="75" type="stmt"/>
        <line num="127" count="75" type="stmt"/>
        <line num="128" count="0" type="stmt"/>
        <line num="131" count="75" type="stmt"/>
        <line num="132" count="0" type="stmt"/>
        <line num="134" count="75" type="stmt"/>
        <line num="135" count="0" type="stmt"/>
        <line num="137" count="75" type="stmt"/>
        <line num="138" count="0" type="stmt"/>
        <line num="143" count="75" type="stmt"/>
        <line num="144" count="1" type="cond" truecount="1" falsecount="1"/>
        <line num="145" count="1" type="stmt"/>
        <line num="147" count="1" type="cond" truecount="1" falsecount="1"/>
        <line num="148" count="0" type="stmt"/>
        <line num="152" count="75" type="stmt"/>
        <line num="153" count="2" type="cond" truecount="2" falsecount="0"/>
        <line num="154" count="1" type="stmt"/>
        <line num="156" count="2" type="cond" truecount="2" falsecount="0"/>
        <line num="157" count="1" type="stmt"/>
        <line num="161" count="75" type="stmt"/>
        <line num="162" count="2" type="cond" truecount="2" falsecount="0"/>
        <line num="163" count="1" type="stmt"/>
        <line num="165" count="2" type="cond" truecount="2" falsecount="0"/>
        <line num="166" count="1" type="stmt"/>
        <line num="170" count="75" type="stmt"/>
        <line num="171" count="0" type="cond" truecount="0" falsecount="2"/>
        <line num="172" count="0" type="stmt"/>
        <line num="174" count="0" type="cond" truecount="0" falsecount="2"/>
        <line num="175" count="0" type="stmt"/>
        <line num="179" count="75" type="stmt"/>
        <line num="180" count="2" type="cond" truecount="2" falsecount="0"/>
        <line num="181" count="1" type="stmt"/>
        <line num="183" count="2" type="cond" truecount="2" falsecount="0"/>
        <line num="184" count="1" type="stmt"/>
        <line num="188" count="75" type="stmt"/>
        <line num="189" count="0" type="cond" truecount="0" falsecount="2"/>
        <line num="190" count="0" type="stmt"/>
        <line num="192" count="0" type="cond" truecount="0" falsecount="2"/>
        <line num="193" count="0" type="stmt"/>
        <line num="197" count="75" type="stmt"/>
        <line num="198" count="0" type="cond" truecount="0" falsecount="2"/>
        <line num="199" count="0" type="stmt"/>
        <line num="201" count="0" type="cond" truecount="0" falsecount="2"/>
        <line num="202" count="0" type="stmt"/>
        <line num="206" count="75" type="stmt"/>
        <line num="207" count="2" type="cond" truecount="2" falsecount="0"/>
        <line num="208" count="1" type="stmt"/>
        <line num="210" count="2" type="cond" truecount="2" falsecount="0"/>
        <line num="211" count="1" type="stmt"/>
        <line num="215" count="75" type="stmt"/>
        <line num="216" count="2" type="cond" truecount="2" falsecount="0"/>
        <line num="217" count="1" type="stmt"/>
        <line num="219" count="1" type="stmt"/>
        <line num="223" count="75" type="stmt"/>
        <line num="224" count="2" type="cond" truecount="2" falsecount="0"/>
        <line num="225" count="1" type="stmt"/>
        <line num="226" count="2" type="cond" truecount="2" falsecount="0"/>
        <line num="227" count="1" type="stmt"/>
        <line num="231" count="75" type="stmt"/>
        <line num="232" count="1" type="cond" truecount="1" falsecount="1"/>
        <line num="233" count="0" type="stmt"/>
        <line num="235" count="1" type="stmt"/>
        <line num="239" count="75" type="stmt"/>
        <line num="240" count="2" type="cond" truecount="2" falsecount="0"/>
        <line num="241" count="1" type="stmt"/>
        <line num="243" count="1" type="stmt"/>
        <line num="247" count="75" type="stmt"/>
        <line num="248" count="2" type="cond" truecount="2" falsecount="0"/>
        <line num="249" count="1" type="stmt"/>
        <line num="251" count="1" type="stmt"/>
        <line num="255" count="75" type="stmt"/>
        <line num="256" count="2" type="cond" truecount="2" falsecount="0"/>
        <line num="257" count="1" type="stmt"/>
        <line num="259" count="1" type="stmt"/>
        <line num="263" count="75" type="stmt"/>
        <line num="264" count="2" type="cond" truecount="2" falsecount="0"/>
        <line num="265" count="1" type="stmt"/>
        <line num="267" count="1" type="stmt"/>
        <line num="271" count="75" type="stmt"/>
        <line num="272" count="2" type="cond" truecount="2" falsecount="0"/>
        <line num="273" count="1" type="stmt"/>
        <line num="275" count="1" type="stmt"/>
        <line num="279" count="75" type="stmt"/>
        <line num="280" count="2" type="cond" truecount="2" falsecount="0"/>
        <line num="281" count="1" type="stmt"/>
        <line num="283" count="1" type="stmt"/>
        <line num="289" count="75" type="stmt"/>
        <line num="291" count="75" type="stmt"/>
        <line num="292" count="1" type="stmt"/>
        <line num="293" count="1" type="stmt"/>
        <line num="296" count="75" type="stmt"/>
        <line num="298" count="75" type="stmt"/>
        <line num="299" count="1" type="stmt"/>
        <line num="300" count="1" type="stmt"/>
        <line num="303" count="75" type="stmt"/>
        <line num="305" count="75" type="stmt"/>
        <line num="306" count="1" type="stmt"/>
        <line num="307" count="1" type="stmt"/>
        <line num="310" count="75" type="stmt"/>
        <line num="312" count="75" type="stmt"/>
        <line num="313" count="2" type="stmt"/>
        <line num="314" count="2" type="stmt"/>
        <line num="317" count="75" type="stmt"/>
        <line num="319" count="75" type="stmt"/>
        <line num="320" count="2" type="stmt"/>
        <line num="321" count="2" type="stmt"/>
        <line num="323" count="75" type="stmt"/>
        <line num="325" count="75" type="stmt"/>
        <line num="326" count="2" type="stmt"/>
        <line num="327" count="2" type="stmt"/>
        <line num="330" count="75" type="cond" truecount="1" falsecount="1"/>
        <line num="331" count="0" type="stmt"/>
        <line num="332" count="75" type="cond" truecount="1" falsecount="1"/>
        <line num="333" count="75" type="stmt"/>
        <line num="335" count="0" type="stmt"/>
        <line num="337" count="75" type="stmt"/>
        <line num="338" count="0" type="stmt"/>
        <line num="340" count="0" type="cond" truecount="0" falsecount="4"/>
        <line num="341" count="0" type="stmt"/>
        <line num="344" count="0" type="stmt"/>
        <line num="347" count="75" type="stmt"/>
        <line num="349" count="75" type="stmt"/>
        <line num="350" count="1" type="stmt"/>
        <line num="351" count="1" type="stmt"/>
        <line num="353" count="75" type="stmt"/>
        <line num="355" count="75" type="stmt"/>
        <line num="356" count="1" type="stmt"/>
        <line num="357" count="1" type="stmt"/>
        <line num="360" count="75" type="stmt"/>
        <line num="362" count="75" type="stmt"/>
        <line num="363" count="1" type="stmt"/>
        <line num="364" count="1" type="stmt"/>
        <line num="367" count="75" type="stmt"/>
        <line num="369" count="75" type="stmt"/>
        <line num="370" count="1" type="stmt"/>
        <line num="371" count="1" type="stmt"/>
        <line num="374" count="75" type="stmt"/>
        <line num="376" count="75" type="stmt"/>
        <line num="377" count="1" type="stmt"/>
        <line num="378" count="1" type="stmt"/>
        <line num="383" count="41" type="stmt"/>
        <line num="384" count="41" type="stmt"/>
        <line num="385" count="41" type="stmt"/>
      </file>
      <file name="demoTemplate.ts" path="/data/data/com.termux/files/home/slider/src/preview/Demo/demoTemplate.ts">
        <metrics statements="1" coveredstatements="1" conditionals="0" coveredconditionals="0" methods="0" coveredmethods="0"/>
        <line num="1" count="1" type="stmt"/>
      </file>
    </package>
    <package name="slider.EventEmitter">
      <metrics statements="6" coveredstatements="5" conditionals="4" coveredconditionals="4" methods="6" coveredmethods="4"/>
      <file name="EventEmitter.ts" path="/data/data/com.termux/files/home/slider/src/slider/EventEmitter/EventEmitter.ts">
        <metrics statements="6" coveredstatements="5" conditionals="4" coveredconditionals="4" methods="6" coveredmethods="4"/>
        <line num="13" count="216" type="stmt"/>
        <line num="17" count="125" type="cond" truecount="2" falsecount="0"/>
        <line num="19" count="125" type="stmt"/>
        <line num="23" count="0" type="stmt"/>
        <line num="27" count="176" type="stmt"/>
        <line num="29" count="176" type="cond" truecount="2" falsecount="0"/>
      </file>
    </package>
    <package name="slider.Model">
      <metrics statements="41" coveredstatements="41" conditionals="40" coveredconditionals="40" methods="5" coveredmethods="5"/>
      <file name="Model.ts" path="/data/data/com.termux/files/home/slider/src/slider/Model/Model.ts">
        <metrics statements="41" coveredstatements="41" conditionals="40" coveredconditionals="40" methods="5" coveredmethods="5"/>
        <line num="10" count="59" type="stmt"/>
        <line num="12" count="59" type="stmt"/>
        <line num="16" count="111" type="stmt"/>
        <line num="17" count="111" type="stmt"/>
        <line num="19" count="111" type="stmt"/>
        <line num="21" count="111" type="stmt"/>
        <line num="25" count="59" type="stmt"/>
        <line num="26" count="59" type="stmt"/>
        <line num="30" count="111" type="stmt"/>
        <line num="32" count="111" type="cond" truecount="2" falsecount="0"/>
        <line num="34" count="111" type="stmt"/>
        <line num="36" count="111" type="cond" truecount="2" falsecount="0"/>
        <line num="38" count="111" type="cond" truecount="4" falsecount="0"/>
        <line num="39" count="4" type="stmt"/>
        <line num="42" count="111" type="cond" truecount="4" falsecount="0"/>
        <line num="43" count="5" type="stmt"/>
        <line num="44" count="5" type="stmt"/>
        <line num="47" count="111" type="cond" truecount="4" falsecount="0"/>
        <line num="48" count="4" type="stmt"/>
        <line num="49" count="4" type="stmt"/>
        <line num="51" count="111" type="stmt"/>
        <line num="57" count="111" type="stmt"/>
        <line num="58" count="111" type="cond" truecount="2" falsecount="0"/>
        <line num="59" count="3" type="stmt"/>
        <line num="62" count="111" type="cond" truecount="2" falsecount="0"/>
        <line num="63" count="111" type="cond" truecount="2" falsecount="0"/>
        <line num="65" count="111" type="cond" truecount="4" falsecount="0"/>
        <line num="66" count="2" type="stmt"/>
        <line num="67" count="2" type="stmt"/>
        <line num="70" count="111" type="cond" truecount="2" falsecount="0"/>
        <line num="71" count="108" type="cond" truecount="2" falsecount="0"/>
        <line num="72" count="1" type="stmt"/>
        <line num="76" count="111" type="cond" truecount="2" falsecount="0"/>
        <line num="77" count="4" type="stmt"/>
        <line num="78" count="4" type="stmt"/>
        <line num="81" count="111" type="cond" truecount="2" falsecount="0"/>
        <line num="82" count="108" type="cond" truecount="4" falsecount="0"/>
        <line num="83" count="2" type="stmt"/>
        <line num="86" count="111" type="cond" truecount="2" falsecount="0"/>
        <line num="87" count="9" type="stmt"/>
        <line num="89" count="111" type="stmt"/>
      </file>
    </package>
    <package name="slider.Presenter">
      <metrics statements="20" coveredstatements="17" conditionals="0" coveredconditionals="0" methods="10" coveredmethods="9"/>
      <file name="Presenter.ts" path="/data/data/com.termux/files/home/slider/src/slider/Presenter/Presenter.ts">
        <metrics statements="20" coveredstatements="17" conditionals="0" coveredconditionals="0" methods="10" coveredmethods="9"/>
        <line num="15" count="46" type="stmt"/>
        <line num="17" count="46" type="stmt"/>
        <line num="18" count="46" type="stmt"/>
        <line num="19" count="46" type="stmt"/>
        <line num="23" count="41" type="stmt"/>
        <line num="27" count="52" type="stmt"/>
        <line num="28" count="52" type="stmt"/>
        <line num="32" count="44" type="stmt"/>
        <line num="36" count="47" type="stmt"/>
        <line num="40" count="47" type="stmt"/>
        <line num="44" count="46" type="stmt"/>
        <line num="45" count="46" type="stmt"/>
        <line num="46" count="46" type="stmt"/>
        <line num="50" count="46" type="stmt"/>
        <line num="51" count="46" type="stmt"/>
        <line num="55" count="52" type="stmt"/>
        <line num="56" count="52" type="stmt"/>
        <line num="60" count="0" type="stmt"/>
        <line num="61" count="0" type="stmt"/>
        <line num="62" count="0" type="stmt"/>
      </file>
    </package>
    <package name="slider.View">
      <metrics statements="158" coveredstatements="141" conditionals="52" coveredconditionals="26" methods="23" coveredmethods="23"/>
      <file name="View.ts" path="/data/data/com.termux/files/home/slider/src/slider/View/View.ts">
        <metrics statements="158" coveredstatements="141" conditionals="52" coveredconditionals="26" methods="23" coveredmethods="23"/>
        <line num="26" count="110" type="stmt"/>
        <line num="28" count="110" type="stmt"/>
        <line num="30" count="110" type="stmt"/>
        <line num="31" count="110" type="stmt"/>
        <line num="33" count="110" type="stmt"/>
        <line num="34" count="110" type="stmt"/>
        <line num="35" count="110" type="stmt"/>
        <line num="36" count="110" type="stmt"/>
        <line num="38" count="110" type="stmt"/>
        <line num="40" count="110" type="stmt"/>
        <line num="46" count="151" type="stmt"/>
        <line num="47" count="151" type="stmt"/>
        <line num="48" count="151" type="stmt"/>
        <line num="50" count="151" type="stmt"/>
        <line num="56" count="151" type="stmt"/>
        <line num="57" count="151" type="stmt"/>
        <line num="59" count="151" type="stmt"/>
        <line num="60" count="151" type="stmt"/>
        <line num="62" count="151" type="stmt"/>
        <line num="66" count="151" type="stmt"/>
        <line num="70" count="151" type="stmt"/>
        <line num="74" count="151" type="stmt"/>
        <line num="78" count="151" type="stmt"/>
        <line num="86" count="255" type="stmt"/>
        <line num="91" count="255" type="stmt"/>
        <line num="92" count="255" type="stmt"/>
        <line num="93" count="255" type="stmt"/>
        <line num="94" count="255" type="stmt"/>
        <line num="96" count="255" type="stmt"/>
        <line num="104" count="41" type="stmt"/>
        <line num="105" count="41" type="stmt"/>
        <line num="106" count="41" type="stmt"/>
        <line num="107" count="41" type="stmt"/>
        <line num="108" count="41" type="stmt"/>
        <line num="109" count="41" type="stmt"/>
        <line num="110" count="41" type="stmt"/>
        <line num="111" count="41" type="stmt"/>
        <line num="112" count="41" type="stmt"/>
        <line num="116" count="151" type="stmt"/>
        <line num="118" count="151" type="stmt"/>
        <line num="120" count="151" type="stmt"/>
        <line num="124" count="151" type="stmt"/>
        <line num="125" count="151" type="stmt"/>
        <line num="126" count="151" type="stmt"/>
        <line num="130" count="151" type="stmt"/>
        <line num="131" count="151" type="stmt"/>
        <line num="132" count="151" type="stmt"/>
        <line num="134" count="151" type="stmt"/>
        <line num="135" count="151" type="stmt"/>
        <line num="139" count="2" type="stmt"/>
        <line num="141" count="2" type="cond" truecount="1" falsecount="1"/>
        <line num="142" count="2" type="stmt"/>
        <line num="144" count="2" type="stmt"/>
        <line num="145" count="2" type="stmt"/>
        <line num="146" count="2" type="stmt"/>
        <line num="147" count="2" type="stmt"/>
        <line num="148" count="2" type="stmt"/>
        <line num="151" count="2" type="stmt"/>
        <line num="152" count="2" type="stmt"/>
        <line num="153" count="2" type="stmt"/>
        <line num="154" count="2" type="stmt"/>
        <line num="159" count="2" type="stmt"/>
        <line num="161" count="2" type="stmt"/>
        <line num="162" count="2" type="stmt"/>
        <line num="163" count="2" type="cond" truecount="1" falsecount="1"/>
        <line num="165" count="2" type="cond" truecount="1" falsecount="1"/>
        <line num="166" count="2" type="cond" truecount="1" falsecount="1"/>
        <line num="167" count="0" type="stmt"/>
        <line num="169" count="2" type="stmt"/>
        <line num="171" count="0" type="cond" truecount="0" falsecount="2"/>
        <line num="172" count="0" type="stmt"/>
        <line num="174" count="0" type="stmt"/>
        <line num="176" count="2" type="stmt"/>
        <line num="180" count="4" type="stmt"/>
        <line num="182" count="4" type="cond" truecount="1" falsecount="1"/>
        <line num="183" count="4" type="cond" truecount="1" falsecount="1"/>
        <line num="185" count="0" type="cond" truecount="0" falsecount="2"/>
        <line num="186" count="0" type="stmt"/>
        <line num="188" count="0" type="stmt"/>
        <line num="192" count="1" type="stmt"/>
        <line num="193" count="1" type="stmt"/>
        <line num="194" count="1" type="stmt"/>
        <line num="195" count="1" type="stmt"/>
        <line num="197" count="1" type="cond" truecount="1" falsecount="1"/>
        <line num="198" count="1" type="stmt"/>
        <line num="201" count="1" type="stmt"/>
        <line num="203" count="1" type="stmt"/>
        <line num="205" count="1" type="stmt"/>
        <line num="209" count="2" type="stmt"/>
        <line num="210" count="2" type="stmt"/>
        <line num="211" count="2" type="stmt"/>
        <line num="213" count="2" type="cond" truecount="2" falsecount="0"/>
        <line num="215" count="1" type="cond" truecount="1" falsecount="1"/>
        <line num="216" count="1" type="stmt"/>
        <line num="218" count="0" type="stmt"/>
        <line num="220" count="1" type="stmt"/>
        <line num="221" count="1" type="stmt"/>
        <line num="227" count="4" type="stmt"/>
        <line num="229" count="4" type="stmt"/>
        <line num="231" count="4" type="stmt"/>
        <line num="232" count="4" type="stmt"/>
        <line num="233" count="4" type="stmt"/>
        <line num="235" count="4" type="cond" truecount="2" falsecount="2"/>
        <line num="236" count="0" type="stmt"/>
        <line num="237" count="0" type="stmt"/>
        <line num="240" count="4" type="cond" truecount="2" falsecount="0"/>
        <line num="241" count="2" type="cond" truecount="1" falsecount="1"/>
        <line num="243" count="2" type="cond" truecount="1" falsecount="1"/>
        <line num="244" count="0" type="stmt"/>
        <line num="246" count="2" type="stmt"/>
        <line num="249" count="2" type="stmt"/>
        <line num="250" count="2" type="cond" truecount="1" falsecount="1"/>
        <line num="251" count="2" type="cond" truecount="1" falsecount="1"/>
        <line num="252" count="2" type="stmt"/>
        <line num="254" count="0" type="cond" truecount="0" falsecount="2"/>
        <line num="255" count="0" type="stmt"/>
        <line num="263" count="3" type="stmt"/>
        <line num="264" count="3" type="stmt"/>
        <line num="266" count="3" type="stmt"/>
        <line num="268" count="3" type="stmt"/>
        <line num="269" count="3" type="cond" truecount="1" falsecount="1"/>
        <line num="270" count="3" type="stmt"/>
        <line num="272" count="0" type="stmt"/>
        <line num="274" count="3" type="cond" truecount="1" falsecount="1"/>
        <line num="276" count="3" type="cond" truecount="1" falsecount="1"/>
        <line num="278" count="3" type="stmt"/>
        <line num="280" count="3" type="stmt"/>
        <line num="289" count="4" type="stmt"/>
        <line num="291" count="4" type="stmt"/>
        <line num="293" count="4" type="stmt"/>
        <line num="295" count="4" type="cond" truecount="1" falsecount="1"/>
        <line num="296" count="4" type="stmt"/>
        <line num="297" count="4" type="stmt"/>
        <line num="298" count="4" type="cond" truecount="1" falsecount="1"/>
        <line num="299" count="0" type="stmt"/>
        <line num="300" count="0" type="stmt"/>
        <line num="302" count="4" type="stmt"/>
        <line num="303" count="4" type="stmt"/>
        <line num="305" count="4" type="stmt"/>
        <line num="306" count="4" type="stmt"/>
        <line num="307" count="4" type="stmt"/>
        <line num="308" count="4" type="stmt"/>
        <line num="310" count="4" type="stmt"/>
        <line num="311" count="4" type="stmt"/>
        <line num="313" count="4" type="stmt"/>
        <line num="314" count="4" type="stmt"/>
        <line num="319" count="3" type="stmt"/>
        <line num="320" count="3" type="stmt"/>
        <line num="322" count="3" type="cond" truecount="1" falsecount="1"/>
        <line num="323" count="3" type="stmt"/>
        <line num="325" count="0" type="stmt"/>
        <line num="328" count="3" type="stmt"/>
        <line num="332" count="302" type="stmt"/>
        <line num="333" count="302" type="stmt"/>
        <line num="334" count="302" type="cond" truecount="2" falsecount="0"/>
        <line num="335" count="286" type="stmt"/>
        <line num="337" count="16" type="stmt"/>
        <line num="339" count="302" type="stmt"/>
      </file>
    </package>
    <package name="slider.View.Bar">
      <metrics statements="52" coveredstatements="48" conditionals="16" coveredconditionals="14" methods="10" coveredmethods="10"/>
      <file name="Bar.ts" path="/data/data/com.termux/files/home/slider/src/slider/View/Bar/Bar.ts">
        <metrics statements="52" coveredstatements="48" conditionals="16" coveredconditionals="14" methods="10" coveredmethods="10"/>
        <line num="5" count="151" type="stmt"/>
        <line num="9" count="151" type="stmt"/>
        <line num="11" count="151" type="stmt"/>
        <line num="13" count="151" type="stmt"/>
        <line num="15" count="151" type="stmt"/>
        <line num="16" count="151" type="stmt"/>
        <line num="17" count="151" type="stmt"/>
        <line num="21" count="255" type="stmt"/>
        <line num="23" count="255" type="stmt"/>
        <line num="25" count="255" type="stmt"/>
        <line num="26" count="255" type="stmt"/>
        <line num="32" count="406" type="stmt"/>
        <line num="33" count="406" type="cond" truecount="1" falsecount="1"/>
        <line num="34" count="406" type="cond" truecount="2" falsecount="0"/>
        <line num="35" count="401" type="stmt"/>
        <line num="37" count="5" type="stmt"/>
        <line num="44" count="406" type="stmt"/>
        <line num="46" count="406" type="stmt"/>
        <line num="48" count="406" type="stmt"/>
        <line num="51" count="406" type="stmt"/>
        <line num="55" count="812" type="stmt"/>
        <line num="57" count="812" type="cond" truecount="2" falsecount="0"/>
        <line num="58" count="812" type="stmt"/>
        <line num="60" count="812" type="stmt"/>
        <line num="66" count="803" type="stmt"/>
        <line num="67" count="803" type="stmt"/>
        <line num="71" count="406" type="stmt"/>
        <line num="73" count="406" type="stmt"/>
        <line num="75" count="406" type="cond" truecount="2" falsecount="0"/>
        <line num="77" count="406" type="cond" truecount="2" falsecount="0"/>
        <line num="79" count="406" type="stmt"/>
        <line num="81" count="406" type="stmt"/>
        <line num="83" count="406" type="stmt"/>
        <line num="85" count="406" type="cond" truecount="2" falsecount="0"/>
        <line num="86" count="9" type="cond" truecount="1" falsecount="1"/>
        <line num="87" count="9" type="stmt"/>
        <line num="89" count="9" type="stmt"/>
        <line num="90" count="9" type="stmt"/>
        <line num="92" count="0" type="stmt"/>
        <line num="93" count="0" type="stmt"/>
        <line num="95" count="0" type="stmt"/>
        <line num="96" count="0" type="stmt"/>
        <line num="99" count="397" type="stmt"/>
        <line num="101" count="397" type="stmt"/>
        <line num="103" count="397" type="stmt"/>
        <line num="104" count="397" type="stmt"/>
        <line num="109" count="406" type="stmt"/>
        <line num="111" count="406" type="stmt"/>
        <line num="113" count="406" type="cond" truecount="2" falsecount="0"/>
        <line num="114" count="386" type="stmt"/>
        <line num="116" count="20" type="stmt"/>
        <line num="118" count="406" type="stmt"/>
      </file>
    </package>
    <package name="slider.View.Rollers">
      <metrics statements="97" coveredstatements="92" conditionals="34" coveredconditionals="27" methods="12" coveredmethods="12"/>
      <file name="Rollers.ts" path="/data/data/com.termux/files/home/slider/src/slider/View/Rollers/Rollers.ts">
        <metrics statements="97" coveredstatements="92" conditionals="34" coveredconditionals="27" methods="12" coveredmethods="12"/>
        <line num="5" count="151" type="stmt"/>
        <line num="9" count="151" type="stmt"/>
        <line num="11" count="151" type="stmt"/>
        <line num="12" count="151" type="stmt"/>
        <line num="14" count="151" type="stmt"/>
        <line num="16" count="151" type="stmt"/>
        <line num="20" count="151" type="stmt"/>
        <line num="21" count="151" type="stmt"/>
        <line num="23" count="151" type="stmt"/>
        <line num="24" count="151" type="stmt"/>
        <line num="25" count="151" type="stmt"/>
        <line num="26" count="151" type="stmt"/>
        <line num="30" count="151" type="stmt"/>
        <line num="32" count="151" type="stmt"/>
        <line num="33" count="151" type="stmt"/>
        <line num="34" count="151" type="stmt"/>
        <line num="35" count="151" type="stmt"/>
        <line num="37" count="151" type="stmt"/>
        <line num="38" count="151" type="stmt"/>
        <line num="40" count="151" type="stmt"/>
        <line num="50" count="406" type="stmt"/>
        <line num="52" count="406" type="stmt"/>
        <line num="54" count="406" type="cond" truecount="2" falsecount="0"/>
        <line num="55" count="4" type="stmt"/>
        <line num="60" count="406" type="cond" truecount="2" falsecount="0"/>
        <line num="61" count="402" type="stmt"/>
        <line num="62" count="402" type="stmt"/>
        <line num="65" count="402" type="cond" truecount="1" falsecount="1"/>
        <line num="66" count="0" type="stmt"/>
        <line num="67" count="0" type="stmt"/>
        <line num="72" count="406" type="stmt"/>
        <line num="76" count="804" type="stmt"/>
        <line num="77" count="804" type="stmt"/>
        <line num="78" count="804" type="stmt"/>
        <line num="81" count="804" type="cond" truecount="1" falsecount="1"/>
        <line num="82" count="0" type="stmt"/>
        <line num="85" count="804" type="cond" truecount="1" falsecount="1"/>
        <line num="86" count="0" type="stmt"/>
        <line num="88" count="804" type="cond" truecount="1" falsecount="1"/>
        <line num="89" count="0" type="stmt"/>
        <line num="91" count="804" type="cond" truecount="1" falsecount="1"/>
        <line num="92" count="804" type="stmt"/>
        <line num="94" count="804" type="stmt"/>
        <line num="97" count="804" type="stmt"/>
        <line num="104" count="406" type="stmt"/>
        <line num="110" count="406" type="stmt"/>
        <line num="111" count="406" type="stmt"/>
        <line num="114" count="406" type="cond" truecount="2" falsecount="0"/>
        <line num="115" count="6" type="stmt"/>
        <line num="118" count="406" type="cond" truecount="2" falsecount="0"/>
        <line num="119" count="6" type="stmt"/>
        <line num="121" count="406" type="cond" truecount="1" falsecount="1"/>
        <line num="123" count="406" type="cond" truecount="2" falsecount="0"/>
        <line num="124" count="6" type="stmt"/>
        <line num="125" count="6" type="stmt"/>
        <line num="127" count="6" type="stmt"/>
        <line num="128" count="6" type="stmt"/>
        <line num="129" count="6" type="stmt"/>
        <line num="130" count="6" type="stmt"/>
        <line num="133" count="406" type="cond" truecount="2" falsecount="0"/>
        <line num="134" count="4" type="stmt"/>
        <line num="135" count="4" type="stmt"/>
        <line num="144" count="406" type="stmt"/>
        <line num="145" count="406" type="cond" truecount="1" falsecount="1"/>
        <line num="147" count="406" type="cond" truecount="2" falsecount="0"/>
        <line num="148" count="401" type="stmt"/>
        <line num="149" count="401" type="stmt"/>
        <line num="151" count="5" type="stmt"/>
        <line num="152" count="5" type="stmt"/>
        <line num="161" count="406" type="stmt"/>
        <line num="163" count="406" type="stmt"/>
        <line num="164" count="406" type="stmt"/>
        <line num="166" count="406" type="stmt"/>
        <line num="167" count="406" type="stmt"/>
        <line num="169" count="406" type="cond" truecount="2" falsecount="0"/>
        <line num="170" count="386" type="stmt"/>
        <line num="171" count="386" type="stmt"/>
        <line num="173" count="20" type="stmt"/>
        <line num="174" count="20" type="stmt"/>
        <line num="179" count="255" type="stmt"/>
        <line num="181" count="255" type="stmt"/>
        <line num="182" count="255" type="stmt"/>
        <line num="183" count="255" type="stmt"/>
        <line num="184" count="255" type="stmt"/>
        <line num="186" count="255" type="stmt"/>
        <line num="187" count="255" type="stmt"/>
        <line num="188" count="255" type="stmt"/>
        <line num="189" count="255" type="stmt"/>
        <line num="199" count="812" type="stmt"/>
        <line num="201" count="812" type="cond" truecount="2" falsecount="0"/>
        <line num="203" count="798" type="stmt"/>
        <line num="209" count="812" type="stmt"/>
        <line num="210" count="812" type="stmt"/>
        <line num="214" count="406" type="stmt"/>
        <line num="216" count="406" type="cond" truecount="2" falsecount="0"/>
        <line num="217" count="9" type="stmt"/>
        <line num="219" count="397" type="stmt"/>
      </file>
    </package>
    <package name="slider.View.Scale">
      <metrics statements="79" coveredstatements="73" conditionals="26" coveredconditionals="18" methods="13" coveredmethods="13"/>
      <file name="Scale.ts" path="/data/data/com.termux/files/home/slider/src/slider/View/Scale/Scale.ts">
        <metrics statements="79" coveredstatements="73" conditionals="26" coveredconditionals="18" methods="13" coveredmethods="13"/>
        <line num="5" count="151" type="stmt"/>
        <line num="9" count="151" type="stmt"/>
        <line num="10" count="151" type="stmt"/>
        <line num="11" count="151" type="stmt"/>
        <line num="13" count="151" type="stmt"/>
        <line num="15" count="151" type="stmt"/>
        <line num="16" count="151" type="stmt"/>
        <line num="17" count="151" type="stmt"/>
        <line num="21" count="255" type="stmt"/>
        <line num="22" count="255" type="stmt"/>
        <line num="24" count="255" type="stmt"/>
        <line num="25" count="255" type="stmt"/>
        <line num="31" count="406" type="stmt"/>
        <line num="33" count="406" type="stmt"/>
        <line num="35" count="406" type="stmt"/>
        <line num="37" count="255" type="cond" truecount="2" falsecount="0"/>
        <line num="38" count="3" type="stmt"/>
        <line num="39" count="3" type="stmt"/>
        <line num="41" count="252" type="stmt"/>
        <line num="44" count="406" type="stmt"/>
        <line num="48" count="406" type="stmt"/>
        <line num="49" count="406" type="cond" truecount="2" falsecount="0"/>
        <line num="50" count="7" type="stmt"/>
        <line num="51" count="406" type="cond" truecount="2" falsecount="0"/>
        <line num="52" count="399" type="stmt"/>
        <line num="57" count="151" type="stmt"/>
        <line num="58" count="151" type="stmt"/>
        <line num="64" count="151" type="stmt"/>
        <line num="66" count="151" type="stmt"/>
        <line num="67" count="151" type="stmt"/>
        <line num="68" count="151" type="stmt"/>
        <line num="70" count="151" type="stmt"/>
        <line num="72" count="151" type="stmt"/>
        <line num="73" count="151" type="cond" truecount="1" falsecount="1"/>
        <line num="74" count="0" type="stmt"/>
        <line num="76" count="0" type="stmt"/>
        <line num="79" count="151" type="stmt"/>
        <line num="81" count="151" type="stmt"/>
        <line num="85" count="151" type="stmt"/>
        <line num="86" count="151" type="stmt"/>
        <line num="87" count="151" type="stmt"/>
        <line num="88" count="151" type="stmt"/>
        <line num="93" count="151" type="stmt"/>
        <line num="94" count="151" type="stmt"/>
        <line num="95" count="151" type="stmt"/>
        <line num="96" count="151" type="stmt"/>
        <line num="97" count="151" type="stmt"/>
        <line num="99" count="151" type="stmt"/>
        <line num="102" count="151" type="cond" truecount="2" falsecount="0"/>
        <line num="103" count="1" type="stmt"/>
        <line num="105" count="151" type="stmt"/>
        <line num="107" count="151" type="cond" truecount="1" falsecount="1"/>
        <line num="108" count="0" type="stmt"/>
        <line num="112" count="151" type="stmt"/>
        <line num="114" count="151" type="stmt"/>
        <line num="116" count="151" type="cond" truecount="2" falsecount="0"/>
        <line num="117" count="143" type="stmt"/>
        <line num="119" count="8" type="stmt"/>
        <line num="124" count="151" type="stmt"/>
        <line num="125" count="151" type="stmt"/>
        <line num="130" count="1" type="stmt"/>
        <line num="132" count="1" type="cond" truecount="1" falsecount="1"/>
        <line num="133" count="1" type="cond" truecount="1" falsecount="1"/>
        <line num="135" count="1" type="stmt"/>
        <line num="137" count="1" type="stmt"/>
        <line num="138" count="1" type="stmt"/>
        <line num="141" count="151" type="stmt"/>
        <line num="142" count="151" type="stmt"/>
        <line num="143" count="151" type="stmt"/>
        <line num="145" count="151" type="cond" truecount="1" falsecount="1"/>
        <line num="146" count="0" type="stmt"/>
        <line num="148" count="151" type="cond" truecount="1" falsecount="1"/>
        <line num="149" count="0" type="stmt"/>
        <line num="151" count="151" type="cond" truecount="1" falsecount="1"/>
        <line num="152" count="0" type="stmt"/>
        <line num="154" count="151" type="cond" truecount="1" falsecount="1"/>
        <line num="155" count="151" type="stmt"/>
        <line num="157" count="151" type="stmt"/>
        <line num="159" count="151" type="stmt"/>
      </file>
    </package>
    <package name="slider.View.Track">
      <metrics statements="48" coveredstatements="39" conditionals="20" coveredconditionals="11" methods="6" coveredmethods="6"/>
      <file name="Track.ts" path="/data/data/com.termux/files/home/slider/src/slider/View/Track/Track.ts">
        <metrics statements="48" coveredstatements="39" conditionals="20" coveredconditionals="11" methods="6" coveredmethods="6"/>
        <line num="5" count="151" type="stmt"/>
        <line num="9" count="151" type="stmt"/>
        <line num="11" count="151" type="stmt"/>
        <line num="13" count="151" type="stmt"/>
        <line num="15" count="151" type="stmt"/>
        <line num="16" count="151" type="stmt"/>
        <line num="20" count="151" type="stmt"/>
        <line num="21" count="151" type="stmt"/>
        <line num="22" count="151" type="stmt"/>
        <line num="23" count="151" type="stmt"/>
        <line num="24" count="151" type="stmt"/>
        <line num="25" count="151" type="stmt"/>
        <line num="26" count="151" type="stmt"/>
        <line num="28" count="151" type="stmt"/>
        <line num="34" count="406" type="stmt"/>
        <line num="36" count="406" type="stmt"/>
        <line num="38" count="406" type="cond" truecount="2" falsecount="0"/>
        <line num="39" count="5" type="stmt"/>
        <line num="43" count="406" type="cond" truecount="2" falsecount="0"/>
        <line num="44" count="5" type="stmt"/>
        <line num="45" count="5" type="stmt"/>
        <line num="47" count="406" type="cond" truecount="2" falsecount="0"/>
        <line num="48" count="5" type="stmt"/>
        <line num="49" count="5" type="stmt"/>
        <line num="53" count="406" type="cond" truecount="1" falsecount="1"/>
        <line num="55" count="0" type="cond" truecount="0" falsecount="2"/>
        <line num="56" count="0" type="stmt"/>
        <line num="57" count="0" type="stmt"/>
        <line num="59" count="0" type="cond" truecount="0" falsecount="2"/>
        <line num="60" count="0" type="stmt"/>
        <line num="61" count="0" type="stmt"/>
        <line num="69" count="20" type="stmt"/>
        <line num="70" count="20" type="stmt"/>
        <line num="71" count="20" type="stmt"/>
        <line num="73" count="20" type="cond" truecount="1" falsecount="1"/>
        <line num="74" count="0" type="stmt"/>
        <line num="76" count="20" type="cond" truecount="1" falsecount="1"/>
        <line num="77" count="0" type="stmt"/>
        <line num="79" count="20" type="cond" truecount="1" falsecount="1"/>
        <line num="80" count="0" type="stmt"/>
        <line num="82" count="20" type="cond" truecount="1" falsecount="1"/>
        <line num="83" count="20" type="stmt"/>
        <line num="85" count="20" type="stmt"/>
        <line num="87" count="20" type="stmt"/>
        <line num="91" count="255" type="stmt"/>
        <line num="93" count="255" type="stmt"/>
        <line num="94" count="255" type="stmt"/>
        <line num="96" count="255" type="stmt"/>
      </file>
    </package>
    <package name="slider.interfaces">
      <metrics statements="2" coveredstatements="2" conditionals="0" coveredconditionals="0" methods="0" coveredmethods="0"/>
      <file name="color.ts" path="/data/data/com.termux/files/home/slider/src/slider/interfaces/color.ts">
        <metrics statements="1" coveredstatements="1" conditionals="0" coveredconditionals="0" methods="0" coveredmethods="0"/>
        <line num="1" count="8" type="stmt"/>
      </file>
      <file name="standardOptions.ts" path="/data/data/com.termux/files/home/slider/src/slider/interfaces/standardOptions.ts">
        <metrics statements="1" coveredstatements="1" conditionals="0" coveredconditionals="0" methods="0" coveredmethods="0"/>
        <line num="4" count="8" type="stmt"/>
      </file>
    </package>
  </project>
</coverage>
