<?xml version="1.0" encoding="UTF-8"?>
<coverage generated="1617461422387" clover="3.2.0">
  <project timestamp="1617461422388" name="All files">
    <metrics statements="722" coveredstatements="679" conditionals="258" coveredconditionals="211" methods="123" coveredmethods="120" elements="1103" coveredelements="1010" complexity="0" loc="722" ncloc="722" packages="10" files="13" classes="13"/>
    <package name="preview.Demo">
      <metrics statements="195" coveredstatements="184" conditionals="60" coveredconditionals="48" methods="40" coveredmethods="38"/>
      <file name="Demo.ts" path="/data/data/com.termux/files/home/slider/src/preview/Demo/Demo.ts">
        <metrics statements="194" coveredstatements="183" conditionals="60" coveredconditionals="48" methods="40" coveredmethods="38"/>
        <line num="11" count="41" type="stmt"/>
        <line num="12" count="41" type="stmt"/>
        <line num="13" count="41" type="stmt"/>
        <line num="17" count="51" type="stmt"/>
        <line num="18" count="51" type="stmt"/>
        <line num="22" count="41" type="stmt"/>
        <line num="23" count="41" type="stmt"/>
        <line num="25" count="41" type="stmt"/>
        <line num="27" count="41" type="stmt"/>
        <line num="31" count="41" type="stmt"/>
        <line num="32" count="41" type="stmt"/>
        <line num="34" count="41" type="stmt"/>
        <line num="38" count="41" type="stmt"/>
        <line num="40" count="41" type="stmt"/>
        <line num="51" count="92" type="stmt"/>
        <line num="53" count="92" type="stmt"/>
        <line num="55" count="92" type="stmt"/>
        <line num="57" count="92" type="stmt"/>
        <line num="59" count="92" type="stmt"/>
        <line num="61" count="92" type="stmt"/>
        <line num="63" count="92" type="stmt"/>
        <line num="65" count="92" type="stmt"/>
        <line num="67" count="92" type="stmt"/>
        <line num="69" count="92" type="stmt"/>
        <line num="71" count="92" type="stmt"/>
        <line num="73" count="92" type="stmt"/>
        <line num="75" count="92" type="stmt"/>
        <line num="77" count="92" type="stmt"/>
        <line num="79" count="92" type="stmt"/>
        <line num="81" count="92" type="stmt"/>
        <line num="83" count="92" type="stmt"/>
        <line num="85" count="92" type="stmt"/>
        <line num="87" count="92" type="stmt"/>
        <line num="89" count="92" type="stmt"/>
        <line num="91" count="92" type="stmt"/>
        <line num="93" count="92" type="stmt"/>
        <line num="95" count="92" type="stmt"/>
        <line num="97" count="92" type="stmt"/>
        <line num="99" count="92" type="stmt"/>
        <line num="101" count="92" type="stmt"/>
        <line num="103" count="92" type="stmt"/>
        <line num="105" count="92" type="stmt"/>
        <line num="107" count="92" type="stmt"/>
        <line num="109" count="92" type="stmt"/>
        <line num="111" count="92" type="stmt"/>
        <line num="113" count="92" type="stmt"/>
        <line num="115" count="92" type="stmt"/>
        <line num="117" count="92" type="stmt"/>
        <line num="119" count="92" type="stmt"/>
        <line num="121" count="92" type="stmt"/>
        <line num="123" count="92" type="stmt"/>
        <line num="125" count="92" type="stmt"/>
        <line num="127" count="92" type="stmt"/>
        <line num="128" count="1" type="stmt"/>
        <line num="131" count="92" type="stmt"/>
        <line num="132" count="1" type="stmt"/>
        <line num="134" count="92" type="stmt"/>
        <line num="135" count="1" type="stmt"/>
        <line num="137" count="92" type="stmt"/>
        <line num="138" count="1" type="stmt"/>
        <line num="143" count="92" type="stmt"/>
        <line num="144" count="1" type="cond" truecount="1" falsecount="1"/>
        <line num="145" count="1" type="stmt"/>
        <line num="147" count="1" type="cond" truecount="1" falsecount="1"/>
        <line num="148" count="0" type="stmt"/>
        <line num="152" count="92" type="stmt"/>
        <line num="153" count="2" type="cond" truecount="2" falsecount="0"/>
        <line num="154" count="1" type="stmt"/>
        <line num="156" count="2" type="cond" truecount="2" falsecount="0"/>
        <line num="157" count="1" type="stmt"/>
        <line num="161" count="92" type="stmt"/>
        <line num="162" count="2" type="cond" truecount="2" falsecount="0"/>
        <line num="163" count="1" type="stmt"/>
        <line num="165" count="2" type="cond" truecount="2" falsecount="0"/>
        <line num="166" count="1" type="stmt"/>
        <line num="170" count="92" type="stmt"/>
        <line num="171" count="2" type="cond" truecount="2" falsecount="0"/>
        <line num="172" count="1" type="stmt"/>
        <line num="174" count="2" type="cond" truecount="2" falsecount="0"/>
        <line num="175" count="1" type="stmt"/>
        <line num="179" count="92" type="stmt"/>
        <line num="180" count="2" type="cond" truecount="2" falsecount="0"/>
        <line num="181" count="1" type="stmt"/>
        <line num="183" count="2" type="cond" truecount="2" falsecount="0"/>
        <line num="184" count="1" type="stmt"/>
        <line num="188" count="92" type="stmt"/>
        <line num="189" count="0" type="cond" truecount="0" falsecount="2"/>
        <line num="190" count="0" type="stmt"/>
        <line num="192" count="0" type="cond" truecount="0" falsecount="2"/>
        <line num="193" count="0" type="stmt"/>
        <line num="197" count="92" type="stmt"/>
        <line num="198" count="0" type="cond" truecount="0" falsecount="2"/>
        <line num="199" count="0" type="stmt"/>
        <line num="201" count="0" type="cond" truecount="0" falsecount="2"/>
        <line num="202" count="0" type="stmt"/>
        <line num="206" count="92" type="stmt"/>
        <line num="207" count="2" type="cond" truecount="2" falsecount="0"/>
        <line num="208" count="1" type="stmt"/>
        <line num="210" count="2" type="cond" truecount="2" falsecount="0"/>
        <line num="211" count="1" type="stmt"/>
        <line num="215" count="92" type="stmt"/>
        <line num="216" count="2" type="cond" truecount="2" falsecount="0"/>
        <line num="217" count="1" type="stmt"/>
        <line num="219" count="1" type="stmt"/>
        <line num="223" count="92" type="stmt"/>
        <line num="224" count="2" type="cond" truecount="2" falsecount="0"/>
        <line num="225" count="1" type="stmt"/>
        <line num="226" count="2" type="cond" truecount="2" falsecount="0"/>
        <line num="227" count="1" type="stmt"/>
        <line num="231" count="92" type="stmt"/>
        <line num="232" count="1" type="cond" truecount="1" falsecount="1"/>
        <line num="233" count="0" type="stmt"/>
        <line num="235" count="1" type="stmt"/>
        <line num="239" count="92" type="stmt"/>
        <line num="240" count="2" type="cond" truecount="2" falsecount="0"/>
        <line num="241" count="1" type="stmt"/>
        <line num="243" count="1" type="stmt"/>
        <line num="247" count="92" type="stmt"/>
        <line num="248" count="2" type="cond" truecount="2" falsecount="0"/>
        <line num="249" count="1" type="stmt"/>
        <line num="251" count="1" type="stmt"/>
        <line num="255" count="92" type="stmt"/>
        <line num="256" count="2" type="cond" truecount="2" falsecount="0"/>
        <line num="257" count="1" type="stmt"/>
        <line num="259" count="1" type="stmt"/>
        <line num="263" count="92" type="stmt"/>
        <line num="264" count="2" type="cond" truecount="2" falsecount="0"/>
        <line num="265" count="1" type="stmt"/>
        <line num="267" count="1" type="stmt"/>
        <line num="271" count="92" type="stmt"/>
        <line num="272" count="2" type="cond" truecount="2" falsecount="0"/>
        <line num="273" count="1" type="stmt"/>
        <line num="275" count="1" type="stmt"/>
        <line num="279" count="92" type="stmt"/>
        <line num="280" count="2" type="cond" truecount="2" falsecount="0"/>
        <line num="281" count="1" type="stmt"/>
        <line num="283" count="1" type="stmt"/>
        <line num="289" count="92" type="stmt"/>
        <line num="291" count="92" type="stmt"/>
        <line num="292" count="1" type="stmt"/>
        <line num="293" count="1" type="stmt"/>
        <line num="296" count="92" type="stmt"/>
        <line num="298" count="92" type="stmt"/>
        <line num="299" count="1" type="stmt"/>
        <line num="300" count="1" type="stmt"/>
        <line num="303" count="92" type="stmt"/>
        <line num="305" count="92" type="stmt"/>
        <line num="306" count="1" type="stmt"/>
        <line num="307" count="1" type="stmt"/>
        <line num="310" count="92" type="stmt"/>
        <line num="312" count="92" type="stmt"/>
        <line num="313" count="2" type="stmt"/>
        <line num="314" count="2" type="stmt"/>
        <line num="317" count="92" type="stmt"/>
        <line num="319" count="92" type="stmt"/>
        <line num="320" count="2" type="stmt"/>
        <line num="321" count="2" type="stmt"/>
        <line num="323" count="92" type="stmt"/>
        <line num="325" count="92" type="stmt"/>
        <line num="326" count="2" type="stmt"/>
        <line num="327" count="2" type="stmt"/>
        <line num="330" count="92" type="stmt"/>
        <line num="332" count="92" type="stmt"/>
        <line num="333" count="1" type="stmt"/>
        <line num="334" count="1" type="stmt"/>
        <line num="336" count="92" type="stmt"/>
        <line num="338" count="92" type="stmt"/>
        <line num="339" count="1" type="stmt"/>
        <line num="340" count="1" type="stmt"/>
        <line num="343" count="92" type="stmt"/>
        <line num="345" count="92" type="stmt"/>
        <line num="346" count="1" type="stmt"/>
        <line num="347" count="1" type="stmt"/>
        <line num="350" count="92" type="stmt"/>
        <line num="352" count="92" type="stmt"/>
        <line num="353" count="1" type="stmt"/>
        <line num="354" count="1" type="stmt"/>
        <line num="357" count="92" type="stmt"/>
        <line num="359" count="92" type="stmt"/>
        <line num="360" count="1" type="stmt"/>
        <line num="361" count="1" type="stmt"/>
        <line num="364" count="92" type="cond" truecount="1" falsecount="1"/>
        <line num="365" count="0" type="stmt"/>
        <line num="366" count="92" type="cond" truecount="2" falsecount="0"/>
        <line num="367" count="89" type="stmt"/>
        <line num="369" count="3" type="stmt"/>
        <line num="371" count="92" type="stmt"/>
        <line num="372" count="3" type="stmt"/>
        <line num="374" count="3" type="cond" truecount="4" falsecount="0"/>
        <line num="375" count="2" type="stmt"/>
        <line num="378" count="3" type="stmt"/>
        <line num="383" count="47" type="stmt"/>
        <line num="384" count="47" type="stmt"/>
        <line num="385" count="47" type="stmt"/>
      </file>
      <file name="demoTemplate.ts" path="/data/data/com.termux/files/home/slider/src/preview/Demo/demoTemplate.ts">
        <metrics statements="1" coveredstatements="1" conditionals="0" coveredconditionals="0" methods="0" coveredmethods="0"/>
        <line num="1" count="1" type="stmt"/>
      </file>
    </package>
    <package name="slider.EventEmitter">
      <metrics statements="5" coveredstatements="5" conditionals="4" coveredconditionals="4" methods="4" coveredmethods="4"/>
      <file name="EventEmitter.ts" path="/data/data/com.termux/files/home/slider/src/slider/EventEmitter/EventEmitter.ts">
        <metrics statements="5" coveredstatements="5" conditionals="4" coveredconditionals="4" methods="4" coveredmethods="4"/>
        <line num="13" count="283" type="stmt"/>
        <line num="17" count="162" type="cond" truecount="2" falsecount="0"/>
        <line num="19" count="162" type="stmt"/>
        <line num="23" count="213" type="stmt"/>
        <line num="25" count="213" type="cond" truecount="2" falsecount="0"/>
      </file>
    </package>
    <package name="slider.Model">
      <metrics statements="41" coveredstatements="41" conditionals="38" coveredconditionals="38" methods="5" coveredmethods="5"/>
      <file name="Model.ts" path="/data/data/com.termux/files/home/slider/src/slider/Model/Model.ts">
        <metrics statements="41" coveredstatements="41" conditionals="38" coveredconditionals="38" methods="5" coveredmethods="5"/>
        <line num="14" count="71" type="stmt"/>
        <line num="16" count="71" type="stmt"/>
        <line num="20" count="133" type="stmt"/>
        <line num="21" count="133" type="stmt"/>
        <line num="23" count="133" type="stmt"/>
        <line num="29" count="133" type="stmt"/>
        <line num="33" count="71" type="stmt"/>
        <line num="34" count="71" type="stmt"/>
        <line num="42" count="133" type="stmt"/>
        <line num="44" count="133" type="cond" truecount="2" falsecount="0"/>
        <line num="46" count="133" type="cond" truecount="2" falsecount="0"/>
        <line num="47" count="133" type="cond" truecount="4" falsecount="0"/>
        <line num="49" count="133" type="cond" truecount="2" falsecount="0"/>
        <line num="50" count="4" type="stmt"/>
        <line num="53" count="133" type="cond" truecount="2" falsecount="0"/>
        <line num="54" count="9" type="stmt"/>
        <line num="55" count="9" type="stmt"/>
        <line num="58" count="133" type="stmt"/>
        <line num="69" count="133" type="stmt"/>
        <line num="71" count="133" type="cond" truecount="2" falsecount="0"/>
        <line num="72" count="3" type="stmt"/>
        <line num="75" count="133" type="cond" truecount="2" falsecount="0"/>
        <line num="76" count="133" type="cond" truecount="2" falsecount="0"/>
        <line num="78" count="133" type="cond" truecount="2" falsecount="0"/>
        <line num="80" count="133" type="cond" truecount="2" falsecount="0"/>
        <line num="81" count="133" type="cond" truecount="2" falsecount="0"/>
        <line num="83" count="133" type="cond" truecount="2" falsecount="0"/>
        <line num="84" count="2" type="stmt"/>
        <line num="85" count="2" type="stmt"/>
        <line num="88" count="133" type="cond" truecount="2" falsecount="0"/>
        <line num="89" count="130" type="cond" truecount="2" falsecount="0"/>
        <line num="90" count="2" type="stmt"/>
        <line num="94" count="133" type="cond" truecount="2" falsecount="0"/>
        <line num="95" count="4" type="stmt"/>
        <line num="96" count="4" type="stmt"/>
        <line num="99" count="133" type="cond" truecount="2" falsecount="0"/>
        <line num="100" count="130" type="cond" truecount="2" falsecount="0"/>
        <line num="101" count="2" type="stmt"/>
        <line num="104" count="133" type="cond" truecount="2" falsecount="0"/>
        <line num="105" count="9" type="stmt"/>
        <line num="107" count="133" type="stmt"/>
      </file>
    </package>
    <package name="slider.Presenter">
      <metrics statements="20" coveredstatements="17" conditionals="0" coveredconditionals="0" methods="10" coveredmethods="9"/>
      <file name="Presenter.ts" path="/data/data/com.termux/files/home/slider/src/slider/Presenter/Presenter.ts">
        <metrics statements="20" coveredstatements="17" conditionals="0" coveredconditionals="0" methods="10" coveredmethods="9"/>
        <line num="15" count="59" type="stmt"/>
        <line num="17" count="59" type="stmt"/>
        <line num="18" count="59" type="stmt"/>
        <line num="19" count="59" type="stmt"/>
        <line num="23" count="47" type="stmt"/>
        <line num="27" count="62" type="stmt"/>
        <line num="28" count="62" type="stmt"/>
        <line num="32" count="59" type="stmt"/>
        <line num="36" count="60" type="stmt"/>
        <line num="40" count="60" type="stmt"/>
        <line num="44" count="59" type="stmt"/>
        <line num="45" count="59" type="stmt"/>
        <line num="46" count="59" type="stmt"/>
        <line num="50" count="59" type="stmt"/>
        <line num="51" count="59" type="stmt"/>
        <line num="55" count="62" type="stmt"/>
        <line num="56" count="62" type="stmt"/>
        <line num="60" count="0" type="stmt"/>
        <line num="61" count="0" type="stmt"/>
        <line num="62" count="0" type="stmt"/>
      </file>
    </package>
    <package name="slider.View">
      <metrics statements="168" coveredstatements="147" conditionals="54" coveredconditionals="30" methods="23" coveredmethods="23"/>
      <file name="View.ts" path="/data/data/com.termux/files/home/slider/src/slider/View/View.ts">
        <metrics statements="168" coveredstatements="147" conditionals="54" coveredconditionals="30" methods="23" coveredmethods="23"/>
        <line num="39" count="150" type="stmt"/>
        <line num="41" count="150" type="stmt"/>
        <line num="43" count="150" type="stmt"/>
        <line num="44" count="150" type="stmt"/>
        <line num="46" count="150" type="stmt"/>
        <line num="47" count="150" type="stmt"/>
        <line num="48" count="150" type="stmt"/>
        <line num="49" count="150" type="stmt"/>
        <line num="51" count="150" type="stmt"/>
        <line num="53" count="150" type="stmt"/>
        <line num="59" count="197" type="stmt"/>
        <line num="60" count="197" type="stmt"/>
        <line num="63" count="197" type="stmt"/>
        <line num="65" count="197" type="stmt"/>
        <line num="76" count="197" type="stmt"/>
        <line num="77" count="197" type="stmt"/>
        <line num="79" count="197" type="stmt"/>
        <line num="80" count="197" type="stmt"/>
        <line num="82" count="197" type="stmt"/>
        <line num="86" count="197" type="stmt"/>
        <line num="90" count="197" type="stmt"/>
        <line num="94" count="197" type="stmt"/>
        <line num="98" count="197" type="stmt"/>
        <line num="106" count="319" type="stmt"/>
        <line num="111" count="319" type="stmt"/>
        <line num="112" count="319" type="stmt"/>
        <line num="113" count="319" type="stmt"/>
        <line num="114" count="319" type="stmt"/>
        <line num="116" count="319" type="stmt"/>
        <line num="124" count="47" type="stmt"/>
        <line num="125" count="47" type="stmt"/>
        <line num="126" count="47" type="stmt"/>
        <line num="127" count="47" type="stmt"/>
        <line num="128" count="47" type="stmt"/>
        <line num="129" count="47" type="stmt"/>
        <line num="130" count="47" type="stmt"/>
        <line num="131" count="47" type="stmt"/>
        <line num="132" count="47" type="stmt"/>
        <line num="140" count="198" type="stmt"/>
        <line num="142" count="198" type="stmt"/>
        <line num="144" count="198" type="stmt"/>
        <line num="148" count="197" type="stmt"/>
        <line num="149" count="197" type="stmt"/>
        <line num="150" count="197" type="stmt"/>
        <line num="154" count="197" type="stmt"/>
        <line num="155" count="197" type="stmt"/>
        <line num="156" count="197" type="stmt"/>
        <line num="158" count="197" type="stmt"/>
        <line num="159" count="197" type="stmt"/>
        <line num="163" count="2" type="stmt"/>
        <line num="165" count="2" type="cond" truecount="1" falsecount="1"/>
        <line num="166" count="2" type="stmt"/>
        <line num="168" count="2" type="stmt"/>
        <line num="169" count="2" type="stmt"/>
        <line num="170" count="2" type="stmt"/>
        <line num="171" count="2" type="stmt"/>
        <line num="172" count="2" type="stmt"/>
        <line num="175" count="2" type="stmt"/>
        <line num="176" count="2" type="stmt"/>
        <line num="177" count="2" type="stmt"/>
        <line num="178" count="2" type="stmt"/>
        <line num="185" count="2" type="stmt"/>
        <line num="186" count="2" type="stmt"/>
        <line num="187" count="2" type="stmt"/>
        <line num="189" count="2" type="cond" truecount="1" falsecount="1"/>
        <line num="191" count="2" type="cond" truecount="1" falsecount="1"/>
        <line num="192" count="2" type="cond" truecount="1" falsecount="1"/>
        <line num="193" count="0" type="stmt"/>
        <line num="195" count="2" type="stmt"/>
        <line num="197" count="0" type="cond" truecount="0" falsecount="2"/>
        <line num="198" count="0" type="stmt"/>
        <line num="200" count="0" type="stmt"/>
        <line num="202" count="2" type="stmt"/>
        <line num="206" count="4" type="stmt"/>
        <line num="208" count="4" type="cond" truecount="1" falsecount="1"/>
        <line num="209" count="4" type="cond" truecount="1" falsecount="1"/>
        <line num="211" count="0" type="cond" truecount="0" falsecount="2"/>
        <line num="212" count="0" type="stmt"/>
        <line num="214" count="0" type="stmt"/>
        <line num="220" count="1" type="stmt"/>
        <line num="223" count="1" type="stmt"/>
        <line num="226" count="1" type="stmt"/>
        <line num="228" count="1" type="stmt"/>
        <line num="230" count="1" type="cond" truecount="1" falsecount="1"/>
        <line num="231" count="1" type="stmt"/>
        <line num="234" count="1" type="stmt"/>
        <line num="236" count="1" type="stmt"/>
        <line num="238" count="1" type="stmt"/>
        <line num="240" count="1" type="stmt"/>
        <line num="246" count="2" type="stmt"/>
        <line num="249" count="2" type="stmt"/>
        <line num="250" count="2" type="stmt"/>
        <line num="252" count="2" type="cond" truecount="1" falsecount="1"/>
        <line num="254" count="2" type="cond" truecount="1" falsecount="1"/>
        <line num="255" count="2" type="stmt"/>
        <line num="257" count="0" type="stmt"/>
        <line num="259" count="2" type="stmt"/>
        <line num="260" count="2" type="stmt"/>
        <line num="269" count="5" type="stmt"/>
        <line num="271" count="5" type="stmt"/>
        <line num="272" count="5" type="stmt"/>
        <line num="273" count="5" type="stmt"/>
        <line num="275" count="5" type="cond" truecount="2" falsecount="2"/>
        <line num="276" count="0" type="stmt"/>
        <line num="279" count="0" type="stmt"/>
        <line num="280" count="0" type="stmt"/>
        <line num="283" count="5" type="cond" truecount="2" falsecount="0"/>
        <line num="284" count="3" type="cond" truecount="2" falsecount="0"/>
        <line num="286" count="3" type="cond" truecount="2" falsecount="0"/>
        <line num="287" count="1" type="stmt"/>
        <line num="290" count="1" type="stmt"/>
        <line num="292" count="2" type="stmt"/>
        <line num="295" count="2" type="stmt"/>
        <line num="298" count="2" type="stmt"/>
        <line num="299" count="2" type="cond" truecount="1" falsecount="1"/>
        <line num="300" count="2" type="cond" truecount="1" falsecount="1"/>
        <line num="301" count="2" type="cond" truecount="1" falsecount="1"/>
        <line num="302" count="0" type="stmt"/>
        <line num="305" count="0" type="stmt"/>
        <line num="308" count="2" type="stmt"/>
        <line num="312" count="2" type="stmt"/>
        <line num="314" count="0" type="cond" truecount="0" falsecount="2"/>
        <line num="315" count="0" type="stmt"/>
        <line num="318" count="0" type="stmt"/>
        <line num="321" count="0" type="stmt"/>
        <line num="324" count="0" type="stmt"/>
        <line num="337" count="5" type="stmt"/>
        <line num="338" count="5" type="stmt"/>
        <line num="340" count="5" type="stmt"/>
        <line num="342" count="5" type="stmt"/>
        <line num="343" count="5" type="cond" truecount="1" falsecount="1"/>
        <line num="344" count="5" type="stmt"/>
        <line num="346" count="0" type="stmt"/>
        <line num="348" count="5" type="cond" truecount="1" falsecount="1"/>
        <line num="350" count="5" type="cond" truecount="2" falsecount="0"/>
        <line num="352" count="3" type="stmt"/>
        <line num="354" count="3" type="stmt"/>
        <line num="366" count="5" type="stmt"/>
        <line num="372" count="5" type="stmt"/>
        <line num="374" count="5" type="stmt"/>
        <line num="376" count="5" type="cond" truecount="1" falsecount="1"/>
        <line num="377" count="5" type="stmt"/>
        <line num="378" count="5" type="stmt"/>
        <line num="379" count="5" type="cond" truecount="1" falsecount="1"/>
        <line num="380" count="0" type="stmt"/>
        <line num="381" count="0" type="stmt"/>
        <line num="383" count="5" type="stmt"/>
        <line num="384" count="5" type="stmt"/>
        <line num="386" count="5" type="stmt"/>
        <line num="387" count="5" type="stmt"/>
        <line num="388" count="5" type="stmt"/>
        <line num="389" count="5" type="stmt"/>
        <line num="391" count="5" type="stmt"/>
        <line num="392" count="5" type="stmt"/>
        <line num="394" count="5" type="stmt"/>
        <line num="397" count="5" type="stmt"/>
        <line num="407" count="6" type="stmt"/>
        <line num="408" count="6" type="stmt"/>
        <line num="410" count="6" type="cond" truecount="2" falsecount="0"/>
        <line num="411" count="5" type="stmt"/>
        <line num="413" count="1" type="stmt"/>
        <line num="416" count="6" type="stmt"/>
        <line num="422" count="397" type="stmt"/>
        <line num="423" count="397" type="stmt"/>
        <line num="424" count="397" type="cond" truecount="2" falsecount="0"/>
        <line num="425" count="380" type="stmt"/>
        <line num="427" count="17" type="stmt"/>
        <line num="429" count="397" type="stmt"/>
      </file>
    </package>
    <package name="slider.View.Bar">
      <metrics statements="52" coveredstatements="48" conditionals="16" coveredconditionals="14" methods="10" coveredmethods="10"/>
      <file name="Bar.ts" path="/data/data/com.termux/files/home/slider/src/slider/View/Bar/Bar.ts">
        <metrics statements="52" coveredstatements="48" conditionals="16" coveredconditionals="14" methods="10" coveredmethods="10"/>
        <line num="5" count="198" type="stmt"/>
        <line num="9" count="198" type="stmt"/>
        <line num="11" count="198" type="stmt"/>
        <line num="13" count="198" type="stmt"/>
        <line num="15" count="198" type="stmt"/>
        <line num="16" count="198" type="stmt"/>
        <line num="17" count="198" type="stmt"/>
        <line num="21" count="319" type="stmt"/>
        <line num="23" count="319" type="stmt"/>
        <line num="25" count="319" type="stmt"/>
        <line num="26" count="319" type="stmt"/>
        <line num="32" count="517" type="stmt"/>
        <line num="33" count="517" type="cond" truecount="1" falsecount="1"/>
        <line num="34" count="517" type="cond" truecount="2" falsecount="0"/>
        <line num="35" count="512" type="stmt"/>
        <line num="37" count="5" type="stmt"/>
        <line num="43" count="517" type="stmt"/>
        <line num="45" count="517" type="stmt"/>
        <line num="47" count="517" type="stmt"/>
        <line num="50" count="517" type="stmt"/>
        <line num="54" count="1034" type="stmt"/>
        <line num="56" count="1034" type="cond" truecount="2" falsecount="0"/>
        <line num="57" count="1034" type="stmt"/>
        <line num="59" count="1034" type="stmt"/>
        <line num="65" count="1025" type="stmt"/>
        <line num="66" count="1025" type="stmt"/>
        <line num="70" count="517" type="stmt"/>
        <line num="72" count="517" type="stmt"/>
        <line num="74" count="517" type="cond" truecount="2" falsecount="0"/>
        <line num="76" count="517" type="cond" truecount="2" falsecount="0"/>
        <line num="78" count="517" type="stmt"/>
        <line num="80" count="517" type="stmt"/>
        <line num="82" count="517" type="stmt"/>
        <line num="84" count="517" type="cond" truecount="2" falsecount="0"/>
        <line num="85" count="9" type="cond" truecount="1" falsecount="1"/>
        <line num="86" count="9" type="stmt"/>
        <line num="88" count="9" type="stmt"/>
        <line num="89" count="9" type="stmt"/>
        <line num="91" count="0" type="stmt"/>
        <line num="92" count="0" type="stmt"/>
        <line num="94" count="0" type="stmt"/>
        <line num="95" count="0" type="stmt"/>
        <line num="98" count="508" type="stmt"/>
        <line num="100" count="508" type="stmt"/>
        <line num="102" count="508" type="stmt"/>
        <line num="103" count="508" type="stmt"/>
        <line num="108" count="518" type="stmt"/>
        <line num="110" count="518" type="stmt"/>
        <line num="112" count="518" type="cond" truecount="2" falsecount="0"/>
        <line num="113" count="497" type="stmt"/>
        <line num="115" count="21" type="stmt"/>
        <line num="117" count="518" type="stmt"/>
      </file>
    </package>
    <package name="slider.View.Rollers">
      <metrics statements="97" coveredstatements="97" conditionals="34" coveredconditionals="32" methods="12" coveredmethods="12"/>
      <file name="Rollers.ts" path="/data/data/com.termux/files/home/slider/src/slider/View/Rollers/Rollers.ts">
        <metrics statements="97" coveredstatements="97" conditionals="34" coveredconditionals="32" methods="12" coveredmethods="12"/>
        <line num="7" count="198" type="stmt"/>
        <line num="14" count="198" type="stmt"/>
        <line num="16" count="198" type="stmt"/>
        <line num="17" count="198" type="stmt"/>
        <line num="19" count="198" type="stmt"/>
        <line num="21" count="198" type="stmt"/>
        <line num="25" count="198" type="stmt"/>
        <line num="26" count="198" type="stmt"/>
        <line num="28" count="198" type="stmt"/>
        <line num="29" count="198" type="stmt"/>
        <line num="30" count="198" type="stmt"/>
        <line num="31" count="198" type="stmt"/>
        <line num="37" count="198" type="stmt"/>
        <line num="39" count="198" type="stmt"/>
        <line num="40" count="198" type="stmt"/>
        <line num="41" count="198" type="stmt"/>
        <line num="42" count="198" type="stmt"/>
        <line num="44" count="198" type="stmt"/>
        <line num="45" count="198" type="stmt"/>
        <line num="47" count="198" type="stmt"/>
        <line num="58" count="517" type="stmt"/>
        <line num="62" count="517" type="stmt"/>
        <line num="64" count="517" type="cond" truecount="2" falsecount="0"/>
        <line num="65" count="4" type="stmt"/>
        <line num="70" count="517" type="cond" truecount="2" falsecount="0"/>
        <line num="71" count="513" type="stmt"/>
        <line num="72" count="513" type="stmt"/>
        <line num="75" count="513" type="cond" truecount="2" falsecount="0"/>
        <line num="76" count="7" type="stmt"/>
        <line num="77" count="7" type="stmt"/>
        <line num="81" count="517" type="stmt"/>
        <line num="87" count="1040" type="stmt"/>
        <line num="90" count="1040" type="stmt"/>
        <line num="91" count="1040" type="stmt"/>
        <line num="93" count="1040" type="cond" truecount="2" falsecount="0"/>
        <line num="94" count="8" type="stmt"/>
        <line num="96" count="1032" type="cond" truecount="2" falsecount="0"/>
        <line num="97" count="14" type="stmt"/>
        <line num="99" count="1032" type="cond" truecount="2" falsecount="0"/>
        <line num="100" count="6" type="stmt"/>
        <line num="102" count="1032" type="cond" truecount="2" falsecount="0"/>
        <line num="103" count="1012" type="stmt"/>
        <line num="105" count="1032" type="stmt"/>
        <line num="108" count="1040" type="stmt"/>
        <line num="120" count="517" type="stmt"/>
        <line num="126" count="517" type="stmt"/>
        <line num="127" count="517" type="stmt"/>
        <line num="129" count="517" type="cond" truecount="2" falsecount="0"/>
        <line num="130" count="7" type="stmt"/>
        <line num="133" count="517" type="cond" truecount="2" falsecount="0"/>
        <line num="134" count="7" type="stmt"/>
        <line num="136" count="517" type="cond" truecount="1" falsecount="1"/>
        <line num="137" count="517" type="cond" truecount="2" falsecount="0"/>
        <line num="138" count="6" type="stmt"/>
        <line num="139" count="6" type="stmt"/>
        <line num="141" count="6" type="stmt"/>
        <line num="142" count="6" type="stmt"/>
        <line num="143" count="6" type="stmt"/>
        <line num="144" count="6" type="stmt"/>
        <line num="147" count="517" type="cond" truecount="2" falsecount="0"/>
        <line num="148" count="4" type="stmt"/>
        <line num="149" count="4" type="stmt"/>
        <line num="160" count="517" type="stmt"/>
        <line num="161" count="517" type="cond" truecount="1" falsecount="1"/>
        <line num="162" count="517" type="cond" truecount="2" falsecount="0"/>
        <line num="163" count="512" type="stmt"/>
        <line num="164" count="512" type="stmt"/>
        <line num="166" count="5" type="stmt"/>
        <line num="167" count="5" type="stmt"/>
        <line num="178" count="518" type="stmt"/>
        <line num="180" count="518" type="stmt"/>
        <line num="181" count="518" type="stmt"/>
        <line num="183" count="518" type="stmt"/>
        <line num="184" count="518" type="stmt"/>
        <line num="186" count="518" type="cond" truecount="2" falsecount="0"/>
        <line num="187" count="497" type="stmt"/>
        <line num="188" count="497" type="stmt"/>
        <line num="190" count="21" type="stmt"/>
        <line num="191" count="21" type="stmt"/>
        <line num="198" count="319" type="stmt"/>
        <line num="200" count="319" type="stmt"/>
        <line num="201" count="319" type="stmt"/>
        <line num="202" count="319" type="stmt"/>
        <line num="203" count="319" type="stmt"/>
        <line num="205" count="319" type="stmt"/>
        <line num="206" count="319" type="stmt"/>
        <line num="207" count="319" type="stmt"/>
        <line num="208" count="319" type="stmt"/>
        <line num="218" count="1036" type="stmt"/>
        <line num="220" count="1036" type="cond" truecount="2" falsecount="0"/>
        <line num="222" count="1022" type="stmt"/>
        <line num="228" count="1036" type="stmt"/>
        <line num="229" count="1036" type="stmt"/>
        <line num="235" count="517" type="stmt"/>
        <line num="237" count="517" type="cond" truecount="2" falsecount="0"/>
        <line num="238" count="9" type="stmt"/>
        <line num="240" count="508" type="stmt"/>
      </file>
    </package>
    <package name="slider.View.Scale">
      <metrics statements="94" coveredstatements="93" conditionals="32" coveredconditionals="27" methods="13" coveredmethods="13"/>
      <file name="Scale.ts" path="/data/data/com.termux/files/home/slider/src/slider/View/Scale/Scale.ts">
        <metrics statements="94" coveredstatements="93" conditionals="32" coveredconditionals="27" methods="13" coveredmethods="13"/>
        <line num="7" count="214" type="stmt"/>
        <line num="8" count="214" type="stmt"/>
        <line num="12" count="214" type="stmt"/>
        <line num="13" count="214" type="stmt"/>
        <line num="14" count="214" type="stmt"/>
        <line num="16" count="214" type="stmt"/>
        <line num="18" count="214" type="stmt"/>
        <line num="19" count="214" type="stmt"/>
        <line num="20" count="214" type="stmt"/>
        <line num="24" count="319" type="stmt"/>
        <line num="25" count="319" type="stmt"/>
        <line num="27" count="319" type="stmt"/>
        <line num="29" count="319" type="stmt"/>
        <line num="30" count="319" type="stmt"/>
        <line num="36" count="618" type="stmt"/>
        <line num="38" count="618" type="stmt"/>
        <line num="40" count="618" type="stmt"/>
        <line num="41" count="451" type="cond" truecount="2" falsecount="0"/>
        <line num="42" count="9" type="stmt"/>
        <line num="44" count="442" type="stmt"/>
        <line num="47" count="618" type="stmt"/>
        <line num="51" count="533" type="stmt"/>
        <line num="52" count="533" type="cond" truecount="2" falsecount="0"/>
        <line num="53" count="7" type="stmt"/>
        <line num="54" count="533" type="cond" truecount="2" falsecount="0"/>
        <line num="55" count="526" type="stmt"/>
        <line num="60" count="214" type="stmt"/>
        <line num="61" count="214" type="stmt"/>
        <line num="67" count="214" type="stmt"/>
        <line num="69" count="214" type="stmt"/>
        <line num="70" count="214" type="stmt"/>
        <line num="71" count="214" type="stmt"/>
        <line num="73" count="214" type="stmt"/>
        <line num="74" count="214" type="stmt"/>
        <line num="75" count="214" type="stmt"/>
        <line num="76" count="282" type="cond" truecount="2" falsecount="0"/>
        <line num="77" count="85" type="stmt"/>
        <line num="79" count="85" type="stmt"/>
        <line num="82" count="214" type="stmt"/>
        <line num="84" count="214" type="stmt"/>
        <line num="88" count="215" type="stmt"/>
        <line num="89" count="215" type="stmt"/>
        <line num="90" count="215" type="stmt"/>
        <line num="91" count="215" type="stmt"/>
        <line num="98" count="299" type="stmt"/>
        <line num="100" count="299" type="stmt"/>
        <line num="102" count="299" type="stmt"/>
        <line num="104" count="299" type="stmt"/>
        <line num="105" count="299" type="stmt"/>
        <line num="106" count="299" type="stmt"/>
        <line num="107" count="299" type="stmt"/>
        <line num="108" count="299" type="stmt"/>
        <line num="109" count="299" type="stmt"/>
        <line num="110" count="299" type="stmt"/>
        <line num="111" count="299" type="stmt"/>
        <line num="113" count="299" type="stmt"/>
        <line num="115" count="299" type="stmt"/>
        <line num="117" count="299" type="cond" truecount="2" falsecount="0"/>
        <line num="118" count="298" type="stmt"/>
        <line num="121" count="299" type="cond" truecount="2" falsecount="0"/>
        <line num="122" count="2" type="stmt"/>
        <line num="124" count="299" type="stmt"/>
        <line num="126" count="299" type="cond" truecount="2" falsecount="0"/>
        <line num="127" count="2" type="stmt"/>
        <line num="130" count="299" type="stmt"/>
        <line num="132" count="299" type="stmt"/>
        <line num="134" count="299" type="cond" truecount="2" falsecount="0"/>
        <line num="135" count="291" type="stmt"/>
        <line num="137" count="8" type="stmt"/>
        <line num="142" count="300" type="stmt"/>
        <line num="143" count="300" type="stmt"/>
        <line num="149" count="1" type="stmt"/>
        <line num="150" count="1" type="stmt"/>
        <line num="151" count="1" type="stmt"/>
        <line num="153" count="1" type="cond" truecount="1" falsecount="1"/>
        <line num="154" count="1" type="cond" truecount="1" falsecount="1"/>
        <line num="155" count="1" type="cond" truecount="1" falsecount="1"/>
        <line num="156" count="0" type="cond" truecount="0" falsecount="2"/>
        <line num="158" count="1" type="stmt"/>
        <line num="160" count="1" type="stmt"/>
        <line num="161" count="1" type="stmt"/>
        <line num="165" count="301" type="stmt"/>
        <line num="166" count="301" type="stmt"/>
        <line num="167" count="301" type="stmt"/>
        <line num="169" count="301" type="cond" truecount="2" falsecount="0"/>
        <line num="170" count="1" type="stmt"/>
        <line num="172" count="300" type="cond" truecount="2" falsecount="0"/>
        <line num="173" count="2" type="stmt"/>
        <line num="175" count="300" type="cond" truecount="2" falsecount="0"/>
        <line num="176" count="1" type="stmt"/>
        <line num="178" count="300" type="cond" truecount="2" falsecount="0"/>
        <line num="179" count="297" type="stmt"/>
        <line num="181" count="300" type="stmt"/>
        <line num="183" count="301" type="stmt"/>
      </file>
    </package>
    <package name="slider.View.Track">
      <metrics statements="48" coveredstatements="45" conditionals="20" coveredconditionals="18" methods="6" coveredmethods="6"/>
      <file name="Track.ts" path="/data/data/com.termux/files/home/slider/src/slider/View/Track/Track.ts">
        <metrics statements="48" coveredstatements="45" conditionals="20" coveredconditionals="18" methods="6" coveredmethods="6"/>
        <line num="5" count="197" type="stmt"/>
        <line num="9" count="197" type="stmt"/>
        <line num="11" count="197" type="stmt"/>
        <line num="13" count="197" type="stmt"/>
        <line num="15" count="197" type="stmt"/>
        <line num="16" count="197" type="stmt"/>
        <line num="20" count="197" type="stmt"/>
        <line num="21" count="197" type="stmt"/>
        <line num="22" count="197" type="stmt"/>
        <line num="23" count="197" type="stmt"/>
        <line num="24" count="197" type="stmt"/>
        <line num="25" count="197" type="stmt"/>
        <line num="26" count="197" type="stmt"/>
        <line num="28" count="197" type="stmt"/>
        <line num="34" count="516" type="stmt"/>
        <line num="36" count="516" type="stmt"/>
        <line num="38" count="516" type="cond" truecount="2" falsecount="0"/>
        <line num="39" count="5" type="stmt"/>
        <line num="43" count="516" type="cond" truecount="2" falsecount="0"/>
        <line num="44" count="7" type="stmt"/>
        <line num="45" count="7" type="stmt"/>
        <line num="47" count="516" type="cond" truecount="2" falsecount="0"/>
        <line num="48" count="6" type="stmt"/>
        <line num="49" count="6" type="stmt"/>
        <line num="53" count="516" type="cond" truecount="2" falsecount="0"/>
        <line num="54" count="7" type="cond" truecount="1" falsecount="1"/>
        <line num="55" count="0" type="stmt"/>
        <line num="56" count="0" type="stmt"/>
        <line num="58" count="7" type="cond" truecount="2" falsecount="0"/>
        <line num="59" count="1" type="stmt"/>
        <line num="60" count="1" type="stmt"/>
        <line num="66" count="28" type="stmt"/>
        <line num="67" count="28" type="stmt"/>
        <line num="68" count="28" type="stmt"/>
        <line num="70" count="28" type="cond" truecount="2" falsecount="0"/>
        <line num="71" count="2" type="stmt"/>
        <line num="73" count="26" type="cond" truecount="2" falsecount="0"/>
        <line num="74" count="2" type="stmt"/>
        <line num="76" count="26" type="cond" truecount="1" falsecount="1"/>
        <line num="77" count="0" type="stmt"/>
        <line num="79" count="26" type="cond" truecount="2" falsecount="0"/>
        <line num="80" count="24" type="stmt"/>
        <line num="82" count="26" type="stmt"/>
        <line num="84" count="28" type="stmt"/>
        <line num="88" count="319" type="stmt"/>
        <line num="90" count="319" type="stmt"/>
        <line num="91" count="319" type="stmt"/>
        <line num="93" count="319" type="stmt"/>
      </file>
    </package>
    <package name="slider.interfaces">
      <metrics statements="2" coveredstatements="2" conditionals="0" coveredconditionals="0" methods="0" coveredmethods="0"/>
      <file name="color.ts" path="/data/data/com.termux/files/home/slider/src/slider/interfaces/color.ts">
        <metrics statements="1" coveredstatements="1" conditionals="0" coveredconditionals="0" methods="0" coveredmethods="0"/>
        <line num="1" count="8" type="stmt"/>
      </file>
      <file name="interfaces.ts" path="/data/data/com.termux/files/home/slider/src/slider/interfaces/interfaces.ts">
        <metrics statements="0" coveredstatements="0" conditionals="0" coveredconditionals="0" methods="0" coveredmethods="0"/>
      </file>
      <file name="standardOptions.ts" path="/data/data/com.termux/files/home/slider/src/slider/interfaces/standardOptions.ts">
        <metrics statements="1" coveredstatements="1" conditionals="0" coveredconditionals="0" methods="0" coveredmethods="0"/>
        <line num="4" count="8" type="stmt"/>
      </file>
    </package>
  </project>
</coverage>
