{"/data/data/com.termux/files/home/slider/src/Bar.ts": {"path":"/data/data/com.termux/files/home/slider/src/Bar.ts","statementMap":{"0":{"start":{"line":5,"column":4},"end":{"line":5,"column":25}},"1":{"start":{"line":9,"column":23},"end":{"line":9,"column":30}},"2":{"start":{"line":11,"column":16},"end":{"line":11,"column":68}},"3":{"start":{"line":13,"column":4},"end":{"line":13,"column":35}},"4":{"start":{"line":14,"column":4},"end":{"line":14,"column":33}},"5":{"start":{"line":18,"column":36},"end":{"line":18,"column":43}},"6":{"start":{"line":20,"column":16},"end":{"line":20,"column":45}},"7":{"start":{"line":22,"column":4},"end":{"line":22,"column":61}},"8":{"start":{"line":24,"column":4},"end":{"line":24,"column":23}},"9":{"start":{"line":26,"column":4},"end":{"line":26,"column":35}},"10":{"start":{"line":27,"column":4},"end":{"line":27,"column":33}},"11":{"start":{"line":31,"column":22},"end":{"line":31,"column":29}},"12":{"start":{"line":32,"column":4},"end":{"line":32,"column":38}},"13":{"start":{"line":36,"column":36},"end":{"line":36,"column":43}},"14":{"start":{"line":38,"column":20},"end":{"line":38,"column":62}},"15":{"start":{"line":40,"column":30},"end":{"line":45,"column":5}},"16":{"start":{"line":41,"column":35},"end":{"line":41,"column":80}},"17":{"start":{"line":42,"column":20},"end":{"line":42,"column":72}},"18":{"start":{"line":44,"column":6},"end":{"line":44,"column":63}},"19":{"start":{"line":47,"column":29},"end":{"line":48,"column":36}},"20":{"start":{"line":50,"column":4},"end":{"line":50,"column":50}},"21":{"start":{"line":50,"column":43},"end":{"line":50,"column":48}},"22":{"start":{"line":56,"column":8},"end":{"line":56,"column":15}},"23":{"start":{"line":58,"column":25},"end":{"line":58,"column":53}},"24":{"start":{"line":60,"column":33},"end":{"line":60,"column":62}},"25":{"start":{"line":62,"column":42},"end":{"line":62,"column":75}},"26":{"start":{"line":64,"column":22},"end":{"line":64,"column":54}},"27":{"start":{"line":66,"column":21},"end":{"line":66,"column":38}},"28":{"start":{"line":68,"column":4},"end":{"line":88,"column":5}},"29":{"start":{"line":69,"column":6},"end":{"line":80,"column":7}},"30":{"start":{"line":70,"column":19},"end":{"line":70,"column":87}},"31":{"start":{"line":72,"column":8},"end":{"line":72,"column":31}},"32":{"start":{"line":73,"column":8},"end":{"line":73,"column":40}},"33":{"start":{"line":75,"column":21},"end":{"line":75,"column":89}},"34":{"start":{"line":76,"column":19},"end":{"line":76,"column":29}},"35":{"start":{"line":78,"column":8},"end":{"line":78,"column":37}},"36":{"start":{"line":79,"column":8},"end":{"line":79,"column":40}},"37":{"start":{"line":82,"column":19},"end":{"line":82,"column":87}},"38":{"start":{"line":84,"column":17},"end":{"line":84,"column":88}},"39":{"start":{"line":86,"column":6},"end":{"line":86,"column":35}},"40":{"start":{"line":87,"column":6},"end":{"line":87,"column":38}},"41":{"start":{"line":94,"column":8},"end":{"line":94,"column":15}},"42":{"start":{"line":95,"column":4},"end":{"line":95,"column":32}}},"fnMap":{"0":{"name":"(anonymous_0)","decl":{"start":{"line":4,"column":2},"end":{"line":4,"column":3}},"loc":{"start":{"line":4,"column":34},"end":{"line":6,"column":3}},"line":4},"1":{"name":"(anonymous_1)","decl":{"start":{"line":8,"column":2},"end":{"line":8,"column":3}},"loc":{"start":{"line":8,"column":41},"end":{"line":15,"column":3}},"line":8},"2":{"name":"(anonymous_2)","decl":{"start":{"line":17,"column":2},"end":{"line":17,"column":3}},"loc":{"start":{"line":17,"column":43},"end":{"line":28,"column":3}},"line":17},"3":{"name":"(anonymous_3)","decl":{"start":{"line":30,"column":2},"end":{"line":30,"column":3}},"loc":{"start":{"line":30,"column":60},"end":{"line":33,"column":3}},"line":30},"4":{"name":"(anonymous_4)","decl":{"start":{"line":35,"column":2},"end":{"line":35,"column":3}},"loc":{"start":{"line":35,"column":59},"end":{"line":51,"column":3}},"line":35},"5":{"name":"(anonymous_5)","decl":{"start":{"line":40,"column":30},"end":{"line":40,"column":31}},"loc":{"start":{"line":40,"column":60},"end":{"line":45,"column":5}},"line":40},"6":{"name":"(anonymous_6)","decl":{"start":{"line":50,"column":33},"end":{"line":50,"column":34}},"loc":{"start":{"line":50,"column":43},"end":{"line":50,"column":48}},"line":50},"7":{"name":"(anonymous_7)","decl":{"start":{"line":53,"column":2},"end":{"line":53,"column":3}},"loc":{"start":{"line":53,"column":58},"end":{"line":89,"column":3}},"line":53},"8":{"name":"(anonymous_8)","decl":{"start":{"line":91,"column":2},"end":{"line":91,"column":3}},"loc":{"start":{"line":91,"column":72},"end":{"line":96,"column":3}},"line":91}},"branchMap":{"0":{"loc":{"start":{"line":41,"column":35},"end":{"line":41,"column":80}},"type":"cond-expr","locations":[{"start":{"line":41,"column":66},"end":{"line":41,"column":72}},{"start":{"line":41,"column":75},"end":{"line":41,"column":80}}],"line":41},"1":{"loc":{"start":{"line":60,"column":33},"end":{"line":60,"column":62}},"type":"cond-expr","locations":[{"start":{"line":60,"column":48},"end":{"line":60,"column":54}},{"start":{"line":60,"column":57},"end":{"line":60,"column":62}}],"line":60},"2":{"loc":{"start":{"line":62,"column":42},"end":{"line":62,"column":75}},"type":"cond-expr","locations":[{"start":{"line":62,"column":57},"end":{"line":62,"column":64}},{"start":{"line":62,"column":67},"end":{"line":62,"column":75}}],"line":62},"3":{"loc":{"start":{"line":68,"column":4},"end":{"line":88,"column":5}},"type":"if","locations":[{"start":{"line":68,"column":4},"end":{"line":88,"column":5}},{"start":{"line":68,"column":4},"end":{"line":88,"column":5}}],"line":68},"4":{"loc":{"start":{"line":69,"column":6},"end":{"line":80,"column":7}},"type":"if","locations":[{"start":{"line":69,"column":6},"end":{"line":80,"column":7}},{"start":{"line":69,"column":6},"end":{"line":80,"column":7}}],"line":69}},"s":{"0":0,"1":0,"2":0,"3":0,"4":0,"5":0,"6":0,"7":0,"8":0,"9":0,"10":0,"11":0,"12":0,"13":0,"14":0,"15":0,"16":0,"17":0,"18":0,"19":0,"20":0,"21":0,"22":0,"23":0,"24":0,"25":0,"26":0,"27":0,"28":0,"29":0,"30":0,"31":0,"32":0,"33":0,"34":0,"35":0,"36":0,"37":0,"38":0,"39":0,"40":0,"41":0,"42":0},"f":{"0":0,"1":0,"2":0,"3":0,"4":0,"5":0,"6":0,"7":0,"8":0},"b":{"0":[0,0],"1":[0,0],"2":[0,0],"3":[0,0],"4":[0,0]},"_coverageSchema":"1a1c01bbd47fc00a2c39e90264f33305004495a9","hash":"183b3aacfdc8ee170f2852a0fb9fe267c5a49f9f"}
,"/data/data/com.termux/files/home/slider/src/Demo.ts": {"path":"/data/data/com.termux/files/home/slider/src/Demo.ts","statementMap":{"0":{"start":{"line":11,"column":4},"end":{"line":11,"column":37}},"1":{"start":{"line":12,"column":4},"end":{"line":12,"column":40}},"2":{"start":{"line":13,"column":4},"end":{"line":13,"column":16}},"3":{"start":{"line":17,"column":4},"end":{"line":17,"column":50}},"4":{"start":{"line":18,"column":4},"end":{"line":18,"column":21}},"5":{"start":{"line":22,"column":4},"end":{"line":22,"column":26}},"6":{"start":{"line":23,"column":4},"end":{"line":23,"column":21}},"7":{"start":{"line":25,"column":4},"end":{"line":25,"column":41}},"8":{"start":{"line":27,"column":4},"end":{"line":27,"column":67}},"9":{"start":{"line":31,"column":22},"end":{"line":31,"column":51}},"10":{"start":{"line":32,"column":4},"end":{"line":32,"column":38}},"11":{"start":{"line":33,"column":4},"end":{"line":33,"column":21}},"12":{"start":{"line":37,"column":25},"end":{"line":37,"column":35}},"13":{"start":{"line":39,"column":19},"end":{"line":39,"column":67}},"14":{"start":{"line":40,"column":4},"end":{"line":40,"column":34}},"15":{"start":{"line":41,"column":4},"end":{"line":41,"column":65}},"16":{"start":{"line":48,"column":8},"end":{"line":48,"column":18}},"17":{"start":{"line":50,"column":26},"end":{"line":50,"column":89}},"18":{"start":{"line":51,"column":24},"end":{"line":51,"column":83}},"19":{"start":{"line":52,"column":18},"end":{"line":52,"column":77}},"20":{"start":{"line":53,"column":21},"end":{"line":53,"column":81}},"21":{"start":{"line":54,"column":22},"end":{"line":54,"column":83}},"22":{"start":{"line":55,"column":20},"end":{"line":55,"column":79}},"23":{"start":{"line":56,"column":21},"end":{"line":56,"column":81}},"24":{"start":{"line":57,"column":21},"end":{"line":57,"column":81}},"25":{"start":{"line":58,"column":24},"end":{"line":58,"column":87}},"26":{"start":{"line":59,"column":22},"end":{"line":59,"column":83}},"27":{"start":{"line":60,"column":23},"end":{"line":60,"column":85}},"28":{"start":{"line":61,"column":26},"end":{"line":61,"column":91}},"29":{"start":{"line":62,"column":29},"end":{"line":62,"column":98}},"30":{"start":{"line":64,"column":4},"end":{"line":75,"column":6}},"31":{"start":{"line":65,"column":6},"end":{"line":69,"column":7}},"32":{"start":{"line":66,"column":8},"end":{"line":66,"column":51}},"33":{"start":{"line":68,"column":8},"end":{"line":68,"column":33}},"34":{"start":{"line":70,"column":6},"end":{"line":74,"column":7}},"35":{"start":{"line":71,"column":8},"end":{"line":71,"column":53}},"36":{"start":{"line":73,"column":8},"end":{"line":73,"column":33}},"37":{"start":{"line":76,"column":4},"end":{"line":83,"column":6}},"38":{"start":{"line":77,"column":6},"end":{"line":79,"column":7}},"39":{"start":{"line":78,"column":8},"end":{"line":78,"column":48}},"40":{"start":{"line":80,"column":6},"end":{"line":82,"column":7}},"41":{"start":{"line":81,"column":8},"end":{"line":81,"column":47}},"42":{"start":{"line":84,"column":4},"end":{"line":90,"column":6}},"43":{"start":{"line":85,"column":6},"end":{"line":89,"column":7}},"44":{"start":{"line":86,"column":8},"end":{"line":86,"column":41}},"45":{"start":{"line":88,"column":8},"end":{"line":88,"column":42}},"46":{"start":{"line":92,"column":4},"end":{"line":98,"column":6}},"47":{"start":{"line":93,"column":6},"end":{"line":95,"column":7}},"48":{"start":{"line":94,"column":8},"end":{"line":94,"column":42}},"49":{"start":{"line":95,"column":8},"end":{"line":97,"column":7}},"50":{"start":{"line":96,"column":8},"end":{"line":96,"column":41}},"51":{"start":{"line":100,"column":4},"end":{"line":106,"column":6}},"52":{"start":{"line":101,"column":6},"end":{"line":105,"column":7}},"53":{"start":{"line":102,"column":8},"end":{"line":102,"column":42}},"54":{"start":{"line":104,"column":8},"end":{"line":104,"column":42}},"55":{"start":{"line":108,"column":4},"end":{"line":108,"column":31}},"56":{"start":{"line":110,"column":4},"end":{"line":114,"column":6}},"57":{"start":{"line":111,"column":24},"end":{"line":111,"column":35}},"58":{"start":{"line":113,"column":6},"end":{"line":113,"column":39}},"59":{"start":{"line":116,"column":4},"end":{"line":116,"column":35}},"60":{"start":{"line":118,"column":4},"end":{"line":122,"column":6}},"61":{"start":{"line":119,"column":20},"end":{"line":119,"column":43}},"62":{"start":{"line":121,"column":6},"end":{"line":121,"column":37}},"63":{"start":{"line":124,"column":4},"end":{"line":124,"column":31}},"64":{"start":{"line":126,"column":4},"end":{"line":130,"column":6}},"65":{"start":{"line":127,"column":20},"end":{"line":127,"column":41}},"66":{"start":{"line":129,"column":6},"end":{"line":129,"column":35}},"67":{"start":{"line":132,"column":4},"end":{"line":132,"column":33}},"68":{"start":{"line":134,"column":4},"end":{"line":139,"column":6}},"69":{"start":{"line":135,"column":20},"end":{"line":135,"column":42}},"70":{"start":{"line":137,"column":6},"end":{"line":137,"column":36}},"71":{"start":{"line":138,"column":6},"end":{"line":138,"column":31}},"72":{"start":{"line":141,"column":4},"end":{"line":141,"column":33}},"73":{"start":{"line":143,"column":4},"end":{"line":148,"column":6}},"74":{"start":{"line":144,"column":20},"end":{"line":144,"column":42}},"75":{"start":{"line":146,"column":6},"end":{"line":146,"column":36}},"76":{"start":{"line":147,"column":6},"end":{"line":147,"column":31}},"77":{"start":{"line":149,"column":4},"end":{"line":149,"column":35}},"78":{"start":{"line":151,"column":4},"end":{"line":156,"column":6}},"79":{"start":{"line":152,"column":20},"end":{"line":152,"column":43}},"80":{"start":{"line":154,"column":6},"end":{"line":154,"column":37}},"81":{"start":{"line":155,"column":6},"end":{"line":155,"column":31}},"82":{"start":{"line":157,"column":4},"end":{"line":157,"column":37}},"83":{"start":{"line":159,"column":4},"end":{"line":162,"column":6}},"84":{"start":{"line":160,"column":24},"end":{"line":160,"column":34}},"85":{"start":{"line":161,"column":6},"end":{"line":161,"column":38}},"86":{"start":{"line":164,"column":4},"end":{"line":164,"column":41}},"87":{"start":{"line":166,"column":4},"end":{"line":169,"column":6}},"88":{"start":{"line":167,"column":24},"end":{"line":167,"column":40}},"89":{"start":{"line":168,"column":6},"end":{"line":168,"column":44}},"90":{"start":{"line":173,"column":4},"end":{"line":173,"column":50}},"91":{"start":{"line":174,"column":4},"end":{"line":174,"column":39}}},"fnMap":{"0":{"name":"(anonymous_0)","decl":{"start":{"line":10,"column":2},"end":{"line":10,"column":3}},"loc":{"start":{"line":10,"column":41},"end":{"line":14,"column":3}},"line":10},"1":{"name":"(anonymous_1)","decl":{"start":{"line":16,"column":2},"end":{"line":16,"column":3}},"loc":{"start":{"line":16,"column":46},"end":{"line":19,"column":3}},"line":16},"2":{"name":"(anonymous_2)","decl":{"start":{"line":21,"column":2},"end":{"line":21,"column":3}},"loc":{"start":{"line":21,"column":17},"end":{"line":28,"column":3}},"line":21},"3":{"name":"(anonymous_3)","decl":{"start":{"line":30,"column":2},"end":{"line":30,"column":3}},"loc":{"start":{"line":30,"column":37},"end":{"line":34,"column":3}},"line":30},"4":{"name":"(anonymous_4)","decl":{"start":{"line":36,"column":2},"end":{"line":36,"column":3}},"loc":{"start":{"line":36,"column":27},"end":{"line":42,"column":3}},"line":36},"5":{"name":"(anonymous_5)","decl":{"start":{"line":44,"column":2},"end":{"line":44,"column":3}},"loc":{"start":{"line":44,"column":22},"end":{"line":170,"column":3}},"line":44},"6":{"name":"(anonymous_6)","decl":{"start":{"line":64,"column":29},"end":{"line":64,"column":30}},"loc":{"start":{"line":64,"column":35},"end":{"line":75,"column":5}},"line":64},"7":{"name":"(anonymous_7)","decl":{"start":{"line":76,"column":29},"end":{"line":76,"column":30}},"loc":{"start":{"line":76,"column":35},"end":{"line":83,"column":5}},"line":76},"8":{"name":"(anonymous_8)","decl":{"start":{"line":84,"column":27},"end":{"line":84,"column":28}},"loc":{"start":{"line":84,"column":33},"end":{"line":90,"column":5}},"line":84},"9":{"name":"(anonymous_9)","decl":{"start":{"line":92,"column":21},"end":{"line":92,"column":22}},"loc":{"start":{"line":92,"column":27},"end":{"line":98,"column":5}},"line":92},"10":{"name":"(anonymous_10)","decl":{"start":{"line":100,"column":24},"end":{"line":100,"column":25}},"loc":{"start":{"line":100,"column":30},"end":{"line":106,"column":5}},"line":100},"11":{"name":"(anonymous_11)","decl":{"start":{"line":110,"column":27},"end":{"line":110,"column":28}},"loc":{"start":{"line":110,"column":33},"end":{"line":114,"column":5}},"line":110},"12":{"name":"(anonymous_12)","decl":{"start":{"line":118,"column":25},"end":{"line":118,"column":26}},"loc":{"start":{"line":118,"column":31},"end":{"line":122,"column":5}},"line":118},"13":{"name":"(anonymous_13)","decl":{"start":{"line":126,"column":23},"end":{"line":126,"column":24}},"loc":{"start":{"line":126,"column":29},"end":{"line":130,"column":5}},"line":126},"14":{"name":"(anonymous_14)","decl":{"start":{"line":134,"column":24},"end":{"line":134,"column":25}},"loc":{"start":{"line":134,"column":30},"end":{"line":139,"column":5}},"line":134},"15":{"name":"(anonymous_15)","decl":{"start":{"line":143,"column":24},"end":{"line":143,"column":25}},"loc":{"start":{"line":143,"column":30},"end":{"line":148,"column":5}},"line":143},"16":{"name":"(anonymous_16)","decl":{"start":{"line":151,"column":25},"end":{"line":151,"column":26}},"loc":{"start":{"line":151,"column":31},"end":{"line":156,"column":5}},"line":151},"17":{"name":"(anonymous_17)","decl":{"start":{"line":159,"column":26},"end":{"line":159,"column":27}},"loc":{"start":{"line":159,"column":32},"end":{"line":162,"column":5}},"line":159},"18":{"name":"(anonymous_18)","decl":{"start":{"line":166,"column":32},"end":{"line":166,"column":33}},"loc":{"start":{"line":166,"column":38},"end":{"line":169,"column":5}},"line":166},"19":{"name":"(anonymous_19)","decl":{"start":{"line":172,"column":2},"end":{"line":172,"column":3}},"loc":{"start":{"line":172,"column":49},"end":{"line":175,"column":3}},"line":172}},"branchMap":{"0":{"loc":{"start":{"line":65,"column":6},"end":{"line":69,"column":7}},"type":"if","locations":[{"start":{"line":65,"column":6},"end":{"line":69,"column":7}},{"start":{"line":65,"column":6},"end":{"line":69,"column":7}}],"line":65},"1":{"loc":{"start":{"line":70,"column":6},"end":{"line":74,"column":7}},"type":"if","locations":[{"start":{"line":70,"column":6},"end":{"line":74,"column":7}},{"start":{"line":70,"column":6},"end":{"line":74,"column":7}}],"line":70},"2":{"loc":{"start":{"line":77,"column":6},"end":{"line":79,"column":7}},"type":"if","locations":[{"start":{"line":77,"column":6},"end":{"line":79,"column":7}},{"start":{"line":77,"column":6},"end":{"line":79,"column":7}}],"line":77},"3":{"loc":{"start":{"line":80,"column":6},"end":{"line":82,"column":7}},"type":"if","locations":[{"start":{"line":80,"column":6},"end":{"line":82,"column":7}},{"start":{"line":80,"column":6},"end":{"line":82,"column":7}}],"line":80},"4":{"loc":{"start":{"line":85,"column":6},"end":{"line":89,"column":7}},"type":"if","locations":[{"start":{"line":85,"column":6},"end":{"line":89,"column":7}},{"start":{"line":85,"column":6},"end":{"line":89,"column":7}}],"line":85},"5":{"loc":{"start":{"line":93,"column":6},"end":{"line":95,"column":7}},"type":"if","locations":[{"start":{"line":93,"column":6},"end":{"line":95,"column":7}},{"start":{"line":93,"column":6},"end":{"line":95,"column":7}}],"line":93},"6":{"loc":{"start":{"line":95,"column":8},"end":{"line":97,"column":7}},"type":"if","locations":[{"start":{"line":95,"column":8},"end":{"line":97,"column":7}},{"start":{"line":95,"column":8},"end":{"line":97,"column":7}}],"line":95},"7":{"loc":{"start":{"line":101,"column":6},"end":{"line":105,"column":7}},"type":"if","locations":[{"start":{"line":101,"column":6},"end":{"line":105,"column":7}},{"start":{"line":101,"column":6},"end":{"line":105,"column":7}}],"line":101}},"s":{"0":0,"1":0,"2":0,"3":0,"4":0,"5":0,"6":0,"7":0,"8":0,"9":0,"10":0,"11":0,"12":0,"13":0,"14":0,"15":0,"16":0,"17":0,"18":0,"19":0,"20":0,"21":0,"22":0,"23":0,"24":0,"25":0,"26":0,"27":0,"28":0,"29":0,"30":0,"31":0,"32":0,"33":0,"34":0,"35":0,"36":0,"37":0,"38":0,"39":0,"40":0,"41":0,"42":0,"43":0,"44":0,"45":0,"46":0,"47":0,"48":0,"49":0,"50":0,"51":0,"52":0,"53":0,"54":0,"55":0,"56":0,"57":0,"58":0,"59":0,"60":0,"61":0,"62":0,"63":0,"64":0,"65":0,"66":0,"67":0,"68":0,"69":0,"70":0,"71":0,"72":0,"73":0,"74":0,"75":0,"76":0,"77":0,"78":0,"79":0,"80":0,"81":0,"82":0,"83":0,"84":0,"85":0,"86":0,"87":0,"88":0,"89":0,"90":0,"91":0},"f":{"0":0,"1":0,"2":0,"3":0,"4":0,"5":0,"6":0,"7":0,"8":0,"9":0,"10":0,"11":0,"12":0,"13":0,"14":0,"15":0,"16":0,"17":0,"18":0,"19":0},"b":{"0":[0,0],"1":[0,0],"2":[0,0],"3":[0,0],"4":[0,0],"5":[0,0],"6":[0,0],"7":[0,0]},"_coverageSchema":"1a1c01bbd47fc00a2c39e90264f33305004495a9","hash":"4db2ee0b3779cff4b6374ea1685be151ba2a98bc"}
,"/data/data/com.termux/files/home/slider/src/Model.ts": {"path":"/data/data/com.termux/files/home/slider/src/Model.ts","statementMap":{"0":{"start":{"line":11,"column":4},"end":{"line":11,"column":39}},"1":{"start":{"line":13,"column":4},"end":{"line":13,"column":36}},"2":{"start":{"line":17,"column":37},"end":{"line":17,"column":66}},"3":{"start":{"line":18,"column":36},"end":{"line":18,"column":64}},"4":{"start":{"line":19,"column":40},"end":{"line":19,"column":72}},"5":{"start":{"line":21,"column":4},"end":{"line":21,"column":40}},"6":{"start":{"line":22,"column":4},"end":{"line":22,"column":39}},"7":{"start":{"line":23,"column":4},"end":{"line":23,"column":43}},"8":{"start":{"line":25,"column":4},"end":{"line":25,"column":56}},"9":{"start":{"line":29,"column":4},"end":{"line":29,"column":43}},"10":{"start":{"line":30,"column":4},"end":{"line":30,"column":26}},"11":{"start":{"line":31,"column":4},"end":{"line":31,"column":22}},"12":{"start":{"line":35,"column":31},"end":{"line":35,"column":38}},"13":{"start":{"line":37,"column":4},"end":{"line":37,"column":35}},"14":{"start":{"line":37,"column":18},"end":{"line":37,"column":35}},"15":{"start":{"line":40,"column":4},"end":{"line":40,"column":37}},"16":{"start":{"line":40,"column":19},"end":{"line":40,"column":37}},"17":{"start":{"line":41,"column":20},"end":{"line":41,"column":27}},"18":{"start":{"line":43,"column":4},"end":{"line":43,"column":47}},"19":{"start":{"line":43,"column":24},"end":{"line":43,"column":47}},"20":{"start":{"line":44,"column":4},"end":{"line":44,"column":19}},"21":{"start":{"line":50,"column":8},"end":{"line":50,"column":15}},"22":{"start":{"line":51,"column":4},"end":{"line":53,"column":5}},"23":{"start":{"line":52,"column":6},"end":{"line":52,"column":23}},"24":{"start":{"line":55,"column":4},"end":{"line":55,"column":39}},"25":{"start":{"line":55,"column":20},"end":{"line":55,"column":39}},"26":{"start":{"line":56,"column":4},"end":{"line":56,"column":35}},"27":{"start":{"line":56,"column":18},"end":{"line":56,"column":35}},"28":{"start":{"line":57,"column":4},"end":{"line":57,"column":39}},"29":{"start":{"line":57,"column":20},"end":{"line":57,"column":39}},"30":{"start":{"line":58,"column":4},"end":{"line":58,"column":37}},"31":{"start":{"line":58,"column":19},"end":{"line":58,"column":37}},"32":{"start":{"line":59,"column":4},"end":{"line":62,"column":5}},"33":{"start":{"line":60,"column":6},"end":{"line":60,"column":23}},"34":{"start":{"line":61,"column":6},"end":{"line":61,"column":25}},"35":{"start":{"line":63,"column":4},"end":{"line":66,"column":5}},"36":{"start":{"line":64,"column":6},"end":{"line":64,"column":25}},"37":{"start":{"line":65,"column":6},"end":{"line":65,"column":23}},"38":{"start":{"line":67,"column":4},"end":{"line":67,"column":19}},"39":{"start":{"line":74,"column":8},"end":{"line":74,"column":15}},"40":{"start":{"line":76,"column":4},"end":{"line":76,"column":91}},"41":{"start":{"line":76,"column":37},"end":{"line":76,"column":91}},"42":{"start":{"line":78,"column":4},"end":{"line":78,"column":85}},"43":{"start":{"line":78,"column":35},"end":{"line":78,"column":85}},"44":{"start":{"line":80,"column":4},"end":{"line":80,"column":70}},"45":{"start":{"line":80,"column":30},"end":{"line":80,"column":70}},"46":{"start":{"line":82,"column":4},"end":{"line":82,"column":58}},"47":{"start":{"line":82,"column":26},"end":{"line":82,"column":58}},"48":{"start":{"line":84,"column":4},"end":{"line":84,"column":64}},"49":{"start":{"line":84,"column":28},"end":{"line":84,"column":64}},"50":{"start":{"line":86,"column":4},"end":{"line":86,"column":61}},"51":{"start":{"line":86,"column":27},"end":{"line":86,"column":61}},"52":{"start":{"line":88,"column":4},"end":{"line":88,"column":61}},"53":{"start":{"line":88,"column":27},"end":{"line":88,"column":61}},"54":{"start":{"line":90,"column":4},"end":{"line":90,"column":64}},"55":{"start":{"line":90,"column":28},"end":{"line":90,"column":64}},"56":{"start":{"line":92,"column":4},"end":{"line":92,"column":64}},"57":{"start":{"line":92,"column":28},"end":{"line":92,"column":64}},"58":{"start":{"line":94,"column":4},"end":{"line":94,"column":85}},"59":{"start":{"line":94,"column":35},"end":{"line":94,"column":85}},"60":{"start":{"line":96,"column":4},"end":{"line":96,"column":76}},"61":{"start":{"line":96,"column":32},"end":{"line":96,"column":76}},"62":{"start":{"line":98,"column":4},"end":{"line":98,"column":73}},"63":{"start":{"line":98,"column":31},"end":{"line":98,"column":73}},"64":{"start":{"line":100,"column":4},"end":{"line":100,"column":73}},"65":{"start":{"line":100,"column":31},"end":{"line":100,"column":73}},"66":{"start":{"line":102,"column":4},"end":{"line":102,"column":67}},"67":{"start":{"line":102,"column":29},"end":{"line":102,"column":67}},"68":{"start":{"line":104,"column":4},"end":{"line":104,"column":19}}},"fnMap":{"0":{"name":"(anonymous_0)","decl":{"start":{"line":10,"column":2},"end":{"line":10,"column":3}},"loc":{"start":{"line":10,"column":32},"end":{"line":14,"column":3}},"line":10},"1":{"name":"(anonymous_1)","decl":{"start":{"line":16,"column":2},"end":{"line":16,"column":3}},"loc":{"start":{"line":16,"column":41},"end":{"line":26,"column":3}},"line":16},"2":{"name":"(anonymous_2)","decl":{"start":{"line":28,"column":2},"end":{"line":28,"column":3}},"loc":{"start":{"line":28,"column":42},"end":{"line":32,"column":3}},"line":28},"3":{"name":"(anonymous_3)","decl":{"start":{"line":34,"column":2},"end":{"line":34,"column":3}},"loc":{"start":{"line":34,"column":56},"end":{"line":45,"column":3}},"line":34},"4":{"name":"(anonymous_4)","decl":{"start":{"line":47,"column":2},"end":{"line":47,"column":3}},"loc":{"start":{"line":47,"column":52},"end":{"line":68,"column":3}},"line":47},"5":{"name":"(anonymous_5)","decl":{"start":{"line":70,"column":2},"end":{"line":70,"column":3}},"loc":{"start":{"line":70,"column":53},"end":{"line":105,"column":3}},"line":70}},"branchMap":{"0":{"loc":{"start":{"line":37,"column":4},"end":{"line":37,"column":35}},"type":"if","locations":[{"start":{"line":37,"column":4},"end":{"line":37,"column":35}},{"start":{"line":37,"column":4},"end":{"line":37,"column":35}}],"line":37},"1":{"loc":{"start":{"line":40,"column":4},"end":{"line":40,"column":37}},"type":"if","locations":[{"start":{"line":40,"column":4},"end":{"line":40,"column":37}},{"start":{"line":40,"column":4},"end":{"line":40,"column":37}}],"line":40},"2":{"loc":{"start":{"line":43,"column":4},"end":{"line":43,"column":47}},"type":"if","locations":[{"start":{"line":43,"column":4},"end":{"line":43,"column":47}},{"start":{"line":43,"column":4},"end":{"line":43,"column":47}}],"line":43},"3":{"loc":{"start":{"line":51,"column":4},"end":{"line":53,"column":5}},"type":"if","locations":[{"start":{"line":51,"column":4},"end":{"line":53,"column":5}},{"start":{"line":51,"column":4},"end":{"line":53,"column":5}}],"line":51},"4":{"loc":{"start":{"line":55,"column":4},"end":{"line":55,"column":39}},"type":"if","locations":[{"start":{"line":55,"column":4},"end":{"line":55,"column":39}},{"start":{"line":55,"column":4},"end":{"line":55,"column":39}}],"line":55},"5":{"loc":{"start":{"line":56,"column":4},"end":{"line":56,"column":35}},"type":"if","locations":[{"start":{"line":56,"column":4},"end":{"line":56,"column":35}},{"start":{"line":56,"column":4},"end":{"line":56,"column":35}}],"line":56},"6":{"loc":{"start":{"line":57,"column":4},"end":{"line":57,"column":39}},"type":"if","locations":[{"start":{"line":57,"column":4},"end":{"line":57,"column":39}},{"start":{"line":57,"column":4},"end":{"line":57,"column":39}}],"line":57},"7":{"loc":{"start":{"line":58,"column":4},"end":{"line":58,"column":37}},"type":"if","locations":[{"start":{"line":58,"column":4},"end":{"line":58,"column":37}},{"start":{"line":58,"column":4},"end":{"line":58,"column":37}}],"line":58},"8":{"loc":{"start":{"line":59,"column":4},"end":{"line":62,"column":5}},"type":"if","locations":[{"start":{"line":59,"column":4},"end":{"line":62,"column":5}},{"start":{"line":59,"column":4},"end":{"line":62,"column":5}}],"line":59},"9":{"loc":{"start":{"line":63,"column":4},"end":{"line":66,"column":5}},"type":"if","locations":[{"start":{"line":63,"column":4},"end":{"line":66,"column":5}},{"start":{"line":63,"column":4},"end":{"line":66,"column":5}}],"line":63},"10":{"loc":{"start":{"line":76,"column":4},"end":{"line":76,"column":91}},"type":"if","locations":[{"start":{"line":76,"column":4},"end":{"line":76,"column":91}},{"start":{"line":76,"column":4},"end":{"line":76,"column":91}}],"line":76},"11":{"loc":{"start":{"line":78,"column":4},"end":{"line":78,"column":85}},"type":"if","locations":[{"start":{"line":78,"column":4},"end":{"line":78,"column":85}},{"start":{"line":78,"column":4},"end":{"line":78,"column":85}}],"line":78},"12":{"loc":{"start":{"line":80,"column":4},"end":{"line":80,"column":70}},"type":"if","locations":[{"start":{"line":80,"column":4},"end":{"line":80,"column":70}},{"start":{"line":80,"column":4},"end":{"line":80,"column":70}}],"line":80},"13":{"loc":{"start":{"line":82,"column":4},"end":{"line":82,"column":58}},"type":"if","locations":[{"start":{"line":82,"column":4},"end":{"line":82,"column":58}},{"start":{"line":82,"column":4},"end":{"line":82,"column":58}}],"line":82},"14":{"loc":{"start":{"line":84,"column":4},"end":{"line":84,"column":64}},"type":"if","locations":[{"start":{"line":84,"column":4},"end":{"line":84,"column":64}},{"start":{"line":84,"column":4},"end":{"line":84,"column":64}}],"line":84},"15":{"loc":{"start":{"line":86,"column":4},"end":{"line":86,"column":61}},"type":"if","locations":[{"start":{"line":86,"column":4},"end":{"line":86,"column":61}},{"start":{"line":86,"column":4},"end":{"line":86,"column":61}}],"line":86},"16":{"loc":{"start":{"line":88,"column":4},"end":{"line":88,"column":61}},"type":"if","locations":[{"start":{"line":88,"column":4},"end":{"line":88,"column":61}},{"start":{"line":88,"column":4},"end":{"line":88,"column":61}}],"line":88},"17":{"loc":{"start":{"line":90,"column":4},"end":{"line":90,"column":64}},"type":"if","locations":[{"start":{"line":90,"column":4},"end":{"line":90,"column":64}},{"start":{"line":90,"column":4},"end":{"line":90,"column":64}}],"line":90},"18":{"loc":{"start":{"line":92,"column":4},"end":{"line":92,"column":64}},"type":"if","locations":[{"start":{"line":92,"column":4},"end":{"line":92,"column":64}},{"start":{"line":92,"column":4},"end":{"line":92,"column":64}}],"line":92},"19":{"loc":{"start":{"line":94,"column":4},"end":{"line":94,"column":85}},"type":"if","locations":[{"start":{"line":94,"column":4},"end":{"line":94,"column":85}},{"start":{"line":94,"column":4},"end":{"line":94,"column":85}}],"line":94},"20":{"loc":{"start":{"line":96,"column":4},"end":{"line":96,"column":76}},"type":"if","locations":[{"start":{"line":96,"column":4},"end":{"line":96,"column":76}},{"start":{"line":96,"column":4},"end":{"line":96,"column":76}}],"line":96},"21":{"loc":{"start":{"line":98,"column":4},"end":{"line":98,"column":73}},"type":"if","locations":[{"start":{"line":98,"column":4},"end":{"line":98,"column":73}},{"start":{"line":98,"column":4},"end":{"line":98,"column":73}}],"line":98},"22":{"loc":{"start":{"line":100,"column":4},"end":{"line":100,"column":73}},"type":"if","locations":[{"start":{"line":100,"column":4},"end":{"line":100,"column":73}},{"start":{"line":100,"column":4},"end":{"line":100,"column":73}}],"line":100},"23":{"loc":{"start":{"line":102,"column":4},"end":{"line":102,"column":67}},"type":"if","locations":[{"start":{"line":102,"column":4},"end":{"line":102,"column":67}},{"start":{"line":102,"column":4},"end":{"line":102,"column":67}}],"line":102}},"s":{"0":0,"1":0,"2":0,"3":0,"4":0,"5":0,"6":0,"7":0,"8":0,"9":0,"10":0,"11":0,"12":0,"13":0,"14":0,"15":0,"16":0,"17":0,"18":0,"19":0,"20":0,"21":0,"22":0,"23":0,"24":0,"25":0,"26":0,"27":0,"28":0,"29":0,"30":0,"31":0,"32":0,"33":0,"34":0,"35":0,"36":0,"37":0,"38":0,"39":0,"40":0,"41":0,"42":0,"43":0,"44":0,"45":0,"46":0,"47":0,"48":0,"49":0,"50":0,"51":0,"52":0,"53":0,"54":0,"55":0,"56":0,"57":0,"58":0,"59":0,"60":0,"61":0,"62":0,"63":0,"64":0,"65":0,"66":0,"67":0,"68":0},"f":{"0":0,"1":0,"2":0,"3":0,"4":0,"5":0},"b":{"0":[0,0],"1":[0,0],"2":[0,0],"3":[0,0],"4":[0,0],"5":[0,0],"6":[0,0],"7":[0,0],"8":[0,0],"9":[0,0],"10":[0,0],"11":[0,0],"12":[0,0],"13":[0,0],"14":[0,0],"15":[0,0],"16":[0,0],"17":[0,0],"18":[0,0],"19":[0,0],"20":[0,0],"21":[0,0],"22":[0,0],"23":[0,0]},"_coverageSchema":"1a1c01bbd47fc00a2c39e90264f33305004495a9","hash":"ad85b702e10cf21906790502b487be954f942234"}
,"/data/data/com.termux/files/home/slider/src/Observable.ts": {"path":"/data/data/com.termux/files/home/slider/src/Observable.ts","statementMap":{"0":{"start":{"line":11,"column":4},"end":{"line":11,"column":28}},"1":{"start":{"line":15,"column":4},"end":{"line":15,"column":50}},"2":{"start":{"line":19,"column":21},"end":{"line":19,"column":49}},"3":{"start":{"line":21,"column":4},"end":{"line":25,"column":5}},"4":{"start":{"line":22,"column":6},"end":{"line":24,"column":9}},"5":{"start":{"line":23,"column":8},"end":{"line":23,"column":25}}},"fnMap":{"0":{"name":"(anonymous_0)","decl":{"start":{"line":10,"column":2},"end":{"line":10,"column":3}},"loc":{"start":{"line":10,"column":16},"end":{"line":12,"column":3}},"line":10},"1":{"name":"(anonymous_1)","decl":{"start":{"line":14,"column":2},"end":{"line":14,"column":3}},"loc":{"start":{"line":14,"column":72},"end":{"line":16,"column":3}},"line":14},"2":{"name":"(anonymous_2)","decl":{"start":{"line":18,"column":2},"end":{"line":18,"column":3}},"loc":{"start":{"line":18,"column":58},"end":{"line":26,"column":3}},"line":18},"3":{"name":"(anonymous_3)","decl":{"start":{"line":22,"column":23},"end":{"line":22,"column":24}},"loc":{"start":{"line":22,"column":51},"end":{"line":24,"column":7}},"line":22}},"branchMap":{"0":{"loc":{"start":{"line":21,"column":4},"end":{"line":25,"column":5}},"type":"if","locations":[{"start":{"line":21,"column":4},"end":{"line":25,"column":5}},{"start":{"line":21,"column":4},"end":{"line":25,"column":5}}],"line":21}},"s":{"0":0,"1":0,"2":0,"3":0,"4":0,"5":0},"f":{"0":0,"1":0,"2":0,"3":0},"b":{"0":[0,0]},"_coverageSchema":"1a1c01bbd47fc00a2c39e90264f33305004495a9","hash":"18b0ab9a2e4ba07c5623190bda619d0fb3e6744d"}
,"/data/data/com.termux/files/home/slider/src/Presenter.ts": {"path":"/data/data/com.termux/files/home/slider/src/Presenter.ts","statementMap":{"0":{"start":{"line":18,"column":4},"end":{"line":18,"column":39}},"1":{"start":{"line":19,"column":4},"end":{"line":19,"column":43}},"2":{"start":{"line":20,"column":4},"end":{"line":20,"column":50}},"3":{"start":{"line":21,"column":4},"end":{"line":21,"column":34}},"4":{"start":{"line":22,"column":4},"end":{"line":22,"column":28}},"5":{"start":{"line":26,"column":4},"end":{"line":26,"column":29}},"6":{"start":{"line":30,"column":4},"end":{"line":30,"column":26}},"7":{"start":{"line":34,"column":32},"end":{"line":34,"column":66}},"8":{"start":{"line":35,"column":4},"end":{"line":35,"column":35}},"9":{"start":{"line":39,"column":4},"end":{"line":39,"column":28}},"10":{"start":{"line":43,"column":4},"end":{"line":43,"column":30}},"11":{"start":{"line":47,"column":4},"end":{"line":47,"column":29}},"12":{"start":{"line":51,"column":4},"end":{"line":51,"column":67}},"13":{"start":{"line":53,"column":4},"end":{"line":53,"column":59}},"14":{"start":{"line":55,"column":4},"end":{"line":55,"column":79}},"15":{"start":{"line":56,"column":4},"end":{"line":56,"column":70}},"16":{"start":{"line":60,"column":4},"end":{"line":60,"column":35}},"17":{"start":{"line":61,"column":4},"end":{"line":61,"column":56}},"18":{"start":{"line":65,"column":32},"end":{"line":65,"column":48}},"19":{"start":{"line":66,"column":35},"end":{"line":66,"column":66}},"20":{"start":{"line":67,"column":4},"end":{"line":67,"column":38}}},"fnMap":{"0":{"name":"(anonymous_0)","decl":{"start":{"line":17,"column":2},"end":{"line":17,"column":3}},"loc":{"start":{"line":17,"column":32},"end":{"line":23,"column":3}},"line":17},"1":{"name":"(anonymous_1)","decl":{"start":{"line":25,"column":2},"end":{"line":25,"column":3}},"loc":{"start":{"line":25,"column":22},"end":{"line":27,"column":3}},"line":25},"2":{"name":"(anonymous_2)","decl":{"start":{"line":29,"column":2},"end":{"line":29,"column":3}},"loc":{"start":{"line":29,"column":23},"end":{"line":31,"column":3}},"line":29},"3":{"name":"(anonymous_3)","decl":{"start":{"line":33,"column":2},"end":{"line":33,"column":3}},"loc":{"start":{"line":33,"column":53},"end":{"line":36,"column":3}},"line":33},"4":{"name":"(anonymous_4)","decl":{"start":{"line":38,"column":2},"end":{"line":38,"column":3}},"loc":{"start":{"line":38,"column":31},"end":{"line":40,"column":3}},"line":38},"5":{"name":"(anonymous_5)","decl":{"start":{"line":42,"column":2},"end":{"line":42,"column":3}},"loc":{"start":{"line":42,"column":47},"end":{"line":44,"column":3}},"line":42},"6":{"name":"(anonymous_6)","decl":{"start":{"line":46,"column":2},"end":{"line":46,"column":3}},"loc":{"start":{"line":46,"column":45},"end":{"line":48,"column":3}},"line":46},"7":{"name":"(anonymous_7)","decl":{"start":{"line":50,"column":2},"end":{"line":50,"column":3}},"loc":{"start":{"line":50,"column":35},"end":{"line":57,"column":3}},"line":50},"8":{"name":"(anonymous_8)","decl":{"start":{"line":59,"column":2},"end":{"line":59,"column":3}},"loc":{"start":{"line":59,"column":57},"end":{"line":62,"column":3}},"line":59},"9":{"name":"(anonymous_9)","decl":{"start":{"line":64,"column":2},"end":{"line":64,"column":3}},"loc":{"start":{"line":64,"column":61},"end":{"line":68,"column":3}},"line":64}},"branchMap":{},"s":{"0":0,"1":0,"2":0,"3":0,"4":0,"5":0,"6":0,"7":0,"8":0,"9":0,"10":0,"11":0,"12":0,"13":0,"14":0,"15":0,"16":0,"17":0,"18":0,"19":0,"20":0},"f":{"0":0,"1":0,"2":0,"3":0,"4":0,"5":0,"6":0,"7":0,"8":0,"9":0},"b":{},"_coverageSchema":"1a1c01bbd47fc00a2c39e90264f33305004495a9","hash":"94c24a1cd11bd3d6267d6a3f5228d5d3a8c4c4a2"}
,"/data/data/com.termux/files/home/slider/src/Roller.ts": {"path":"/data/data/com.termux/files/home/slider/src/Roller.ts","statementMap":{"0":{"start":{"line":5,"column":4},"end":{"line":5,"column":25}},"1":{"start":{"line":9,"column":23},"end":{"line":9,"column":30}},"2":{"start":{"line":11,"column":24},"end":{"line":11,"column":85}},"3":{"start":{"line":13,"column":25},"end":{"line":13,"column":87}},"4":{"start":{"line":15,"column":4},"end":{"line":15,"column":64}},"5":{"start":{"line":16,"column":4},"end":{"line":16,"column":46}},"6":{"start":{"line":17,"column":4},"end":{"line":17,"column":57}},"7":{"start":{"line":21,"column":36},"end":{"line":21,"column":43}},"8":{"start":{"line":23,"column":24},"end":{"line":23,"column":53}},"9":{"start":{"line":24,"column":4},"end":{"line":28,"column":6}},"10":{"start":{"line":29,"column":25},"end":{"line":29,"column":54}},"11":{"start":{"line":31,"column":4},"end":{"line":35,"column":6}},"12":{"start":{"line":37,"column":4},"end":{"line":37,"column":31}},"13":{"start":{"line":38,"column":4},"end":{"line":38,"column":32}},"14":{"start":{"line":40,"column":4},"end":{"line":40,"column":64}},"15":{"start":{"line":41,"column":4},"end":{"line":41,"column":46}},"16":{"start":{"line":42,"column":4},"end":{"line":42,"column":57}},"17":{"start":{"line":46,"column":22},"end":{"line":46,"column":29}},"18":{"start":{"line":47,"column":4},"end":{"line":47,"column":46}},"19":{"start":{"line":48,"column":4},"end":{"line":48,"column":47}},"20":{"start":{"line":56,"column":8},"end":{"line":56,"column":15}},"21":{"start":{"line":58,"column":17},"end":{"line":58,"column":51}},"22":{"start":{"line":59,"column":19},"end":{"line":59,"column":55}},"23":{"start":{"line":61,"column":23},"end":{"line":61,"column":61}},"24":{"start":{"line":62,"column":25},"end":{"line":62,"column":65}},"25":{"start":{"line":64,"column":4},"end":{"line":70,"column":5}},"26":{"start":{"line":65,"column":6},"end":{"line":65,"column":50}},"27":{"start":{"line":66,"column":6},"end":{"line":66,"column":49}},"28":{"start":{"line":68,"column":6},"end":{"line":68,"column":52}},"29":{"start":{"line":69,"column":6},"end":{"line":69,"column":51}},"30":{"start":{"line":72,"column":4},"end":{"line":72,"column":60}},"31":{"start":{"line":81,"column":8},"end":{"line":81,"column":15}},"32":{"start":{"line":83,"column":4},"end":{"line":91,"column":5}},"33":{"start":{"line":84,"column":6},"end":{"line":84,"column":81}},"34":{"start":{"line":86,"column":6},"end":{"line":86,"column":80}},"35":{"start":{"line":88,"column":6},"end":{"line":88,"column":48}},"36":{"start":{"line":90,"column":6},"end":{"line":90,"column":49}},"37":{"start":{"line":101,"column":8},"end":{"line":101,"column":15}},"38":{"start":{"line":103,"column":4},"end":{"line":103,"column":35}},"39":{"start":{"line":103,"column":23},"end":{"line":103,"column":35}},"40":{"start":{"line":105,"column":4},"end":{"line":105,"column":54}},"41":{"start":{"line":111,"column":8},"end":{"line":111,"column":15}},"42":{"start":{"line":112,"column":4},"end":{"line":112,"column":32}},"43":{"start":{"line":116,"column":21},"end":{"line":116,"column":28}},"44":{"start":{"line":118,"column":4},"end":{"line":122,"column":5}},"45":{"start":{"line":119,"column":6},"end":{"line":119,"column":37}},"46":{"start":{"line":121,"column":6},"end":{"line":121,"column":38}}},"fnMap":{"0":{"name":"(anonymous_0)","decl":{"start":{"line":4,"column":2},"end":{"line":4,"column":3}},"loc":{"start":{"line":4,"column":34},"end":{"line":6,"column":3}},"line":4},"1":{"name":"(anonymous_1)","decl":{"start":{"line":8,"column":2},"end":{"line":8,"column":3}},"loc":{"start":{"line":8,"column":41},"end":{"line":18,"column":3}},"line":8},"2":{"name":"(anonymous_2)","decl":{"start":{"line":20,"column":2},"end":{"line":20,"column":3}},"loc":{"start":{"line":20,"column":37},"end":{"line":43,"column":3}},"line":20},"3":{"name":"(anonymous_3)","decl":{"start":{"line":45,"column":2},"end":{"line":45,"column":3}},"loc":{"start":{"line":45,"column":95},"end":{"line":49,"column":3}},"line":45},"4":{"name":"(anonymous_4)","decl":{"start":{"line":51,"column":2},"end":{"line":51,"column":3}},"loc":{"start":{"line":52,"column":37},"end":{"line":73,"column":3}},"line":52},"5":{"name":"(anonymous_5)","decl":{"start":{"line":75,"column":2},"end":{"line":75,"column":3}},"loc":{"start":{"line":75,"column":98},"end":{"line":92,"column":3}},"line":75},"6":{"name":"(anonymous_6)","decl":{"start":{"line":94,"column":2},"end":{"line":94,"column":3}},"loc":{"start":{"line":94,"column":70},"end":{"line":106,"column":3}},"line":94},"7":{"name":"(anonymous_7)","decl":{"start":{"line":108,"column":2},"end":{"line":108,"column":3}},"loc":{"start":{"line":108,"column":72},"end":{"line":113,"column":3}},"line":108},"8":{"name":"(anonymous_8)","decl":{"start":{"line":115,"column":2},"end":{"line":115,"column":3}},"loc":{"start":{"line":115,"column":72},"end":{"line":123,"column":3}},"line":115}},"branchMap":{"0":{"loc":{"start":{"line":64,"column":4},"end":{"line":70,"column":5}},"type":"if","locations":[{"start":{"line":64,"column":4},"end":{"line":70,"column":5}},{"start":{"line":64,"column":4},"end":{"line":70,"column":5}}],"line":64},"1":{"loc":{"start":{"line":83,"column":4},"end":{"line":91,"column":5}},"type":"if","locations":[{"start":{"line":83,"column":4},"end":{"line":91,"column":5}},{"start":{"line":83,"column":4},"end":{"line":91,"column":5}}],"line":83},"2":{"loc":{"start":{"line":103,"column":4},"end":{"line":103,"column":35}},"type":"if","locations":[{"start":{"line":103,"column":4},"end":{"line":103,"column":35}},{"start":{"line":103,"column":4},"end":{"line":103,"column":35}}],"line":103},"3":{"loc":{"start":{"line":118,"column":4},"end":{"line":122,"column":5}},"type":"if","locations":[{"start":{"line":118,"column":4},"end":{"line":122,"column":5}},{"start":{"line":118,"column":4},"end":{"line":122,"column":5}}],"line":118}},"s":{"0":0,"1":0,"2":0,"3":0,"4":0,"5":0,"6":0,"7":0,"8":0,"9":0,"10":0,"11":0,"12":0,"13":0,"14":0,"15":0,"16":0,"17":0,"18":0,"19":0,"20":0,"21":0,"22":0,"23":0,"24":0,"25":0,"26":0,"27":0,"28":0,"29":0,"30":0,"31":0,"32":0,"33":0,"34":0,"35":0,"36":0,"37":0,"38":0,"39":0,"40":0,"41":0,"42":0,"43":0,"44":0,"45":0,"46":0},"f":{"0":0,"1":0,"2":0,"3":0,"4":0,"5":0,"6":0,"7":0,"8":0},"b":{"0":[0,0],"1":[0,0],"2":[0,0],"3":[0,0]},"_coverageSchema":"1a1c01bbd47fc00a2c39e90264f33305004495a9","hash":"8ed02752f0df681027ea44ea540282147ec34079"}
,"/data/data/com.termux/files/home/slider/src/Scale.ts": {"path":"/data/data/com.termux/files/home/slider/src/Scale.ts","statementMap":{"0":{"start":{"line":5,"column":4},"end":{"line":5,"column":25}},"1":{"start":{"line":9,"column":36},"end":{"line":9,"column":43}},"2":{"start":{"line":10,"column":18},"end":{"line":10,"column":47}},"3":{"start":{"line":11,"column":4},"end":{"line":11,"column":67}},"4":{"start":{"line":13,"column":4},"end":{"line":13,"column":25}},"5":{"start":{"line":15,"column":4},"end":{"line":15,"column":34}},"6":{"start":{"line":16,"column":4},"end":{"line":16,"column":40}},"7":{"start":{"line":17,"column":4},"end":{"line":17,"column":36}},"8":{"start":{"line":21,"column":23},"end":{"line":21,"column":30}},"9":{"start":{"line":22,"column":18},"end":{"line":22,"column":72}},"10":{"start":{"line":24,"column":4},"end":{"line":24,"column":36}},"11":{"start":{"line":25,"column":4},"end":{"line":25,"column":36}},"12":{"start":{"line":29,"column":51},"end":{"line":29,"column":58}},"13":{"start":{"line":30,"column":25},"end":{"line":30,"column":96}},"14":{"start":{"line":32,"column":4},"end":{"line":38,"column":7}},"15":{"start":{"line":33,"column":6},"end":{"line":37,"column":7}},"16":{"start":{"line":34,"column":8},"end":{"line":34,"column":64}},"17":{"start":{"line":36,"column":8},"end":{"line":36,"column":50}},"18":{"start":{"line":42,"column":24},"end":{"line":42,"column":31}},"19":{"start":{"line":43,"column":4},"end":{"line":45,"column":5}},"20":{"start":{"line":44,"column":6},"end":{"line":44,"column":35}},"21":{"start":{"line":45,"column":6},"end":{"line":47,"column":5}},"22":{"start":{"line":46,"column":6},"end":{"line":46,"column":31}},"23":{"start":{"line":51,"column":4},"end":{"line":51,"column":53}},"24":{"start":{"line":52,"column":4},"end":{"line":52,"column":55}},"25":{"start":{"line":58,"column":8},"end":{"line":58,"column":15}},"26":{"start":{"line":60,"column":16},"end":{"line":60,"column":42}},"27":{"start":{"line":61,"column":18},"end":{"line":61,"column":40}},"28":{"start":{"line":62,"column":21},"end":{"line":62,"column":54}},"29":{"start":{"line":64,"column":20},"end":{"line":64,"column":21}},"30":{"start":{"line":66,"column":4},"end":{"line":71,"column":5}},"31":{"start":{"line":66,"column":23},"end":{"line":66,"column":26}},"32":{"start":{"line":67,"column":6},"end":{"line":67,"column":39}},"33":{"start":{"line":67,"column":33},"end":{"line":67,"column":39}},"34":{"start":{"line":68,"column":6},"end":{"line":68,"column":68}},"35":{"start":{"line":70,"column":6},"end":{"line":70,"column":25}},"36":{"start":{"line":73,"column":4},"end":{"line":73,"column":57}},"37":{"start":{"line":75,"column":4},"end":{"line":75,"column":27}},"38":{"start":{"line":79,"column":36},"end":{"line":79,"column":43}},"39":{"start":{"line":80,"column":18},"end":{"line":80,"column":43}},"40":{"start":{"line":81,"column":16},"end":{"line":81,"column":43}},"41":{"start":{"line":82,"column":4},"end":{"line":82,"column":15}},"42":{"start":{"line":87,"column":28},"end":{"line":87,"column":35}},"43":{"start":{"line":88,"column":24},"end":{"line":88,"column":54}},"44":{"start":{"line":89,"column":4},"end":{"line":89,"column":85}},"45":{"start":{"line":90,"column":4},"end":{"line":90,"column":33}},"46":{"start":{"line":92,"column":4},"end":{"line":92,"column":45}},"47":{"start":{"line":93,"column":4},"end":{"line":93,"column":36}},"48":{"start":{"line":95,"column":19},"end":{"line":95,"column":61}},"49":{"start":{"line":96,"column":4},"end":{"line":100,"column":5}},"50":{"start":{"line":97,"column":6},"end":{"line":97,"column":44}},"51":{"start":{"line":99,"column":6},"end":{"line":99,"column":46}},"52":{"start":{"line":104,"column":21},"end":{"line":104,"column":28}},"53":{"start":{"line":105,"column":4},"end":{"line":105,"column":32}},"54":{"start":{"line":109,"column":23},"end":{"line":109,"column":28}},"55":{"start":{"line":111,"column":4},"end":{"line":111,"column":49}},"56":{"start":{"line":111,"column":42},"end":{"line":111,"column":49}},"57":{"start":{"line":112,"column":4},"end":{"line":112,"column":66}},"58":{"start":{"line":112,"column":59},"end":{"line":112,"column":66}},"59":{"start":{"line":114,"column":18},"end":{"line":114,"column":42}},"60":{"start":{"line":116,"column":23},"end":{"line":116,"column":97}},"61":{"start":{"line":117,"column":4},"end":{"line":117,"column":37}}},"fnMap":{"0":{"name":"(anonymous_0)","decl":{"start":{"line":4,"column":2},"end":{"line":4,"column":3}},"loc":{"start":{"line":4,"column":34},"end":{"line":6,"column":3}},"line":4},"1":{"name":"(anonymous_1)","decl":{"start":{"line":8,"column":2},"end":{"line":8,"column":3}},"loc":{"start":{"line":8,"column":43},"end":{"line":18,"column":3}},"line":8},"2":{"name":"(anonymous_2)","decl":{"start":{"line":20,"column":2},"end":{"line":20,"column":3}},"loc":{"start":{"line":20,"column":41},"end":{"line":26,"column":3}},"line":20},"3":{"name":"(anonymous_3)","decl":{"start":{"line":28,"column":2},"end":{"line":28,"column":3}},"loc":{"start":{"line":28,"column":48},"end":{"line":39,"column":3}},"line":28},"4":{"name":"(anonymous_4)","decl":{"start":{"line":32,"column":25},"end":{"line":32,"column":26}},"loc":{"start":{"line":32,"column":42},"end":{"line":38,"column":5}},"line":32},"5":{"name":"(anonymous_5)","decl":{"start":{"line":41,"column":2},"end":{"line":41,"column":3}},"loc":{"start":{"line":41,"column":61},"end":{"line":48,"column":3}},"line":41},"6":{"name":"(anonymous_6)","decl":{"start":{"line":50,"column":2},"end":{"line":50,"column":3}},"loc":{"start":{"line":50,"column":48},"end":{"line":53,"column":3}},"line":50},"7":{"name":"(anonymous_7)","decl":{"start":{"line":55,"column":2},"end":{"line":55,"column":3}},"loc":{"start":{"line":55,"column":71},"end":{"line":76,"column":3}},"line":55},"8":{"name":"(anonymous_8)","decl":{"start":{"line":78,"column":2},"end":{"line":78,"column":3}},"loc":{"start":{"line":78,"column":51},"end":{"line":83,"column":3}},"line":78},"9":{"name":"(anonymous_9)","decl":{"start":{"line":85,"column":2},"end":{"line":85,"column":3}},"loc":{"start":{"line":86,"column":63},"end":{"line":101,"column":3}},"line":86},"10":{"name":"(anonymous_10)","decl":{"start":{"line":103,"column":2},"end":{"line":103,"column":3}},"loc":{"start":{"line":103,"column":72},"end":{"line":106,"column":3}},"line":103},"11":{"name":"(anonymous_11)","decl":{"start":{"line":108,"column":2},"end":{"line":108,"column":3}},"loc":{"start":{"line":108,"column":43},"end":{"line":118,"column":3}},"line":108}},"branchMap":{"0":{"loc":{"start":{"line":33,"column":6},"end":{"line":37,"column":7}},"type":"if","locations":[{"start":{"line":33,"column":6},"end":{"line":37,"column":7}},{"start":{"line":33,"column":6},"end":{"line":37,"column":7}}],"line":33},"1":{"loc":{"start":{"line":43,"column":4},"end":{"line":45,"column":5}},"type":"if","locations":[{"start":{"line":43,"column":4},"end":{"line":45,"column":5}},{"start":{"line":43,"column":4},"end":{"line":45,"column":5}}],"line":43},"2":{"loc":{"start":{"line":45,"column":6},"end":{"line":47,"column":5}},"type":"if","locations":[{"start":{"line":45,"column":6},"end":{"line":47,"column":5}},{"start":{"line":45,"column":6},"end":{"line":47,"column":5}}],"line":45},"3":{"loc":{"start":{"line":67,"column":6},"end":{"line":67,"column":39}},"type":"if","locations":[{"start":{"line":67,"column":6},"end":{"line":67,"column":39}},{"start":{"line":67,"column":6},"end":{"line":67,"column":39}}],"line":67},"4":{"loc":{"start":{"line":96,"column":4},"end":{"line":100,"column":5}},"type":"if","locations":[{"start":{"line":96,"column":4},"end":{"line":100,"column":5}},{"start":{"line":96,"column":4},"end":{"line":100,"column":5}}],"line":96},"5":{"loc":{"start":{"line":111,"column":4},"end":{"line":111,"column":49}},"type":"if","locations":[{"start":{"line":111,"column":4},"end":{"line":111,"column":49}},{"start":{"line":111,"column":4},"end":{"line":111,"column":49}}],"line":111},"6":{"loc":{"start":{"line":112,"column":4},"end":{"line":112,"column":66}},"type":"if","locations":[{"start":{"line":112,"column":4},"end":{"line":112,"column":66}},{"start":{"line":112,"column":4},"end":{"line":112,"column":66}}],"line":112}},"s":{"0":0,"1":0,"2":0,"3":0,"4":0,"5":0,"6":0,"7":0,"8":0,"9":0,"10":0,"11":0,"12":0,"13":0,"14":0,"15":0,"16":0,"17":0,"18":0,"19":0,"20":0,"21":0,"22":0,"23":0,"24":0,"25":0,"26":0,"27":0,"28":0,"29":0,"30":0,"31":0,"32":0,"33":0,"34":0,"35":0,"36":0,"37":0,"38":0,"39":0,"40":0,"41":0,"42":0,"43":0,"44":0,"45":0,"46":0,"47":0,"48":0,"49":0,"50":0,"51":0,"52":0,"53":0,"54":0,"55":0,"56":0,"57":0,"58":0,"59":0,"60":0,"61":0},"f":{"0":0,"1":0,"2":0,"3":0,"4":0,"5":0,"6":0,"7":0,"8":0,"9":0,"10":0,"11":0},"b":{"0":[0,0],"1":[0,0],"2":[0,0],"3":[0,0],"4":[0,0],"5":[0,0],"6":[0,0]},"_coverageSchema":"1a1c01bbd47fc00a2c39e90264f33305004495a9","hash":"1032e3f1efd4c2654606f332c9df76a3084a5492"}
,"/data/data/com.termux/files/home/slider/src/Track.ts": {"path":"/data/data/com.termux/files/home/slider/src/Track.ts","statementMap":{"0":{"start":{"line":5,"column":4},"end":{"line":5,"column":25}},"1":{"start":{"line":9,"column":36},"end":{"line":9,"column":43}},"2":{"start":{"line":11,"column":18},"end":{"line":11,"column":47}},"3":{"start":{"line":13,"column":4},"end":{"line":13,"column":67}},"4":{"start":{"line":15,"column":4},"end":{"line":15,"column":25}}},"fnMap":{"0":{"name":"(anonymous_0)","decl":{"start":{"line":4,"column":2},"end":{"line":4,"column":3}},"loc":{"start":{"line":4,"column":34},"end":{"line":6,"column":3}},"line":4},"1":{"name":"(anonymous_1)","decl":{"start":{"line":8,"column":2},"end":{"line":8,"column":3}},"loc":{"start":{"line":8,"column":37},"end":{"line":16,"column":3}},"line":8}},"branchMap":{},"s":{"0":0,"1":0,"2":0,"3":0,"4":0},"f":{"0":0,"1":0},"b":{},"_coverageSchema":"1a1c01bbd47fc00a2c39e90264f33305004495a9","hash":"00c324e2190e69d7f15976d800526b603e4fe3b6"}
,"/data/data/com.termux/files/home/slider/src/View.ts": {"path":"/data/data/com.termux/files/home/slider/src/View.ts","statementMap":{"0":{"start":{"line":22,"column":4},"end":{"line":22,"column":39}},"1":{"start":{"line":23,"column":4},"end":{"line":23,"column":45}},"2":{"start":{"line":24,"column":4},"end":{"line":24,"column":36}},"3":{"start":{"line":26,"column":4},"end":{"line":26,"column":46}},"4":{"start":{"line":27,"column":4},"end":{"line":27,"column":33}},"5":{"start":{"line":28,"column":4},"end":{"line":28,"column":50}},"6":{"start":{"line":29,"column":4},"end":{"line":29,"column":42}},"7":{"start":{"line":30,"column":4},"end":{"line":30,"column":29}},"8":{"start":{"line":31,"column":4},"end":{"line":31,"column":30}},"9":{"start":{"line":35,"column":17},"end":{"line":35,"column":44}},"10":{"start":{"line":36,"column":22},"end":{"line":36,"column":53}},"11":{"start":{"line":37,"column":20},"end":{"line":37,"column":44}},"12":{"start":{"line":38,"column":23},"end":{"line":38,"column":27}},"13":{"start":{"line":40,"column":4},"end":{"line":42,"column":6}},"14":{"start":{"line":46,"column":31},"end":{"line":46,"column":38}},"15":{"start":{"line":48,"column":19},"end":{"line":48,"column":48}},"16":{"start":{"line":50,"column":4},"end":{"line":50,"column":48}},"17":{"start":{"line":54,"column":36},"end":{"line":54,"column":66}},"18":{"start":{"line":56,"column":4},"end":{"line":56,"column":43}},"19":{"start":{"line":57,"column":4},"end":{"line":57,"column":39}},"20":{"start":{"line":58,"column":4},"end":{"line":58,"column":41}},"21":{"start":{"line":60,"column":4},"end":{"line":62,"column":6}},"22":{"start":{"line":66,"column":4},"end":{"line":66,"column":25}},"23":{"start":{"line":68,"column":4},"end":{"line":68,"column":48}},"24":{"start":{"line":69,"column":4},"end":{"line":69,"column":39}},"25":{"start":{"line":70,"column":4},"end":{"line":70,"column":46}},"26":{"start":{"line":71,"column":4},"end":{"line":71,"column":33}},"27":{"start":{"line":72,"column":4},"end":{"line":72,"column":50}},"28":{"start":{"line":73,"column":4},"end":{"line":73,"column":42}},"29":{"start":{"line":74,"column":4},"end":{"line":74,"column":29}},"30":{"start":{"line":75,"column":4},"end":{"line":75,"column":30}},"31":{"start":{"line":79,"column":4},"end":{"line":79,"column":23}},"32":{"start":{"line":83,"column":4},"end":{"line":83,"column":28}},"33":{"start":{"line":87,"column":4},"end":{"line":87,"column":31}},"34":{"start":{"line":91,"column":4},"end":{"line":91,"column":30}},"35":{"start":{"line":95,"column":38},"end":{"line":95,"column":45}},"36":{"start":{"line":96,"column":19},"end":{"line":96,"column":48}},"37":{"start":{"line":98,"column":4},"end":{"line":98,"column":54}},"38":{"start":{"line":99,"column":4},"end":{"line":99,"column":53}},"39":{"start":{"line":101,"column":4},"end":{"line":101,"column":18}},"40":{"start":{"line":105,"column":26},"end":{"line":105,"column":51}},"41":{"start":{"line":106,"column":4},"end":{"line":106,"column":62}},"42":{"start":{"line":107,"column":4},"end":{"line":107,"column":61}},"43":{"start":{"line":109,"column":4},"end":{"line":109,"column":53}},"44":{"start":{"line":110,"column":4},"end":{"line":110,"column":61}},"45":{"start":{"line":112,"column":4},"end":{"line":112,"column":53}},"46":{"start":{"line":113,"column":4},"end":{"line":113,"column":66}},"47":{"start":{"line":117,"column":23},"end":{"line":117,"column":28}},"48":{"start":{"line":119,"column":4},"end":{"line":133,"column":5}},"49":{"start":{"line":120,"column":19},"end":{"line":120,"column":47}},"50":{"start":{"line":122,"column":23},"end":{"line":127,"column":7}},"51":{"start":{"line":123,"column":8},"end":{"line":123,"column":59}},"52":{"start":{"line":124,"column":8},"end":{"line":124,"column":59}},"53":{"start":{"line":125,"column":8},"end":{"line":125,"column":58}},"54":{"start":{"line":126,"column":8},"end":{"line":126,"column":59}},"55":{"start":{"line":129,"column":6},"end":{"line":129,"column":54}},"56":{"start":{"line":130,"column":6},"end":{"line":130,"column":54}},"57":{"start":{"line":131,"column":6},"end":{"line":131,"column":53}},"58":{"start":{"line":132,"column":6},"end":{"line":132,"column":54}},"59":{"start":{"line":139,"column":8},"end":{"line":139,"column":18}},"60":{"start":{"line":141,"column":25},"end":{"line":141,"column":92}},"61":{"start":{"line":143,"column":17},"end":{"line":143,"column":21}},"62":{"start":{"line":144,"column":4},"end":{"line":146,"column":5}},"63":{"start":{"line":145,"column":6},"end":{"line":145,"column":21}},"64":{"start":{"line":147,"column":4},"end":{"line":153,"column":5}},"65":{"start":{"line":148,"column":6},"end":{"line":148,"column":38}},"66":{"start":{"line":149,"column":6},"end":{"line":149,"column":23}},"67":{"start":{"line":150,"column":11},"end":{"line":153,"column":5}},"68":{"start":{"line":151,"column":6},"end":{"line":151,"column":38}},"69":{"start":{"line":152,"column":6},"end":{"line":152,"column":23}},"70":{"start":{"line":155,"column":21},"end":{"line":155,"column":22}},"71":{"start":{"line":157,"column":4},"end":{"line":157,"column":49}},"72":{"start":{"line":157,"column":42},"end":{"line":157,"column":49}},"73":{"start":{"line":159,"column":4},"end":{"line":169,"column":5}},"74":{"start":{"line":160,"column":6},"end":{"line":164,"column":7}},"75":{"start":{"line":161,"column":8},"end":{"line":161,"column":69}},"76":{"start":{"line":163,"column":8},"end":{"line":163,"column":58}},"77":{"start":{"line":165,"column":11},"end":{"line":169,"column":5}},"78":{"start":{"line":166,"column":6},"end":{"line":166,"column":67}},"79":{"start":{"line":168,"column":6},"end":{"line":168,"column":56}},"80":{"start":{"line":170,"column":4},"end":{"line":170,"column":44}},"81":{"start":{"line":174,"column":20},"end":{"line":174,"column":67}},"82":{"start":{"line":176,"column":4},"end":{"line":178,"column":5}},"83":{"start":{"line":177,"column":6},"end":{"line":177,"column":53}},"84":{"start":{"line":177,"column":39},"end":{"line":177,"column":53}},"85":{"start":{"line":179,"column":4},"end":{"line":181,"column":5}},"86":{"start":{"line":180,"column":6},"end":{"line":180,"column":18}},"87":{"start":{"line":182,"column":4},"end":{"line":182,"column":23}},"88":{"start":{"line":186,"column":22},"end":{"line":186,"column":34}},"89":{"start":{"line":187,"column":4},"end":{"line":187,"column":31}},"90":{"start":{"line":191,"column":4},"end":{"line":191,"column":27}},"91":{"start":{"line":192,"column":23},"end":{"line":192,"column":28}},"92":{"start":{"line":193,"column":28},"end":{"line":193,"column":38}},"93":{"start":{"line":195,"column":4},"end":{"line":195,"column":52}},"94":{"start":{"line":195,"column":45},"end":{"line":195,"column":52}},"95":{"start":{"line":196,"column":21},"end":{"line":196,"column":22}},"96":{"start":{"line":197,"column":4},"end":{"line":201,"column":5}},"97":{"start":{"line":198,"column":6},"end":{"line":198,"column":33}},"98":{"start":{"line":200,"column":6},"end":{"line":200,"column":33}},"99":{"start":{"line":202,"column":18},"end":{"line":202,"column":51}},"100":{"start":{"line":203,"column":4},"end":{"line":203,"column":31}},"101":{"start":{"line":207,"column":31},"end":{"line":207,"column":41}},"102":{"start":{"line":209,"column":25},"end":{"line":209,"column":47}},"103":{"start":{"line":210,"column":23},"end":{"line":210,"column":43}},"104":{"start":{"line":211,"column":21},"end":{"line":211,"column":38}},"105":{"start":{"line":213,"column":4},"end":{"line":217,"column":5}},"106":{"start":{"line":214,"column":6},"end":{"line":214,"column":59}},"107":{"start":{"line":216,"column":6},"end":{"line":216,"column":13}},"108":{"start":{"line":219,"column":4},"end":{"line":240,"column":5}},"109":{"start":{"line":220,"column":21},"end":{"line":220,"column":64}},"110":{"start":{"line":222,"column":6},"end":{"line":226,"column":7}},"111":{"start":{"line":223,"column":8},"end":{"line":223,"column":61}},"112":{"start":{"line":225,"column":8},"end":{"line":225,"column":59}},"113":{"start":{"line":228,"column":22},"end":{"line":228,"column":48}},"114":{"start":{"line":229,"column":6},"end":{"line":239,"column":7}},"115":{"start":{"line":230,"column":8},"end":{"line":232,"column":9}},"116":{"start":{"line":231,"column":10},"end":{"line":231,"column":23}},"117":{"start":{"line":233,"column":8},"end":{"line":233,"column":61}},"118":{"start":{"line":235,"column":8},"end":{"line":237,"column":9}},"119":{"start":{"line":236,"column":10},"end":{"line":236,"column":21}},"120":{"start":{"line":238,"column":8},"end":{"line":238,"column":59}},"121":{"start":{"line":246,"column":8},"end":{"line":246,"column":18}},"122":{"start":{"line":248,"column":25},"end":{"line":248,"column":41}},"123":{"start":{"line":250,"column":13},"end":{"line":250,"column":14}},"124":{"start":{"line":251,"column":4},"end":{"line":255,"column":5}},"125":{"start":{"line":252,"column":6},"end":{"line":252,"column":34}},"126":{"start":{"line":254,"column":6},"end":{"line":254,"column":37}},"127":{"start":{"line":256,"column":4},"end":{"line":256,"column":30}},"128":{"start":{"line":256,"column":19},"end":{"line":256,"column":30}},"129":{"start":{"line":258,"column":4},"end":{"line":258,"column":27}},"130":{"start":{"line":258,"column":16},"end":{"line":258,"column":27}},"131":{"start":{"line":260,"column":18},"end":{"line":260,"column":55}},"132":{"start":{"line":262,"column":4},"end":{"line":262,"column":17}},"133":{"start":{"line":266,"column":28},"end":{"line":266,"column":35}},"134":{"start":{"line":267,"column":19},"end":{"line":267,"column":20}},"135":{"start":{"line":268,"column":4},"end":{"line":272,"column":5}},"136":{"start":{"line":269,"column":6},"end":{"line":269,"column":58}},"137":{"start":{"line":271,"column":6},"end":{"line":271,"column":57}},"138":{"start":{"line":274,"column":4},"end":{"line":274,"column":20}},"139":{"start":{"line":278,"column":28},"end":{"line":278,"column":35}},"140":{"start":{"line":279,"column":15},"end":{"line":279,"column":16}},"141":{"start":{"line":280,"column":4},"end":{"line":284,"column":5}},"142":{"start":{"line":281,"column":6},"end":{"line":281,"column":55}},"143":{"start":{"line":283,"column":6},"end":{"line":283,"column":56}},"144":{"start":{"line":285,"column":4},"end":{"line":285,"column":16}}},"fnMap":{"0":{"name":"(anonymous_0)","decl":{"start":{"line":21,"column":2},"end":{"line":21,"column":3}},"loc":{"start":{"line":21,"column":32},"end":{"line":32,"column":3}},"line":21},"1":{"name":"(anonymous_1)","decl":{"start":{"line":34,"column":2},"end":{"line":34,"column":3}},"loc":{"start":{"line":34,"column":44},"end":{"line":43,"column":3}},"line":34},"2":{"name":"(anonymous_2)","decl":{"start":{"line":45,"column":2},"end":{"line":45,"column":3}},"loc":{"start":{"line":45,"column":47},"end":{"line":51,"column":3}},"line":45},"3":{"name":"(anonymous_3)","decl":{"start":{"line":53,"column":2},"end":{"line":53,"column":3}},"loc":{"start":{"line":53,"column":52},"end":{"line":63,"column":3}},"line":53},"4":{"name":"(anonymous_4)","decl":{"start":{"line":65,"column":2},"end":{"line":65,"column":3}},"loc":{"start":{"line":65,"column":24},"end":{"line":76,"column":3}},"line":65},"5":{"name":"(anonymous_5)","decl":{"start":{"line":78,"column":2},"end":{"line":78,"column":3}},"loc":{"start":{"line":78,"column":48},"end":{"line":80,"column":3}},"line":78},"6":{"name":"(anonymous_6)","decl":{"start":{"line":82,"column":2},"end":{"line":82,"column":3}},"loc":{"start":{"line":82,"column":45},"end":{"line":84,"column":3}},"line":82},"7":{"name":"(anonymous_7)","decl":{"start":{"line":86,"column":2},"end":{"line":86,"column":3}},"loc":{"start":{"line":86,"column":52},"end":{"line":88,"column":3}},"line":86},"8":{"name":"(anonymous_8)","decl":{"start":{"line":90,"column":2},"end":{"line":90,"column":3}},"loc":{"start":{"line":90,"column":49},"end":{"line":92,"column":3}},"line":90},"9":{"name":"(anonymous_9)","decl":{"start":{"line":94,"column":2},"end":{"line":94,"column":3}},"loc":{"start":{"line":94,"column":54},"end":{"line":102,"column":3}},"line":94},"10":{"name":"(anonymous_10)","decl":{"start":{"line":104,"column":2},"end":{"line":104,"column":3}},"loc":{"start":{"line":104,"column":30},"end":{"line":114,"column":3}},"line":104},"11":{"name":"(anonymous_11)","decl":{"start":{"line":116,"column":2},"end":{"line":116,"column":3}},"loc":{"start":{"line":116,"column":32},"end":{"line":134,"column":3}},"line":116},"12":{"name":"(anonymous_12)","decl":{"start":{"line":122,"column":23},"end":{"line":122,"column":24}},"loc":{"start":{"line":122,"column":29},"end":{"line":127,"column":7}},"line":122},"13":{"name":"(anonymous_13)","decl":{"start":{"line":136,"column":2},"end":{"line":136,"column":3}},"loc":{"start":{"line":136,"column":54},"end":{"line":171,"column":3}},"line":136},"14":{"name":"(anonymous_14)","decl":{"start":{"line":173,"column":2},"end":{"line":173,"column":3}},"loc":{"start":{"line":173,"column":53},"end":{"line":183,"column":3}},"line":173},"15":{"name":"(anonymous_15)","decl":{"start":{"line":185,"column":2},"end":{"line":185,"column":3}},"loc":{"start":{"line":185,"column":41},"end":{"line":188,"column":3}},"line":185},"16":{"name":"(anonymous_16)","decl":{"start":{"line":190,"column":2},"end":{"line":190,"column":3}},"loc":{"start":{"line":190,"column":41},"end":{"line":204,"column":3}},"line":190},"17":{"name":"(anonymous_17)","decl":{"start":{"line":206,"column":2},"end":{"line":206,"column":3}},"loc":{"start":{"line":206,"column":68},"end":{"line":241,"column":3}},"line":206},"18":{"name":"(anonymous_18)","decl":{"start":{"line":243,"column":2},"end":{"line":243,"column":3}},"loc":{"start":{"line":243,"column":55},"end":{"line":263,"column":3}},"line":243},"19":{"name":"(anonymous_19)","decl":{"start":{"line":265,"column":2},"end":{"line":265,"column":3}},"loc":{"start":{"line":265,"column":54},"end":{"line":275,"column":3}},"line":265},"20":{"name":"(anonymous_20)","decl":{"start":{"line":277,"column":2},"end":{"line":277,"column":3}},"loc":{"start":{"line":277,"column":50},"end":{"line":286,"column":3}},"line":277}},"branchMap":{"0":{"loc":{"start":{"line":119,"column":4},"end":{"line":133,"column":5}},"type":"if","locations":[{"start":{"line":119,"column":4},"end":{"line":133,"column":5}},{"start":{"line":119,"column":4},"end":{"line":133,"column":5}}],"line":119},"1":{"loc":{"start":{"line":144,"column":4},"end":{"line":146,"column":5}},"type":"if","locations":[{"start":{"line":144,"column":4},"end":{"line":146,"column":5}},{"start":{"line":144,"column":4},"end":{"line":146,"column":5}}],"line":144},"2":{"loc":{"start":{"line":147,"column":4},"end":{"line":153,"column":5}},"type":"if","locations":[{"start":{"line":147,"column":4},"end":{"line":153,"column":5}},{"start":{"line":147,"column":4},"end":{"line":153,"column":5}}],"line":147},"3":{"loc":{"start":{"line":150,"column":11},"end":{"line":153,"column":5}},"type":"if","locations":[{"start":{"line":150,"column":11},"end":{"line":153,"column":5}},{"start":{"line":150,"column":11},"end":{"line":153,"column":5}}],"line":150},"4":{"loc":{"start":{"line":157,"column":4},"end":{"line":157,"column":49}},"type":"if","locations":[{"start":{"line":157,"column":4},"end":{"line":157,"column":49}},{"start":{"line":157,"column":4},"end":{"line":157,"column":49}}],"line":157},"5":{"loc":{"start":{"line":159,"column":4},"end":{"line":169,"column":5}},"type":"if","locations":[{"start":{"line":159,"column":4},"end":{"line":169,"column":5}},{"start":{"line":159,"column":4},"end":{"line":169,"column":5}}],"line":159},"6":{"loc":{"start":{"line":160,"column":6},"end":{"line":164,"column":7}},"type":"if","locations":[{"start":{"line":160,"column":6},"end":{"line":164,"column":7}},{"start":{"line":160,"column":6},"end":{"line":164,"column":7}}],"line":160},"7":{"loc":{"start":{"line":165,"column":11},"end":{"line":169,"column":5}},"type":"if","locations":[{"start":{"line":165,"column":11},"end":{"line":169,"column":5}},{"start":{"line":165,"column":11},"end":{"line":169,"column":5}}],"line":165},"8":{"loc":{"start":{"line":176,"column":4},"end":{"line":178,"column":5}},"type":"if","locations":[{"start":{"line":176,"column":4},"end":{"line":178,"column":5}},{"start":{"line":176,"column":4},"end":{"line":178,"column":5}}],"line":176},"9":{"loc":{"start":{"line":177,"column":6},"end":{"line":177,"column":53}},"type":"if","locations":[{"start":{"line":177,"column":6},"end":{"line":177,"column":53}},{"start":{"line":177,"column":6},"end":{"line":177,"column":53}}],"line":177},"10":{"loc":{"start":{"line":179,"column":4},"end":{"line":181,"column":5}},"type":"if","locations":[{"start":{"line":179,"column":4},"end":{"line":181,"column":5}},{"start":{"line":179,"column":4},"end":{"line":181,"column":5}}],"line":179},"11":{"loc":{"start":{"line":195,"column":4},"end":{"line":195,"column":52}},"type":"if","locations":[{"start":{"line":195,"column":4},"end":{"line":195,"column":52}},{"start":{"line":195,"column":4},"end":{"line":195,"column":52}}],"line":195},"12":{"loc":{"start":{"line":197,"column":4},"end":{"line":201,"column":5}},"type":"if","locations":[{"start":{"line":197,"column":4},"end":{"line":201,"column":5}},{"start":{"line":197,"column":4},"end":{"line":201,"column":5}}],"line":197},"13":{"loc":{"start":{"line":213,"column":4},"end":{"line":217,"column":5}},"type":"if","locations":[{"start":{"line":213,"column":4},"end":{"line":217,"column":5}},{"start":{"line":213,"column":4},"end":{"line":217,"column":5}}],"line":213},"14":{"loc":{"start":{"line":213,"column":8},"end":{"line":213,"column":32}},"type":"binary-expr","locations":[{"start":{"line":213,"column":8},"end":{"line":213,"column":16}},{"start":{"line":213,"column":20},"end":{"line":213,"column":32}}],"line":213},"15":{"loc":{"start":{"line":219,"column":4},"end":{"line":240,"column":5}},"type":"if","locations":[{"start":{"line":219,"column":4},"end":{"line":240,"column":5}},{"start":{"line":219,"column":4},"end":{"line":240,"column":5}}],"line":219},"16":{"loc":{"start":{"line":220,"column":21},"end":{"line":220,"column":64}},"type":"cond-expr","locations":[{"start":{"line":220,"column":51},"end":{"line":220,"column":57}},{"start":{"line":220,"column":60},"end":{"line":220,"column":64}}],"line":220},"17":{"loc":{"start":{"line":222,"column":6},"end":{"line":226,"column":7}},"type":"if","locations":[{"start":{"line":222,"column":6},"end":{"line":226,"column":7}},{"start":{"line":222,"column":6},"end":{"line":226,"column":7}}],"line":222},"18":{"loc":{"start":{"line":229,"column":6},"end":{"line":239,"column":7}},"type":"if","locations":[{"start":{"line":229,"column":6},"end":{"line":239,"column":7}},{"start":{"line":229,"column":6},"end":{"line":239,"column":7}}],"line":229},"19":{"loc":{"start":{"line":230,"column":8},"end":{"line":232,"column":9}},"type":"if","locations":[{"start":{"line":230,"column":8},"end":{"line":232,"column":9}},{"start":{"line":230,"column":8},"end":{"line":232,"column":9}}],"line":230},"20":{"loc":{"start":{"line":235,"column":8},"end":{"line":237,"column":9}},"type":"if","locations":[{"start":{"line":235,"column":8},"end":{"line":237,"column":9}},{"start":{"line":235,"column":8},"end":{"line":237,"column":9}}],"line":235},"21":{"loc":{"start":{"line":251,"column":4},"end":{"line":255,"column":5}},"type":"if","locations":[{"start":{"line":251,"column":4},"end":{"line":255,"column":5}},{"start":{"line":251,"column":4},"end":{"line":255,"column":5}}],"line":251},"22":{"loc":{"start":{"line":256,"column":4},"end":{"line":256,"column":30}},"type":"if","locations":[{"start":{"line":256,"column":4},"end":{"line":256,"column":30}},{"start":{"line":256,"column":4},"end":{"line":256,"column":30}}],"line":256},"23":{"loc":{"start":{"line":258,"column":4},"end":{"line":258,"column":27}},"type":"if","locations":[{"start":{"line":258,"column":4},"end":{"line":258,"column":27}},{"start":{"line":258,"column":4},"end":{"line":258,"column":27}}],"line":258},"24":{"loc":{"start":{"line":268,"column":4},"end":{"line":272,"column":5}},"type":"if","locations":[{"start":{"line":268,"column":4},"end":{"line":272,"column":5}},{"start":{"line":268,"column":4},"end":{"line":272,"column":5}}],"line":268},"25":{"loc":{"start":{"line":280,"column":4},"end":{"line":284,"column":5}},"type":"if","locations":[{"start":{"line":280,"column":4},"end":{"line":284,"column":5}},{"start":{"line":280,"column":4},"end":{"line":284,"column":5}}],"line":280}},"s":{"0":0,"1":0,"2":0,"3":0,"4":0,"5":0,"6":0,"7":0,"8":0,"9":0,"10":0,"11":0,"12":0,"13":0,"14":0,"15":0,"16":0,"17":0,"18":0,"19":0,"20":0,"21":0,"22":0,"23":0,"24":0,"25":0,"26":0,"27":0,"28":0,"29":0,"30":0,"31":0,"32":0,"33":0,"34":0,"35":0,"36":0,"37":0,"38":0,"39":0,"40":0,"41":0,"42":0,"43":0,"44":0,"45":0,"46":0,"47":0,"48":0,"49":0,"50":0,"51":0,"52":0,"53":0,"54":0,"55":0,"56":0,"57":0,"58":0,"59":0,"60":0,"61":0,"62":0,"63":0,"64":0,"65":0,"66":0,"67":0,"68":0,"69":0,"70":0,"71":0,"72":0,"73":0,"74":0,"75":0,"76":0,"77":0,"78":0,"79":0,"80":0,"81":0,"82":0,"83":0,"84":0,"85":0,"86":0,"87":0,"88":0,"89":0,"90":0,"91":0,"92":0,"93":0,"94":0,"95":0,"96":0,"97":0,"98":0,"99":0,"100":0,"101":0,"102":0,"103":0,"104":0,"105":0,"106":0,"107":0,"108":0,"109":0,"110":0,"111":0,"112":0,"113":0,"114":0,"115":0,"116":0,"117":0,"118":0,"119":0,"120":0,"121":0,"122":0,"123":0,"124":0,"125":0,"126":0,"127":0,"128":0,"129":0,"130":0,"131":0,"132":0,"133":0,"134":0,"135":0,"136":0,"137":0,"138":0,"139":0,"140":0,"141":0,"142":0,"143":0,"144":0},"f":{"0":0,"1":0,"2":0,"3":0,"4":0,"5":0,"6":0,"7":0,"8":0,"9":0,"10":0,"11":0,"12":0,"13":0,"14":0,"15":0,"16":0,"17":0,"18":0,"19":0,"20":0},"b":{"0":[0,0],"1":[0,0],"2":[0,0],"3":[0,0],"4":[0,0],"5":[0,0],"6":[0,0],"7":[0,0],"8":[0,0],"9":[0,0],"10":[0,0],"11":[0,0],"12":[0,0],"13":[0,0],"14":[0,0],"15":[0,0],"16":[0,0],"17":[0,0],"18":[0,0],"19":[0,0],"20":[0,0],"21":[0,0],"22":[0,0],"23":[0,0],"24":[0,0],"25":[0,0]},"_coverageSchema":"1a1c01bbd47fc00a2c39e90264f33305004495a9","hash":"8369627b43cdeedd04e0403ceccb0972bc65cbc3"}
,"/data/data/com.termux/files/home/slider/src/demoTemplate.ts": {"path":"/data/data/com.termux/files/home/slider/src/demoTemplate.ts","statementMap":{"0":{"start":{"line":1,"column":21},"end":{"line":68,"column":3}}},"fnMap":{},"branchMap":{},"s":{"0":1},"f":{},"b":{},"_coverageSchema":"1a1c01bbd47fc00a2c39e90264f33305004495a9","hash":"7ae7721e9ff9b7ff4d0ae15b7caca4a6a3e6ce9a"}
,"/data/data/com.termux/files/home/slider/src/standardOptions.ts": {"path":"/data/data/com.termux/files/home/slider/src/standardOptions.ts","statementMap":{"0":{"start":{"line":3,"column":33},"end":{"line":18,"column":1}}},"fnMap":{},"branchMap":{},"s":{"0":1},"f":{},"b":{},"_coverageSchema":"1a1c01bbd47fc00a2c39e90264f33305004495a9","hash":"5c848175a2c1622fa4e76f649f69a0494bc69eb3"}
}
