{"/data/data/com.termux/files/home/slider/src/slider/View/View.ts": {"path":"/data/data/com.termux/files/home/slider/src/slider/View/View.ts","statementMap":{"0":{"start":{"line":39,"column":4},"end":{"line":39,"column":38}},"1":{"start":{"line":41,"column":4},"end":{"line":41,"column":27}},"2":{"start":{"line":43,"column":4},"end":{"line":43,"column":54}},"3":{"start":{"line":44,"column":4},"end":{"line":44,"column":36}},"4":{"start":{"line":46,"column":4},"end":{"line":46,"column":50}},"5":{"start":{"line":47,"column":4},"end":{"line":47,"column":42}},"6":{"start":{"line":48,"column":4},"end":{"line":48,"column":46}},"7":{"start":{"line":49,"column":4},"end":{"line":49,"column":46}},"8":{"start":{"line":51,"column":4},"end":{"line":51,"column":28}},"9":{"start":{"line":53,"column":4},"end":{"line":53,"column":30}},"10":{"start":{"line":59,"column":17},"end":{"line":59,"column":44}},"11":{"start":{"line":60,"column":20},"end":{"line":60,"column":44}},"12":{"start":{"line":63,"column":8},"end":{"line":63,"column":12}},"13":{"start":{"line":65,"column":4},"end":{"line":70,"column":6}},"14":{"start":{"line":76,"column":8},"end":{"line":76,"column":15}},"15":{"start":{"line":77,"column":19},"end":{"line":77,"column":48}},"16":{"start":{"line":79,"column":4},"end":{"line":79,"column":54}},"17":{"start":{"line":80,"column":4},"end":{"line":80,"column":27}},"18":{"start":{"line":82,"column":4},"end":{"line":82,"column":18}},"19":{"start":{"line":86,"column":4},"end":{"line":86,"column":30}},"20":{"start":{"line":90,"column":4},"end":{"line":90,"column":28}},"21":{"start":{"line":94,"column":4},"end":{"line":94,"column":32}},"22":{"start":{"line":98,"column":4},"end":{"line":98,"column":30}},"23":{"start":{"line":106,"column":35},"end":{"line":109,"column":5}},"24":{"start":{"line":111,"column":4},"end":{"line":111,"column":37}},"25":{"start":{"line":112,"column":4},"end":{"line":112,"column":33}},"26":{"start":{"line":113,"column":4},"end":{"line":113,"column":35}},"27":{"start":{"line":114,"column":4},"end":{"line":114,"column":35}},"28":{"start":{"line":116,"column":4},"end":{"line":118,"column":6}},"29":{"start":{"line":124,"column":4},"end":{"line":124,"column":25}},"30":{"start":{"line":125,"column":4},"end":{"line":125,"column":62}},"31":{"start":{"line":126,"column":4},"end":{"line":126,"column":39}},"32":{"start":{"line":127,"column":4},"end":{"line":127,"column":50}},"33":{"start":{"line":128,"column":4},"end":{"line":128,"column":46}},"34":{"start":{"line":129,"column":4},"end":{"line":129,"column":46}},"35":{"start":{"line":130,"column":4},"end":{"line":130,"column":42}},"36":{"start":{"line":131,"column":4},"end":{"line":131,"column":28}},"37":{"start":{"line":132,"column":4},"end":{"line":132,"column":30}},"38":{"start":{"line":140,"column":8},"end":{"line":140,"column":15}},"39":{"start":{"line":142,"column":19},"end":{"line":142,"column":48}},"40":{"start":{"line":144,"column":4},"end":{"line":144,"column":48}},"41":{"start":{"line":148,"column":4},"end":{"line":148,"column":61}},"42":{"start":{"line":149,"column":4},"end":{"line":149,"column":61}},"43":{"start":{"line":150,"column":4},"end":{"line":150,"column":29}},"44":{"start":{"line":154,"column":29},"end":{"line":154,"column":54}},"45":{"start":{"line":155,"column":4},"end":{"line":155,"column":65}},"46":{"start":{"line":156,"column":4},"end":{"line":156,"column":64}},"47":{"start":{"line":158,"column":4},"end":{"line":158,"column":65}},"48":{"start":{"line":159,"column":4},"end":{"line":159,"column":70}},"49":{"start":{"line":163,"column":19},"end":{"line":163,"column":46}},"50":{"start":{"line":165,"column":4},"end":{"line":179,"column":5}},"51":{"start":{"line":166,"column":19},"end":{"line":166,"column":47}},"52":{"start":{"line":168,"column":23},"end":{"line":173,"column":7}},"53":{"start":{"line":169,"column":8},"end":{"line":169,"column":56}},"54":{"start":{"line":170,"column":8},"end":{"line":170,"column":54}},"55":{"start":{"line":171,"column":8},"end":{"line":171,"column":58}},"56":{"start":{"line":172,"column":8},"end":{"line":172,"column":57}},"57":{"start":{"line":175,"column":6},"end":{"line":175,"column":51}},"58":{"start":{"line":176,"column":6},"end":{"line":176,"column":49}},"59":{"start":{"line":177,"column":6},"end":{"line":177,"column":53}},"60":{"start":{"line":178,"column":6},"end":{"line":178,"column":52}},"61":{"start":{"line":185,"column":8},"end":{"line":185,"column":18}},"62":{"start":{"line":186,"column":4},"end":{"line":186,"column":27}},"63":{"start":{"line":187,"column":21},"end":{"line":187,"column":22}},"64":{"start":{"line":189,"column":4},"end":{"line":189,"column":49}},"65":{"start":{"line":189,"column":42},"end":{"line":189,"column":49}},"66":{"start":{"line":191,"column":4},"end":{"line":201,"column":5}},"67":{"start":{"line":192,"column":6},"end":{"line":196,"column":7}},"68":{"start":{"line":193,"column":8},"end":{"line":193,"column":69}},"69":{"start":{"line":195,"column":8},"end":{"line":195,"column":58}},"70":{"start":{"line":197,"column":11},"end":{"line":201,"column":5}},"71":{"start":{"line":198,"column":6},"end":{"line":198,"column":67}},"72":{"start":{"line":200,"column":6},"end":{"line":200,"column":56}},"73":{"start":{"line":202,"column":4},"end":{"line":202,"column":44}},"74":{"start":{"line":206,"column":20},"end":{"line":206,"column":67}},"75":{"start":{"line":208,"column":4},"end":{"line":210,"column":5}},"76":{"start":{"line":209,"column":6},"end":{"line":209,"column":53}},"77":{"start":{"line":209,"column":39},"end":{"line":209,"column":53}},"78":{"start":{"line":211,"column":4},"end":{"line":213,"column":5}},"79":{"start":{"line":212,"column":6},"end":{"line":212,"column":18}},"80":{"start":{"line":214,"column":4},"end":{"line":214,"column":23}},"81":{"start":{"line":220,"column":8},"end":{"line":220,"column":18}},"82":{"start":{"line":223,"column":8},"end":{"line":223,"column":18}},"83":{"start":{"line":226,"column":8},"end":{"line":226,"column":20}},"84":{"start":{"line":228,"column":19},"end":{"line":228,"column":20}},"85":{"start":{"line":230,"column":4},"end":{"line":232,"column":5}},"86":{"start":{"line":231,"column":6},"end":{"line":231,"column":26}},"87":{"start":{"line":234,"column":16},"end":{"line":234,"column":50}},"88":{"start":{"line":236,"column":4},"end":{"line":236,"column":56}},"89":{"start":{"line":238,"column":4},"end":{"line":238,"column":34}},"90":{"start":{"line":244,"column":8},"end":{"line":244,"column":18}},"91":{"start":{"line":247,"column":8},"end":{"line":247,"column":13}},"92":{"start":{"line":248,"column":21},"end":{"line":248,"column":22}},"93":{"start":{"line":250,"column":4},"end":{"line":250,"column":47}},"94":{"start":{"line":250,"column":40},"end":{"line":250,"column":47}},"95":{"start":{"line":252,"column":4},"end":{"line":256,"column":5}},"96":{"start":{"line":253,"column":6},"end":{"line":253,"column":33}},"97":{"start":{"line":255,"column":6},"end":{"line":255,"column":33}},"98":{"start":{"line":257,"column":18},"end":{"line":257,"column":51}},"99":{"start":{"line":258,"column":4},"end":{"line":258,"column":31}},"100":{"start":{"line":267,"column":8},"end":{"line":267,"column":18}},"101":{"start":{"line":269,"column":25},"end":{"line":269,"column":47}},"102":{"start":{"line":270,"column":23},"end":{"line":270,"column":43}},"103":{"start":{"line":271,"column":21},"end":{"line":271,"column":38}},"104":{"start":{"line":273,"column":4},"end":{"line":279,"column":5}},"105":{"start":{"line":274,"column":6},"end":{"line":276,"column":9}},"106":{"start":{"line":277,"column":6},"end":{"line":277,"column":38}},"107":{"start":{"line":278,"column":6},"end":{"line":278,"column":13}},"108":{"start":{"line":281,"column":4},"end":{"line":324,"column":5}},"109":{"start":{"line":282,"column":21},"end":{"line":282,"column":64}},"110":{"start":{"line":284,"column":6},"end":{"line":294,"column":7}},"111":{"start":{"line":285,"column":8},"end":{"line":287,"column":11}},"112":{"start":{"line":288,"column":8},"end":{"line":288,"column":40}},"113":{"start":{"line":290,"column":8},"end":{"line":292,"column":11}},"114":{"start":{"line":293,"column":8},"end":{"line":293,"column":40}},"115":{"start":{"line":296,"column":22},"end":{"line":296,"column":48}},"116":{"start":{"line":297,"column":6},"end":{"line":323,"column":7}},"117":{"start":{"line":298,"column":8},"end":{"line":305,"column":9}},"118":{"start":{"line":299,"column":10},"end":{"line":304,"column":11}},"119":{"start":{"line":300,"column":12},"end":{"line":302,"column":15}},"120":{"start":{"line":303,"column":12},"end":{"line":303,"column":19}},"121":{"start":{"line":306,"column":8},"end":{"line":308,"column":11}},"122":{"start":{"line":310,"column":8},"end":{"line":310,"column":40}},"123":{"start":{"line":312,"column":8},"end":{"line":317,"column":9}},"124":{"start":{"line":313,"column":10},"end":{"line":315,"column":13}},"125":{"start":{"line":316,"column":10},"end":{"line":316,"column":17}},"126":{"start":{"line":319,"column":8},"end":{"line":321,"column":11}},"127":{"start":{"line":322,"column":8},"end":{"line":322,"column":40}},"128":{"start":{"line":335,"column":8},"end":{"line":335,"column":18}},"129":{"start":{"line":336,"column":22},"end":{"line":336,"column":46}},"130":{"start":{"line":338,"column":25},"end":{"line":338,"column":41}},"131":{"start":{"line":340,"column":13},"end":{"line":340,"column":14}},"132":{"start":{"line":341,"column":4},"end":{"line":345,"column":5}},"133":{"start":{"line":342,"column":6},"end":{"line":342,"column":34}},"134":{"start":{"line":344,"column":6},"end":{"line":344,"column":37}},"135":{"start":{"line":346,"column":4},"end":{"line":346,"column":30}},"136":{"start":{"line":346,"column":19},"end":{"line":346,"column":30}},"137":{"start":{"line":348,"column":4},"end":{"line":348,"column":27}},"138":{"start":{"line":348,"column":16},"end":{"line":348,"column":27}},"139":{"start":{"line":350,"column":18},"end":{"line":350,"column":55}},"140":{"start":{"line":352,"column":4},"end":{"line":352,"column":17}},"141":{"start":{"line":364,"column":8},"end":{"line":364,"column":18}},"142":{"start":{"line":370,"column":8},"end":{"line":370,"column":18}},"143":{"start":{"line":372,"column":16},"end":{"line":372,"column":27}},"144":{"start":{"line":374,"column":4},"end":{"line":398,"column":5}},"145":{"start":{"line":375,"column":20},"end":{"line":375,"column":21}},"146":{"start":{"line":376,"column":22},"end":{"line":376,"column":23}},"147":{"start":{"line":377,"column":6},"end":{"line":383,"column":7}},"148":{"start":{"line":378,"column":8},"end":{"line":378,"column":52}},"149":{"start":{"line":379,"column":8},"end":{"line":379,"column":54}},"150":{"start":{"line":381,"column":8},"end":{"line":381,"column":52}},"151":{"start":{"line":382,"column":8},"end":{"line":382,"column":54}},"152":{"start":{"line":384,"column":30},"end":{"line":384,"column":49}},"153":{"start":{"line":385,"column":22},"end":{"line":385,"column":39}},"154":{"start":{"line":386,"column":23},"end":{"line":386,"column":43}},"155":{"start":{"line":387,"column":26},"end":{"line":387,"column":54}},"156":{"start":{"line":389,"column":6},"end":{"line":389,"column":29}},"157":{"start":{"line":390,"column":6},"end":{"line":390,"column":35}},"158":{"start":{"line":392,"column":6},"end":{"line":394,"column":9}},"159":{"start":{"line":395,"column":6},"end":{"line":397,"column":9}},"160":{"start":{"line":405,"column":8},"end":{"line":405,"column":18}},"161":{"start":{"line":406,"column":19},"end":{"line":406,"column":20}},"162":{"start":{"line":408,"column":4},"end":{"line":412,"column":5}},"163":{"start":{"line":409,"column":6},"end":{"line":409,"column":53}},"164":{"start":{"line":411,"column":6},"end":{"line":411,"column":52}},"165":{"start":{"line":414,"column":4},"end":{"line":414,"column":20}},"166":{"start":{"line":420,"column":8},"end":{"line":420,"column":15}},"167":{"start":{"line":421,"column":15},"end":{"line":421,"column":16}},"168":{"start":{"line":422,"column":4},"end":{"line":426,"column":5}},"169":{"start":{"line":423,"column":6},"end":{"line":423,"column":55}},"170":{"start":{"line":425,"column":6},"end":{"line":425,"column":56}},"171":{"start":{"line":427,"column":4},"end":{"line":427,"column":16}}},"fnMap":{"0":{"name":"(anonymous_0)","decl":{"start":{"line":38,"column":2},"end":{"line":38,"column":3}},"loc":{"start":{"line":38,"column":65},"end":{"line":54,"column":3}},"line":38},"1":{"name":"(anonymous_1)","decl":{"start":{"line":58,"column":2},"end":{"line":58,"column":3}},"loc":{"start":{"line":58,"column":44},"end":{"line":71,"column":3}},"line":58},"2":{"name":"(anonymous_2)","decl":{"start":{"line":73,"column":2},"end":{"line":73,"column":3}},"loc":{"start":{"line":73,"column":86},"end":{"line":83,"column":3}},"line":73},"3":{"name":"(anonymous_3)","decl":{"start":{"line":85,"column":2},"end":{"line":85,"column":3}},"loc":{"start":{"line":85,"column":49},"end":{"line":87,"column":3}},"line":85},"4":{"name":"(anonymous_4)","decl":{"start":{"line":89,"column":2},"end":{"line":89,"column":3}},"loc":{"start":{"line":89,"column":45},"end":{"line":91,"column":3}},"line":89},"5":{"name":"(anonymous_5)","decl":{"start":{"line":93,"column":2},"end":{"line":93,"column":3}},"loc":{"start":{"line":93,"column":53},"end":{"line":95,"column":3}},"line":93},"6":{"name":"(anonymous_6)","decl":{"start":{"line":97,"column":2},"end":{"line":97,"column":3}},"loc":{"start":{"line":97,"column":49},"end":{"line":99,"column":3}},"line":97},"7":{"name":"(anonymous_7)","decl":{"start":{"line":105,"column":2},"end":{"line":105,"column":3}},"loc":{"start":{"line":105,"column":49},"end":{"line":119,"column":3}},"line":105},"8":{"name":"(anonymous_8)","decl":{"start":{"line":123,"column":2},"end":{"line":123,"column":3}},"loc":{"start":{"line":123,"column":24},"end":{"line":133,"column":3}},"line":123},"9":{"name":"(anonymous_9)","decl":{"start":{"line":135,"column":2},"end":{"line":135,"column":3}},"loc":{"start":{"line":135,"column":46},"end":{"line":145,"column":3}},"line":135},"10":{"name":"(anonymous_10)","decl":{"start":{"line":147,"column":2},"end":{"line":147,"column":3}},"loc":{"start":{"line":147,"column":31},"end":{"line":151,"column":3}},"line":147},"11":{"name":"(anonymous_11)","decl":{"start":{"line":153,"column":2},"end":{"line":153,"column":3}},"loc":{"start":{"line":153,"column":30},"end":{"line":160,"column":3}},"line":153},"12":{"name":"(anonymous_12)","decl":{"start":{"line":162,"column":2},"end":{"line":162,"column":3}},"loc":{"start":{"line":162,"column":52},"end":{"line":180,"column":3}},"line":162},"13":{"name":"(anonymous_13)","decl":{"start":{"line":168,"column":23},"end":{"line":168,"column":24}},"loc":{"start":{"line":168,"column":29},"end":{"line":173,"column":7}},"line":168},"14":{"name":"(anonymous_14)","decl":{"start":{"line":182,"column":2},"end":{"line":182,"column":3}},"loc":{"start":{"line":182,"column":48},"end":{"line":203,"column":3}},"line":182},"15":{"name":"(anonymous_15)","decl":{"start":{"line":205,"column":2},"end":{"line":205,"column":3}},"loc":{"start":{"line":205,"column":53},"end":{"line":215,"column":3}},"line":205},"16":{"name":"(anonymous_16)","decl":{"start":{"line":217,"column":2},"end":{"line":217,"column":3}},"loc":{"start":{"line":217,"column":45},"end":{"line":239,"column":3}},"line":217},"17":{"name":"(anonymous_17)","decl":{"start":{"line":241,"column":2},"end":{"line":241,"column":3}},"loc":{"start":{"line":241,"column":45},"end":{"line":259,"column":3}},"line":241},"18":{"name":"(anonymous_18)","decl":{"start":{"line":261,"column":2},"end":{"line":261,"column":3}},"loc":{"start":{"line":261,"column":67},"end":{"line":325,"column":3}},"line":261},"19":{"name":"(anonymous_19)","decl":{"start":{"line":327,"column":2},"end":{"line":327,"column":3}},"loc":{"start":{"line":327,"column":54},"end":{"line":353,"column":3}},"line":327},"20":{"name":"(anonymous_20)","decl":{"start":{"line":360,"column":2},"end":{"line":360,"column":3}},"loc":{"start":{"line":360,"column":44},"end":{"line":399,"column":3}},"line":360},"21":{"name":"(anonymous_21)","decl":{"start":{"line":401,"column":2},"end":{"line":401,"column":3}},"loc":{"start":{"line":401,"column":37},"end":{"line":415,"column":3}},"line":401},"22":{"name":"(anonymous_22)","decl":{"start":{"line":417,"column":2},"end":{"line":417,"column":3}},"loc":{"start":{"line":417,"column":49},"end":{"line":428,"column":3}},"line":417}},"branchMap":{"0":{"loc":{"start":{"line":165,"column":4},"end":{"line":179,"column":5}},"type":"if","locations":[{"start":{"line":165,"column":4},"end":{"line":179,"column":5}},{"start":{"line":165,"column":4},"end":{"line":179,"column":5}}],"line":165},"1":{"loc":{"start":{"line":189,"column":4},"end":{"line":189,"column":49}},"type":"if","locations":[{"start":{"line":189,"column":4},"end":{"line":189,"column":49}},{"start":{"line":189,"column":4},"end":{"line":189,"column":49}}],"line":189},"2":{"loc":{"start":{"line":191,"column":4},"end":{"line":201,"column":5}},"type":"if","locations":[{"start":{"line":191,"column":4},"end":{"line":201,"column":5}},{"start":{"line":191,"column":4},"end":{"line":201,"column":5}}],"line":191},"3":{"loc":{"start":{"line":192,"column":6},"end":{"line":196,"column":7}},"type":"if","locations":[{"start":{"line":192,"column":6},"end":{"line":196,"column":7}},{"start":{"line":192,"column":6},"end":{"line":196,"column":7}}],"line":192},"4":{"loc":{"start":{"line":197,"column":11},"end":{"line":201,"column":5}},"type":"if","locations":[{"start":{"line":197,"column":11},"end":{"line":201,"column":5}},{"start":{"line":197,"column":11},"end":{"line":201,"column":5}}],"line":197},"5":{"loc":{"start":{"line":208,"column":4},"end":{"line":210,"column":5}},"type":"if","locations":[{"start":{"line":208,"column":4},"end":{"line":210,"column":5}},{"start":{"line":208,"column":4},"end":{"line":210,"column":5}}],"line":208},"6":{"loc":{"start":{"line":209,"column":6},"end":{"line":209,"column":53}},"type":"if","locations":[{"start":{"line":209,"column":6},"end":{"line":209,"column":53}},{"start":{"line":209,"column":6},"end":{"line":209,"column":53}}],"line":209},"7":{"loc":{"start":{"line":211,"column":4},"end":{"line":213,"column":5}},"type":"if","locations":[{"start":{"line":211,"column":4},"end":{"line":213,"column":5}},{"start":{"line":211,"column":4},"end":{"line":213,"column":5}}],"line":211},"8":{"loc":{"start":{"line":230,"column":4},"end":{"line":232,"column":5}},"type":"if","locations":[{"start":{"line":230,"column":4},"end":{"line":232,"column":5}},{"start":{"line":230,"column":4},"end":{"line":232,"column":5}}],"line":230},"9":{"loc":{"start":{"line":250,"column":4},"end":{"line":250,"column":47}},"type":"if","locations":[{"start":{"line":250,"column":4},"end":{"line":250,"column":47}},{"start":{"line":250,"column":4},"end":{"line":250,"column":47}}],"line":250},"10":{"loc":{"start":{"line":252,"column":4},"end":{"line":256,"column":5}},"type":"if","locations":[{"start":{"line":252,"column":4},"end":{"line":256,"column":5}},{"start":{"line":252,"column":4},"end":{"line":256,"column":5}}],"line":252},"11":{"loc":{"start":{"line":273,"column":4},"end":{"line":279,"column":5}},"type":"if","locations":[{"start":{"line":273,"column":4},"end":{"line":279,"column":5}},{"start":{"line":273,"column":4},"end":{"line":279,"column":5}}],"line":273},"12":{"loc":{"start":{"line":273,"column":8},"end":{"line":273,"column":32}},"type":"binary-expr","locations":[{"start":{"line":273,"column":8},"end":{"line":273,"column":16}},{"start":{"line":273,"column":20},"end":{"line":273,"column":32}}],"line":273},"13":{"loc":{"start":{"line":281,"column":4},"end":{"line":324,"column":5}},"type":"if","locations":[{"start":{"line":281,"column":4},"end":{"line":324,"column":5}},{"start":{"line":281,"column":4},"end":{"line":324,"column":5}}],"line":281},"14":{"loc":{"start":{"line":282,"column":21},"end":{"line":282,"column":64}},"type":"cond-expr","locations":[{"start":{"line":282,"column":51},"end":{"line":282,"column":57}},{"start":{"line":282,"column":60},"end":{"line":282,"column":64}}],"line":282},"15":{"loc":{"start":{"line":284,"column":6},"end":{"line":294,"column":7}},"type":"if","locations":[{"start":{"line":284,"column":6},"end":{"line":294,"column":7}},{"start":{"line":284,"column":6},"end":{"line":294,"column":7}}],"line":284},"16":{"loc":{"start":{"line":297,"column":6},"end":{"line":323,"column":7}},"type":"if","locations":[{"start":{"line":297,"column":6},"end":{"line":323,"column":7}},{"start":{"line":297,"column":6},"end":{"line":323,"column":7}}],"line":297},"17":{"loc":{"start":{"line":298,"column":8},"end":{"line":305,"column":9}},"type":"if","locations":[{"start":{"line":298,"column":8},"end":{"line":305,"column":9}},{"start":{"line":298,"column":8},"end":{"line":305,"column":9}}],"line":298},"18":{"loc":{"start":{"line":299,"column":10},"end":{"line":304,"column":11}},"type":"if","locations":[{"start":{"line":299,"column":10},"end":{"line":304,"column":11}},{"start":{"line":299,"column":10},"end":{"line":304,"column":11}}],"line":299},"19":{"loc":{"start":{"line":312,"column":8},"end":{"line":317,"column":9}},"type":"if","locations":[{"start":{"line":312,"column":8},"end":{"line":317,"column":9}},{"start":{"line":312,"column":8},"end":{"line":317,"column":9}}],"line":312},"20":{"loc":{"start":{"line":341,"column":4},"end":{"line":345,"column":5}},"type":"if","locations":[{"start":{"line":341,"column":4},"end":{"line":345,"column":5}},{"start":{"line":341,"column":4},"end":{"line":345,"column":5}}],"line":341},"21":{"loc":{"start":{"line":346,"column":4},"end":{"line":346,"column":30}},"type":"if","locations":[{"start":{"line":346,"column":4},"end":{"line":346,"column":30}},{"start":{"line":346,"column":4},"end":{"line":346,"column":30}}],"line":346},"22":{"loc":{"start":{"line":348,"column":4},"end":{"line":348,"column":27}},"type":"if","locations":[{"start":{"line":348,"column":4},"end":{"line":348,"column":27}},{"start":{"line":348,"column":4},"end":{"line":348,"column":27}}],"line":348},"23":{"loc":{"start":{"line":374,"column":4},"end":{"line":398,"column":5}},"type":"if","locations":[{"start":{"line":374,"column":4},"end":{"line":398,"column":5}},{"start":{"line":374,"column":4},"end":{"line":398,"column":5}}],"line":374},"24":{"loc":{"start":{"line":377,"column":6},"end":{"line":383,"column":7}},"type":"if","locations":[{"start":{"line":377,"column":6},"end":{"line":383,"column":7}},{"start":{"line":377,"column":6},"end":{"line":383,"column":7}}],"line":377},"25":{"loc":{"start":{"line":408,"column":4},"end":{"line":412,"column":5}},"type":"if","locations":[{"start":{"line":408,"column":4},"end":{"line":412,"column":5}},{"start":{"line":408,"column":4},"end":{"line":412,"column":5}}],"line":408},"26":{"loc":{"start":{"line":422,"column":4},"end":{"line":426,"column":5}},"type":"if","locations":[{"start":{"line":422,"column":4},"end":{"line":426,"column":5}},{"start":{"line":422,"column":4},"end":{"line":426,"column":5}}],"line":422}},"s":{"0":155,"1":155,"2":155,"3":155,"4":155,"5":155,"6":155,"7":155,"8":155,"9":155,"10":202,"11":202,"12":202,"13":202,"14":202,"15":202,"16":202,"17":202,"18":202,"19":202,"20":202,"21":202,"22":202,"23":325,"24":325,"25":325,"26":325,"27":325,"28":325,"29":47,"30":47,"31":47,"32":47,"33":47,"34":47,"35":47,"36":47,"37":47,"38":203,"39":203,"40":203,"41":202,"42":202,"43":202,"44":202,"45":202,"46":202,"47":202,"48":202,"49":2,"50":2,"51":2,"52":2,"53":2,"54":2,"55":2,"56":2,"57":2,"58":2,"59":2,"60":2,"61":2,"62":2,"63":2,"64":2,"65":0,"66":2,"67":2,"68":0,"69":2,"70":0,"71":0,"72":0,"73":2,"74":4,"75":4,"76":4,"77":4,"78":0,"79":0,"80":0,"81":1,"82":1,"83":1,"84":1,"85":1,"86":1,"87":1,"88":1,"89":1,"90":2,"91":2,"92":2,"93":2,"94":0,"95":2,"96":2,"97":0,"98":2,"99":2,"100":5,"101":5,"102":5,"103":5,"104":5,"105":0,"106":0,"107":0,"108":5,"109":3,"110":3,"111":1,"112":1,"113":2,"114":2,"115":2,"116":2,"117":2,"118":2,"119":0,"120":0,"121":2,"122":2,"123":0,"124":0,"125":0,"126":0,"127":0,"128":5,"129":5,"130":5,"131":5,"132":5,"133":5,"134":0,"135":5,"136":0,"137":5,"138":2,"139":3,"140":3,"141":5,"142":5,"143":5,"144":5,"145":5,"146":5,"147":5,"148":0,"149":0,"150":5,"151":5,"152":5,"153":5,"154":5,"155":5,"156":5,"157":5,"158":5,"159":5,"160":6,"161":6,"162":6,"163":5,"164":1,"165":6,"166":407,"167":407,"168":407,"169":390,"170":17,"171":407},"f":{"0":155,"1":202,"2":202,"3":202,"4":202,"5":202,"6":202,"7":325,"8":47,"9":203,"10":202,"11":202,"12":2,"13":2,"14":2,"15":4,"16":1,"17":2,"18":5,"19":5,"20":5,"21":6,"22":407},"b":{"0":[2,0],"1":[0,2],"2":[2,0],"3":[0,2],"4":[0,0],"5":[4,0],"6":[4,0],"7":[0,0],"8":[1,0],"9":[0,2],"10":[2,0],"11":[0,5],"12":[5,0],"13":[3,2],"14":[1,2],"15":[1,2],"16":[2,0],"17":[2,0],"18":[0,2],"19":[0,0],"20":[5,0],"21":[0,5],"22":[2,3],"23":[5,0],"24":[0,5],"25":[5,1],"26":[390,17]},"_coverageSchema":"1a1c01bbd47fc00a2c39e90264f33305004495a9","hash":"00a3669c7a3aba81e0cbdc05b48d1b2e7ee5772d"}
,"/data/data/com.termux/files/home/slider/src/slider/View/Bar/Bar.ts": {"path":"/data/data/com.termux/files/home/slider/src/slider/View/Bar/Bar.ts","statementMap":{"0":{"start":{"line":5,"column":4},"end":{"line":5,"column":25}},"1":{"start":{"line":9,"column":36},"end":{"line":9,"column":43}},"2":{"start":{"line":11,"column":16},"end":{"line":11,"column":45}},"3":{"start":{"line":13,"column":4},"end":{"line":13,"column":61}},"4":{"start":{"line":15,"column":4},"end":{"line":15,"column":23}},"5":{"start":{"line":16,"column":4},"end":{"line":16,"column":35}},"6":{"start":{"line":17,"column":4},"end":{"line":17,"column":33}},"7":{"start":{"line":21,"column":23},"end":{"line":21,"column":30}},"8":{"start":{"line":23,"column":16},"end":{"line":23,"column":68}},"9":{"start":{"line":25,"column":4},"end":{"line":25,"column":35}},"10":{"start":{"line":26,"column":4},"end":{"line":26,"column":33}},"11":{"start":{"line":32,"column":8},"end":{"line":32,"column":15}},"12":{"start":{"line":33,"column":4},"end":{"line":39,"column":5}},"13":{"start":{"line":34,"column":6},"end":{"line":38,"column":7}},"14":{"start":{"line":35,"column":8},"end":{"line":35,"column":91}},"15":{"start":{"line":37,"column":8},"end":{"line":37,"column":37}},"16":{"start":{"line":43,"column":23},"end":{"line":43,"column":30}},"17":{"start":{"line":45,"column":20},"end":{"line":45,"column":62}},"18":{"start":{"line":47,"column":29},"end":{"line":48,"column":50}},"19":{"start":{"line":50,"column":4},"end":{"line":50,"column":50}},"20":{"start":{"line":50,"column":43},"end":{"line":50,"column":48}},"21":{"start":{"line":54,"column":28},"end":{"line":54,"column":35}},"22":{"start":{"line":56,"column":33},"end":{"line":56,"column":78}},"23":{"start":{"line":57,"column":18},"end":{"line":57,"column":70}},"24":{"start":{"line":59,"column":4},"end":{"line":59,"column":61}},"25":{"start":{"line":65,"column":8},"end":{"line":65,"column":15}},"26":{"start":{"line":66,"column":4},"end":{"line":66,"column":32}},"27":{"start":{"line":70,"column":34},"end":{"line":70,"column":41}},"28":{"start":{"line":72,"column":25},"end":{"line":72,"column":53}},"29":{"start":{"line":74,"column":33},"end":{"line":74,"column":62}},"30":{"start":{"line":76,"column":42},"end":{"line":76,"column":75}},"31":{"start":{"line":78,"column":22},"end":{"line":78,"column":54}},"32":{"start":{"line":80,"column":21},"end":{"line":80,"column":38}},"33":{"start":{"line":82,"column":22},"end":{"line":82,"column":51}},"34":{"start":{"line":84,"column":4},"end":{"line":104,"column":5}},"35":{"start":{"line":85,"column":6},"end":{"line":96,"column":7}},"36":{"start":{"line":86,"column":19},"end":{"line":86,"column":87}},"37":{"start":{"line":88,"column":8},"end":{"line":88,"column":31}},"38":{"start":{"line":89,"column":8},"end":{"line":89,"column":40}},"39":{"start":{"line":91,"column":21},"end":{"line":91,"column":89}},"40":{"start":{"line":92,"column":19},"end":{"line":92,"column":29}},"41":{"start":{"line":94,"column":8},"end":{"line":94,"column":37}},"42":{"start":{"line":95,"column":8},"end":{"line":95,"column":40}},"43":{"start":{"line":98,"column":19},"end":{"line":98,"column":87}},"44":{"start":{"line":100,"column":17},"end":{"line":100,"column":88}},"45":{"start":{"line":102,"column":6},"end":{"line":102,"column":35}},"46":{"start":{"line":103,"column":6},"end":{"line":103,"column":38}},"47":{"start":{"line":108,"column":36},"end":{"line":108,"column":43}},"48":{"start":{"line":110,"column":19},"end":{"line":110,"column":20}},"49":{"start":{"line":112,"column":4},"end":{"line":116,"column":5}},"50":{"start":{"line":113,"column":6},"end":{"line":113,"column":53}},"51":{"start":{"line":115,"column":6},"end":{"line":115,"column":52}},"52":{"start":{"line":117,"column":4},"end":{"line":117,"column":20}}},"fnMap":{"0":{"name":"(anonymous_0)","decl":{"start":{"line":4,"column":2},"end":{"line":4,"column":3}},"loc":{"start":{"line":4,"column":34},"end":{"line":6,"column":3}},"line":4},"1":{"name":"(anonymous_1)","decl":{"start":{"line":8,"column":2},"end":{"line":8,"column":3}},"loc":{"start":{"line":8,"column":43},"end":{"line":18,"column":3}},"line":8},"2":{"name":"(anonymous_2)","decl":{"start":{"line":20,"column":2},"end":{"line":20,"column":3}},"loc":{"start":{"line":20,"column":36},"end":{"line":27,"column":3}},"line":20},"3":{"name":"(anonymous_3)","decl":{"start":{"line":29,"column":2},"end":{"line":29,"column":3}},"loc":{"start":{"line":29,"column":60},"end":{"line":40,"column":3}},"line":29},"4":{"name":"(anonymous_4)","decl":{"start":{"line":42,"column":2},"end":{"line":42,"column":3}},"loc":{"start":{"line":42,"column":59},"end":{"line":51,"column":3}},"line":42},"5":{"name":"(anonymous_5)","decl":{"start":{"line":50,"column":33},"end":{"line":50,"column":34}},"loc":{"start":{"line":50,"column":43},"end":{"line":50,"column":48}},"line":50},"6":{"name":"(anonymous_6)","decl":{"start":{"line":53,"column":2},"end":{"line":53,"column":3}},"loc":{"start":{"line":53,"column":74},"end":{"line":60,"column":3}},"line":53},"7":{"name":"(anonymous_7)","decl":{"start":{"line":62,"column":2},"end":{"line":62,"column":3}},"loc":{"start":{"line":62,"column":72},"end":{"line":67,"column":3}},"line":62},"8":{"name":"(anonymous_8)","decl":{"start":{"line":69,"column":2},"end":{"line":69,"column":3}},"loc":{"start":{"line":69,"column":58},"end":{"line":105,"column":3}},"line":69},"9":{"name":"(anonymous_9)","decl":{"start":{"line":107,"column":2},"end":{"line":107,"column":3}},"loc":{"start":{"line":107,"column":53},"end":{"line":118,"column":3}},"line":107}},"branchMap":{"0":{"loc":{"start":{"line":33,"column":4},"end":{"line":39,"column":5}},"type":"if","locations":[{"start":{"line":33,"column":4},"end":{"line":39,"column":5}},{"start":{"line":33,"column":4},"end":{"line":39,"column":5}}],"line":33},"1":{"loc":{"start":{"line":34,"column":6},"end":{"line":38,"column":7}},"type":"if","locations":[{"start":{"line":34,"column":6},"end":{"line":38,"column":7}},{"start":{"line":34,"column":6},"end":{"line":38,"column":7}}],"line":34},"2":{"loc":{"start":{"line":56,"column":33},"end":{"line":56,"column":78}},"type":"cond-expr","locations":[{"start":{"line":56,"column":64},"end":{"line":56,"column":70}},{"start":{"line":56,"column":73},"end":{"line":56,"column":78}}],"line":56},"3":{"loc":{"start":{"line":74,"column":33},"end":{"line":74,"column":62}},"type":"cond-expr","locations":[{"start":{"line":74,"column":48},"end":{"line":74,"column":54}},{"start":{"line":74,"column":57},"end":{"line":74,"column":62}}],"line":74},"4":{"loc":{"start":{"line":76,"column":42},"end":{"line":76,"column":75}},"type":"cond-expr","locations":[{"start":{"line":76,"column":57},"end":{"line":76,"column":64}},{"start":{"line":76,"column":67},"end":{"line":76,"column":75}}],"line":76},"5":{"loc":{"start":{"line":84,"column":4},"end":{"line":104,"column":5}},"type":"if","locations":[{"start":{"line":84,"column":4},"end":{"line":104,"column":5}},{"start":{"line":84,"column":4},"end":{"line":104,"column":5}}],"line":84},"6":{"loc":{"start":{"line":85,"column":6},"end":{"line":96,"column":7}},"type":"if","locations":[{"start":{"line":85,"column":6},"end":{"line":96,"column":7}},{"start":{"line":85,"column":6},"end":{"line":96,"column":7}}],"line":85},"7":{"loc":{"start":{"line":112,"column":4},"end":{"line":116,"column":5}},"type":"if","locations":[{"start":{"line":112,"column":4},"end":{"line":116,"column":5}},{"start":{"line":112,"column":4},"end":{"line":116,"column":5}}],"line":112}},"s":{"0":203,"1":203,"2":203,"3":203,"4":203,"5":203,"6":203,"7":325,"8":325,"9":325,"10":325,"11":528,"12":528,"13":528,"14":523,"15":5,"16":528,"17":528,"18":528,"19":528,"20":528,"21":1056,"22":1056,"23":1056,"24":1056,"25":1047,"26":1047,"27":528,"28":528,"29":528,"30":528,"31":528,"32":528,"33":528,"34":528,"35":9,"36":9,"37":9,"38":9,"39":0,"40":0,"41":0,"42":0,"43":519,"44":519,"45":519,"46":519,"47":529,"48":529,"49":529,"50":508,"51":21,"52":529},"f":{"0":203,"1":203,"2":325,"3":528,"4":528,"5":528,"6":1056,"7":1047,"8":528,"9":529},"b":{"0":[528,0],"1":[523,5],"2":[1014,42],"3":[507,21],"4":[507,21],"5":[9,519],"6":[9,0],"7":[508,21]},"_coverageSchema":"1a1c01bbd47fc00a2c39e90264f33305004495a9","hash":"0b6dfaa5888630a120583a5d4f0e2874edecb424"}
,"/data/data/com.termux/files/home/slider/src/slider/View/Rollers/Rollers.ts": {"path":"/data/data/com.termux/files/home/slider/src/slider/View/Rollers/Rollers.ts","statementMap":{"0":{"start":{"line":5,"column":4},"end":{"line":5,"column":25}},"1":{"start":{"line":9,"column":36},"end":{"line":9,"column":43}},"2":{"start":{"line":11,"column":24},"end":{"line":11,"column":53}},"3":{"start":{"line":12,"column":4},"end":{"line":12,"column":96}},"4":{"start":{"line":14,"column":25},"end":{"line":14,"column":54}},"5":{"start":{"line":16,"column":4},"end":{"line":18,"column":37}},"6":{"start":{"line":20,"column":4},"end":{"line":20,"column":31}},"7":{"start":{"line":21,"column":4},"end":{"line":21,"column":32}},"8":{"start":{"line":23,"column":4},"end":{"line":23,"column":59}},"9":{"start":{"line":24,"column":4},"end":{"line":24,"column":64}},"10":{"start":{"line":25,"column":4},"end":{"line":25,"column":46}},"11":{"start":{"line":26,"column":4},"end":{"line":26,"column":57}},"12":{"start":{"line":30,"column":28},"end":{"line":30,"column":35}},"13":{"start":{"line":32,"column":24},"end":{"line":32,"column":53}},"14":{"start":{"line":33,"column":4},"end":{"line":33,"column":99}},"15":{"start":{"line":34,"column":26},"end":{"line":34,"column":55}},"16":{"start":{"line":35,"column":4},"end":{"line":35,"column":102}},"17":{"start":{"line":37,"column":4},"end":{"line":37,"column":36}},"18":{"start":{"line":38,"column":4},"end":{"line":38,"column":39}},"19":{"start":{"line":40,"column":4},"end":{"line":40,"column":63}},"20":{"start":{"line":50,"column":8},"end":{"line":50,"column":15}},"21":{"start":{"line":52,"column":22},"end":{"line":52,"column":29}},"22":{"start":{"line":54,"column":4},"end":{"line":56,"column":5}},"23":{"start":{"line":55,"column":6},"end":{"line":55,"column":19}},"24":{"start":{"line":60,"column":4},"end":{"line":69,"column":5}},"25":{"start":{"line":61,"column":6},"end":{"line":61,"column":74}},"26":{"start":{"line":62,"column":6},"end":{"line":62,"column":74}},"27":{"start":{"line":65,"column":6},"end":{"line":68,"column":7}},"28":{"start":{"line":66,"column":8},"end":{"line":66,"column":76}},"29":{"start":{"line":67,"column":8},"end":{"line":67,"column":76}},"30":{"start":{"line":71,"column":4},"end":{"line":71,"column":55}},"31":{"start":{"line":75,"column":27},"end":{"line":75,"column":34}},"32":{"start":{"line":76,"column":23},"end":{"line":76,"column":30}},"33":{"start":{"line":77,"column":14},"end":{"line":77,"column":16}},"34":{"start":{"line":79,"column":4},"end":{"line":92,"column":5}},"35":{"start":{"line":80,"column":6},"end":{"line":80,"column":29}},"36":{"start":{"line":82,"column":6},"end":{"line":84,"column":7}},"37":{"start":{"line":83,"column":8},"end":{"line":83,"column":27}},"38":{"start":{"line":85,"column":6},"end":{"line":87,"column":7}},"39":{"start":{"line":86,"column":8},"end":{"line":86,"column":27}},"40":{"start":{"line":88,"column":6},"end":{"line":90,"column":7}},"41":{"start":{"line":89,"column":8},"end":{"line":89,"column":29}},"42":{"start":{"line":91,"column":6},"end":{"line":91,"column":43}},"43":{"start":{"line":94,"column":4},"end":{"line":94,"column":15}},"44":{"start":{"line":102,"column":8},"end":{"line":102,"column":15}},"45":{"start":{"line":108,"column":19},"end":{"line":108,"column":35}},"46":{"start":{"line":109,"column":22},"end":{"line":109,"column":41}},"47":{"start":{"line":112,"column":4},"end":{"line":114,"column":5}},"48":{"start":{"line":113,"column":6},"end":{"line":113,"column":29}},"49":{"start":{"line":116,"column":4},"end":{"line":118,"column":5}},"50":{"start":{"line":117,"column":6},"end":{"line":117,"column":23}},"51":{"start":{"line":119,"column":4},"end":{"line":129,"column":5}},"52":{"start":{"line":120,"column":6},"end":{"line":128,"column":7}},"53":{"start":{"line":121,"column":8},"end":{"line":121,"column":49}},"54":{"start":{"line":122,"column":8},"end":{"line":122,"column":54}},"55":{"start":{"line":124,"column":8},"end":{"line":124,"column":55}},"56":{"start":{"line":125,"column":8},"end":{"line":125,"column":60}},"57":{"start":{"line":126,"column":8},"end":{"line":126,"column":56}},"58":{"start":{"line":127,"column":8},"end":{"line":127,"column":58}},"59":{"start":{"line":130,"column":4},"end":{"line":133,"column":5}},"60":{"start":{"line":131,"column":6},"end":{"line":131,"column":64}},"61":{"start":{"line":132,"column":6},"end":{"line":132,"column":66}},"62":{"start":{"line":139,"column":8},"end":{"line":139,"column":15}},"63":{"start":{"line":140,"column":4},"end":{"line":148,"column":5}},"64":{"start":{"line":141,"column":6},"end":{"line":147,"column":7}},"65":{"start":{"line":142,"column":8},"end":{"line":142,"column":99}},"66":{"start":{"line":143,"column":8},"end":{"line":143,"column":100}},"67":{"start":{"line":145,"column":8},"end":{"line":145,"column":45}},"68":{"start":{"line":146,"column":8},"end":{"line":146,"column":46}},"69":{"start":{"line":156,"column":8},"end":{"line":156,"column":15}},"70":{"start":{"line":158,"column":17},"end":{"line":158,"column":51}},"71":{"start":{"line":159,"column":19},"end":{"line":159,"column":55}},"72":{"start":{"line":161,"column":23},"end":{"line":161,"column":61}},"73":{"start":{"line":162,"column":25},"end":{"line":162,"column":65}},"74":{"start":{"line":164,"column":4},"end":{"line":170,"column":5}},"75":{"start":{"line":165,"column":6},"end":{"line":165,"column":50}},"76":{"start":{"line":166,"column":6},"end":{"line":166,"column":49}},"77":{"start":{"line":168,"column":6},"end":{"line":168,"column":52}},"78":{"start":{"line":169,"column":6},"end":{"line":169,"column":51}},"79":{"start":{"line":174,"column":23},"end":{"line":174,"column":30}},"80":{"start":{"line":176,"column":24},"end":{"line":176,"column":85}},"81":{"start":{"line":177,"column":25},"end":{"line":177,"column":87}},"82":{"start":{"line":178,"column":24},"end":{"line":178,"column":86}},"83":{"start":{"line":179,"column":26},"end":{"line":179,"column":89}},"84":{"start":{"line":181,"column":4},"end":{"line":181,"column":64}},"85":{"start":{"line":182,"column":4},"end":{"line":182,"column":46}},"86":{"start":{"line":183,"column":4},"end":{"line":183,"column":57}},"87":{"start":{"line":184,"column":4},"end":{"line":184,"column":63}},"88":{"start":{"line":194,"column":8},"end":{"line":194,"column":15}},"89":{"start":{"line":196,"column":4},"end":{"line":196,"column":35}},"90":{"start":{"line":196,"column":23},"end":{"line":196,"column":35}},"91":{"start":{"line":198,"column":4},"end":{"line":198,"column":54}},"92":{"start":{"line":204,"column":8},"end":{"line":204,"column":15}},"93":{"start":{"line":205,"column":4},"end":{"line":205,"column":32}},"94":{"start":{"line":209,"column":21},"end":{"line":209,"column":28}},"95":{"start":{"line":211,"column":4},"end":{"line":215,"column":5}},"96":{"start":{"line":212,"column":6},"end":{"line":212,"column":37}},"97":{"start":{"line":214,"column":6},"end":{"line":214,"column":38}}},"fnMap":{"0":{"name":"(anonymous_0)","decl":{"start":{"line":4,"column":2},"end":{"line":4,"column":3}},"loc":{"start":{"line":4,"column":34},"end":{"line":6,"column":3}},"line":4},"1":{"name":"(anonymous_1)","decl":{"start":{"line":8,"column":2},"end":{"line":8,"column":3}},"loc":{"start":{"line":8,"column":37},"end":{"line":27,"column":3}},"line":8},"2":{"name":"(anonymous_2)","decl":{"start":{"line":29,"column":2},"end":{"line":29,"column":3}},"loc":{"start":{"line":29,"column":97},"end":{"line":41,"column":3}},"line":29},"3":{"name":"(anonymous_3)","decl":{"start":{"line":43,"column":2},"end":{"line":43,"column":3}},"loc":{"start":{"line":44,"column":52},"end":{"line":72,"column":3}},"line":44},"4":{"name":"(anonymous_4)","decl":{"start":{"line":74,"column":2},"end":{"line":74,"column":3}},"loc":{"start":{"line":74,"column":62},"end":{"line":95,"column":3}},"line":74},"5":{"name":"(anonymous_5)","decl":{"start":{"line":97,"column":2},"end":{"line":97,"column":3}},"loc":{"start":{"line":98,"column":52},"end":{"line":134,"column":3}},"line":98},"6":{"name":"(anonymous_6)","decl":{"start":{"line":136,"column":2},"end":{"line":136,"column":3}},"loc":{"start":{"line":136,"column":95},"end":{"line":149,"column":3}},"line":136},"7":{"name":"(anonymous_7)","decl":{"start":{"line":151,"column":2},"end":{"line":151,"column":3}},"loc":{"start":{"line":152,"column":37},"end":{"line":171,"column":3}},"line":152},"8":{"name":"(anonymous_8)","decl":{"start":{"line":173,"column":2},"end":{"line":173,"column":3}},"loc":{"start":{"line":173,"column":36},"end":{"line":185,"column":3}},"line":173},"9":{"name":"(anonymous_9)","decl":{"start":{"line":187,"column":2},"end":{"line":187,"column":3}},"loc":{"start":{"line":187,"column":70},"end":{"line":199,"column":3}},"line":187},"10":{"name":"(anonymous_10)","decl":{"start":{"line":201,"column":2},"end":{"line":201,"column":3}},"loc":{"start":{"line":201,"column":72},"end":{"line":206,"column":3}},"line":201},"11":{"name":"(anonymous_11)","decl":{"start":{"line":208,"column":2},"end":{"line":208,"column":3}},"loc":{"start":{"line":208,"column":72},"end":{"line":216,"column":3}},"line":208}},"branchMap":{"0":{"loc":{"start":{"line":54,"column":4},"end":{"line":56,"column":5}},"type":"if","locations":[{"start":{"line":54,"column":4},"end":{"line":56,"column":5}},{"start":{"line":54,"column":4},"end":{"line":56,"column":5}}],"line":54},"1":{"loc":{"start":{"line":60,"column":4},"end":{"line":69,"column":5}},"type":"if","locations":[{"start":{"line":60,"column":4},"end":{"line":69,"column":5}},{"start":{"line":60,"column":4},"end":{"line":69,"column":5}}],"line":60},"2":{"loc":{"start":{"line":65,"column":6},"end":{"line":68,"column":7}},"type":"if","locations":[{"start":{"line":65,"column":6},"end":{"line":68,"column":7}},{"start":{"line":65,"column":6},"end":{"line":68,"column":7}}],"line":65},"3":{"loc":{"start":{"line":79,"column":4},"end":{"line":92,"column":5}},"type":"if","locations":[{"start":{"line":79,"column":4},"end":{"line":92,"column":5}},{"start":{"line":79,"column":4},"end":{"line":92,"column":5}}],"line":79},"4":{"loc":{"start":{"line":82,"column":6},"end":{"line":84,"column":7}},"type":"if","locations":[{"start":{"line":82,"column":6},"end":{"line":84,"column":7}},{"start":{"line":82,"column":6},"end":{"line":84,"column":7}}],"line":82},"5":{"loc":{"start":{"line":85,"column":6},"end":{"line":87,"column":7}},"type":"if","locations":[{"start":{"line":85,"column":6},"end":{"line":87,"column":7}},{"start":{"line":85,"column":6},"end":{"line":87,"column":7}}],"line":85},"6":{"loc":{"start":{"line":88,"column":6},"end":{"line":90,"column":7}},"type":"if","locations":[{"start":{"line":88,"column":6},"end":{"line":90,"column":7}},{"start":{"line":88,"column":6},"end":{"line":90,"column":7}}],"line":88},"7":{"loc":{"start":{"line":112,"column":4},"end":{"line":114,"column":5}},"type":"if","locations":[{"start":{"line":112,"column":4},"end":{"line":114,"column":5}},{"start":{"line":112,"column":4},"end":{"line":114,"column":5}}],"line":112},"8":{"loc":{"start":{"line":116,"column":4},"end":{"line":118,"column":5}},"type":"if","locations":[{"start":{"line":116,"column":4},"end":{"line":118,"column":5}},{"start":{"line":116,"column":4},"end":{"line":118,"column":5}}],"line":116},"9":{"loc":{"start":{"line":119,"column":4},"end":{"line":129,"column":5}},"type":"if","locations":[{"start":{"line":119,"column":4},"end":{"line":129,"column":5}},{"start":{"line":119,"column":4},"end":{"line":129,"column":5}}],"line":119},"10":{"loc":{"start":{"line":120,"column":6},"end":{"line":128,"column":7}},"type":"if","locations":[{"start":{"line":120,"column":6},"end":{"line":128,"column":7}},{"start":{"line":120,"column":6},"end":{"line":128,"column":7}}],"line":120},"11":{"loc":{"start":{"line":130,"column":4},"end":{"line":133,"column":5}},"type":"if","locations":[{"start":{"line":130,"column":4},"end":{"line":133,"column":5}},{"start":{"line":130,"column":4},"end":{"line":133,"column":5}}],"line":130},"12":{"loc":{"start":{"line":140,"column":4},"end":{"line":148,"column":5}},"type":"if","locations":[{"start":{"line":140,"column":4},"end":{"line":148,"column":5}},{"start":{"line":140,"column":4},"end":{"line":148,"column":5}}],"line":140},"13":{"loc":{"start":{"line":141,"column":6},"end":{"line":147,"column":7}},"type":"if","locations":[{"start":{"line":141,"column":6},"end":{"line":147,"column":7}},{"start":{"line":141,"column":6},"end":{"line":147,"column":7}}],"line":141},"14":{"loc":{"start":{"line":164,"column":4},"end":{"line":170,"column":5}},"type":"if","locations":[{"start":{"line":164,"column":4},"end":{"line":170,"column":5}},{"start":{"line":164,"column":4},"end":{"line":170,"column":5}}],"line":164},"15":{"loc":{"start":{"line":196,"column":4},"end":{"line":196,"column":35}},"type":"if","locations":[{"start":{"line":196,"column":4},"end":{"line":196,"column":35}},{"start":{"line":196,"column":4},"end":{"line":196,"column":35}}],"line":196},"16":{"loc":{"start":{"line":211,"column":4},"end":{"line":215,"column":5}},"type":"if","locations":[{"start":{"line":211,"column":4},"end":{"line":215,"column":5}},{"start":{"line":211,"column":4},"end":{"line":215,"column":5}}],"line":211}},"s":{"0":203,"1":203,"2":203,"3":203,"4":203,"5":203,"6":203,"7":203,"8":203,"9":203,"10":203,"11":203,"12":203,"13":203,"14":203,"15":203,"16":203,"17":203,"18":203,"19":203,"20":528,"21":528,"22":528,"23":4,"24":528,"25":524,"26":524,"27":524,"28":7,"29":7,"30":528,"31":1062,"32":1062,"33":1062,"34":1062,"35":8,"36":1054,"37":14,"38":1054,"39":6,"40":1054,"41":1034,"42":1054,"43":1062,"44":528,"45":528,"46":528,"47":528,"48":7,"49":528,"50":7,"51":528,"52":528,"53":6,"54":6,"55":6,"56":6,"57":6,"58":6,"59":528,"60":4,"61":4,"62":528,"63":528,"64":528,"65":523,"66":523,"67":5,"68":5,"69":529,"70":529,"71":529,"72":529,"73":529,"74":529,"75":508,"76":508,"77":21,"78":21,"79":325,"80":325,"81":325,"82":325,"83":325,"84":325,"85":325,"86":325,"87":325,"88":1058,"89":1058,"90":14,"91":1044,"92":1058,"93":1058,"94":528,"95":528,"96":9,"97":519},"f":{"0":203,"1":203,"2":203,"3":528,"4":1062,"5":528,"6":528,"7":529,"8":325,"9":1058,"10":1058,"11":528},"b":{"0":[4,524],"1":[524,4],"2":[7,517],"3":[8,1054],"4":[14,1040],"5":[6,1048],"6":[1034,20],"7":[7,521],"8":[7,521],"9":[528,0],"10":[6,522],"11":[4,524],"12":[528,0],"13":[523,5],"14":[508,21],"15":[14,1044],"16":[9,519]},"_coverageSchema":"1a1c01bbd47fc00a2c39e90264f33305004495a9","hash":"75fcf4f5f9237f75dd5f677cbeebbf3753f4f26c"}
,"/data/data/com.termux/files/home/slider/src/slider/View/Scale/Scale.ts": {"path":"/data/data/com.termux/files/home/slider/src/slider/View/Scale/Scale.ts","statementMap":{"0":{"start":{"line":7,"column":4},"end":{"line":7,"column":25}},"1":{"start":{"line":8,"column":4},"end":{"line":8,"column":27}},"2":{"start":{"line":12,"column":36},"end":{"line":12,"column":43}},"3":{"start":{"line":13,"column":18},"end":{"line":13,"column":47}},"4":{"start":{"line":14,"column":4},"end":{"line":14,"column":67}},"5":{"start":{"line":16,"column":4},"end":{"line":16,"column":25}},"6":{"start":{"line":18,"column":4},"end":{"line":18,"column":34}},"7":{"start":{"line":19,"column":4},"end":{"line":19,"column":40}},"8":{"start":{"line":20,"column":4},"end":{"line":20,"column":36}},"9":{"start":{"line":24,"column":23},"end":{"line":24,"column":30}},"10":{"start":{"line":25,"column":18},"end":{"line":25,"column":72}},"11":{"start":{"line":27,"column":4},"end":{"line":27,"column":51}},"12":{"start":{"line":29,"column":4},"end":{"line":29,"column":36}},"13":{"start":{"line":30,"column":4},"end":{"line":30,"column":36}},"14":{"start":{"line":36,"column":8},"end":{"line":36,"column":15}},"15":{"start":{"line":38,"column":25},"end":{"line":38,"column":86}},"16":{"start":{"line":40,"column":4},"end":{"line":46,"column":7}},"17":{"start":{"line":41,"column":6},"end":{"line":45,"column":7}},"18":{"start":{"line":42,"column":8},"end":{"line":42,"column":62}},"19":{"start":{"line":44,"column":8},"end":{"line":44,"column":67}},"20":{"start":{"line":47,"column":4},"end":{"line":47,"column":77}},"21":{"start":{"line":51,"column":24},"end":{"line":51,"column":31}},"22":{"start":{"line":52,"column":4},"end":{"line":54,"column":5}},"23":{"start":{"line":53,"column":6},"end":{"line":53,"column":35}},"24":{"start":{"line":54,"column":6},"end":{"line":56,"column":5}},"25":{"start":{"line":55,"column":6},"end":{"line":55,"column":31}},"26":{"start":{"line":60,"column":4},"end":{"line":60,"column":61}},"27":{"start":{"line":61,"column":4},"end":{"line":61,"column":59}},"28":{"start":{"line":67,"column":8},"end":{"line":67,"column":15}},"29":{"start":{"line":69,"column":16},"end":{"line":69,"column":42}},"30":{"start":{"line":70,"column":18},"end":{"line":70,"column":40}},"31":{"start":{"line":71,"column":21},"end":{"line":71,"column":54}},"32":{"start":{"line":73,"column":20},"end":{"line":73,"column":21}},"33":{"start":{"line":74,"column":12},"end":{"line":74,"column":13}},"34":{"start":{"line":75,"column":4},"end":{"line":80,"column":5}},"35":{"start":{"line":75,"column":23},"end":{"line":75,"column":26}},"36":{"start":{"line":76,"column":6},"end":{"line":76,"column":39}},"37":{"start":{"line":76,"column":33},"end":{"line":76,"column":39}},"38":{"start":{"line":77,"column":6},"end":{"line":77,"column":71}},"39":{"start":{"line":79,"column":6},"end":{"line":79,"column":25}},"40":{"start":{"line":82,"column":4},"end":{"line":82,"column":60}},"41":{"start":{"line":84,"column":4},"end":{"line":84,"column":27}},"42":{"start":{"line":88,"column":36},"end":{"line":88,"column":43}},"43":{"start":{"line":89,"column":18},"end":{"line":89,"column":43}},"44":{"start":{"line":90,"column":16},"end":{"line":90,"column":43}},"45":{"start":{"line":91,"column":4},"end":{"line":91,"column":15}},"46":{"start":{"line":98,"column":8},"end":{"line":98,"column":15}},"47":{"start":{"line":100,"column":27},"end":{"line":100,"column":34}},"48":{"start":{"line":102,"column":4},"end":{"line":102,"column":30}},"49":{"start":{"line":103,"column":24},"end":{"line":103,"column":54}},"50":{"start":{"line":104,"column":4},"end":{"line":104,"column":85}},"51":{"start":{"line":105,"column":26},"end":{"line":105,"column":56}},"52":{"start":{"line":106,"column":21},"end":{"line":106,"column":51}},"53":{"start":{"line":107,"column":4},"end":{"line":107,"column":85}},"54":{"start":{"line":108,"column":4},"end":{"line":108,"column":44}},"55":{"start":{"line":109,"column":4},"end":{"line":109,"column":38}},"56":{"start":{"line":110,"column":4},"end":{"line":110,"column":33}},"57":{"start":{"line":112,"column":4},"end":{"line":112,"column":33}},"58":{"start":{"line":114,"column":18},"end":{"line":114,"column":31}},"59":{"start":{"line":116,"column":4},"end":{"line":118,"column":5}},"60":{"start":{"line":117,"column":6},"end":{"line":117,"column":28}},"61":{"start":{"line":120,"column":4},"end":{"line":122,"column":5}},"62":{"start":{"line":121,"column":6},"end":{"line":121,"column":24}},"63":{"start":{"line":123,"column":4},"end":{"line":123,"column":74}},"64":{"start":{"line":125,"column":4},"end":{"line":127,"column":5}},"65":{"start":{"line":126,"column":6},"end":{"line":126,"column":76}},"66":{"start":{"line":129,"column":4},"end":{"line":129,"column":36}},"67":{"start":{"line":131,"column":19},"end":{"line":131,"column":61}},"68":{"start":{"line":133,"column":4},"end":{"line":137,"column":5}},"69":{"start":{"line":134,"column":6},"end":{"line":134,"column":44}},"70":{"start":{"line":136,"column":6},"end":{"line":136,"column":46}},"71":{"start":{"line":141,"column":21},"end":{"line":141,"column":28}},"72":{"start":{"line":142,"column":4},"end":{"line":142,"column":32}},"73":{"start":{"line":148,"column":23},"end":{"line":148,"column":28}},"74":{"start":{"line":149,"column":30},"end":{"line":149,"column":42}},"75":{"start":{"line":150,"column":4},"end":{"line":150,"column":28}},"76":{"start":{"line":152,"column":4},"end":{"line":152,"column":49}},"77":{"start":{"line":152,"column":42},"end":{"line":152,"column":49}},"78":{"start":{"line":153,"column":4},"end":{"line":155,"column":76}},"79":{"start":{"line":154,"column":6},"end":{"line":154,"column":68}},"80":{"start":{"line":154,"column":61},"end":{"line":154,"column":68}},"81":{"start":{"line":155,"column":11},"end":{"line":155,"column":76}},"82":{"start":{"line":155,"column":69},"end":{"line":155,"column":76}},"83":{"start":{"line":157,"column":18},"end":{"line":157,"column":34}},"84":{"start":{"line":159,"column":23},"end":{"line":159,"column":97}},"85":{"start":{"line":160,"column":4},"end":{"line":160,"column":37}},"86":{"start":{"line":164,"column":27},"end":{"line":164,"column":34}},"87":{"start":{"line":165,"column":23},"end":{"line":165,"column":30}},"88":{"start":{"line":166,"column":14},"end":{"line":166,"column":16}},"89":{"start":{"line":168,"column":4},"end":{"line":181,"column":5}},"90":{"start":{"line":169,"column":6},"end":{"line":169,"column":29}},"91":{"start":{"line":171,"column":6},"end":{"line":173,"column":7}},"92":{"start":{"line":172,"column":8},"end":{"line":172,"column":27}},"93":{"start":{"line":174,"column":6},"end":{"line":176,"column":7}},"94":{"start":{"line":175,"column":8},"end":{"line":175,"column":27}},"95":{"start":{"line":177,"column":6},"end":{"line":179,"column":7}},"96":{"start":{"line":178,"column":8},"end":{"line":178,"column":29}},"97":{"start":{"line":180,"column":6},"end":{"line":180,"column":43}},"98":{"start":{"line":182,"column":4},"end":{"line":182,"column":15}}},"fnMap":{"0":{"name":"(anonymous_0)","decl":{"start":{"line":6,"column":2},"end":{"line":6,"column":3}},"loc":{"start":{"line":6,"column":34},"end":{"line":9,"column":3}},"line":6},"1":{"name":"(anonymous_1)","decl":{"start":{"line":11,"column":2},"end":{"line":11,"column":3}},"loc":{"start":{"line":11,"column":43},"end":{"line":21,"column":3}},"line":11},"2":{"name":"(anonymous_2)","decl":{"start":{"line":23,"column":2},"end":{"line":23,"column":3}},"loc":{"start":{"line":23,"column":36},"end":{"line":31,"column":3}},"line":23},"3":{"name":"(anonymous_3)","decl":{"start":{"line":33,"column":2},"end":{"line":33,"column":3}},"loc":{"start":{"line":33,"column":48},"end":{"line":48,"column":3}},"line":33},"4":{"name":"(anonymous_4)","decl":{"start":{"line":40,"column":25},"end":{"line":40,"column":26}},"loc":{"start":{"line":40,"column":42},"end":{"line":46,"column":5}},"line":40},"5":{"name":"(anonymous_5)","decl":{"start":{"line":50,"column":2},"end":{"line":50,"column":3}},"loc":{"start":{"line":50,"column":61},"end":{"line":57,"column":3}},"line":50},"6":{"name":"(anonymous_6)","decl":{"start":{"line":59,"column":2},"end":{"line":59,"column":3}},"loc":{"start":{"line":59,"column":48},"end":{"line":62,"column":3}},"line":59},"7":{"name":"(anonymous_7)","decl":{"start":{"line":64,"column":2},"end":{"line":64,"column":3}},"loc":{"start":{"line":64,"column":71},"end":{"line":85,"column":3}},"line":64},"8":{"name":"(anonymous_8)","decl":{"start":{"line":87,"column":2},"end":{"line":87,"column":3}},"loc":{"start":{"line":87,"column":50},"end":{"line":92,"column":3}},"line":87},"9":{"name":"(anonymous_9)","decl":{"start":{"line":94,"column":2},"end":{"line":94,"column":3}},"loc":{"start":{"line":95,"column":76},"end":{"line":138,"column":3}},"line":95},"10":{"name":"(anonymous_10)","decl":{"start":{"line":140,"column":2},"end":{"line":140,"column":3}},"loc":{"start":{"line":140,"column":71},"end":{"line":143,"column":3}},"line":140},"11":{"name":"(anonymous_11)","decl":{"start":{"line":147,"column":2},"end":{"line":147,"column":3}},"loc":{"start":{"line":147,"column":47},"end":{"line":161,"column":3}},"line":147},"12":{"name":"(anonymous_12)","decl":{"start":{"line":163,"column":2},"end":{"line":163,"column":3}},"loc":{"start":{"line":163,"column":62},"end":{"line":183,"column":3}},"line":163}},"branchMap":{"0":{"loc":{"start":{"line":41,"column":6},"end":{"line":45,"column":7}},"type":"if","locations":[{"start":{"line":41,"column":6},"end":{"line":45,"column":7}},{"start":{"line":41,"column":6},"end":{"line":45,"column":7}}],"line":41},"1":{"loc":{"start":{"line":52,"column":4},"end":{"line":54,"column":5}},"type":"if","locations":[{"start":{"line":52,"column":4},"end":{"line":54,"column":5}},{"start":{"line":52,"column":4},"end":{"line":54,"column":5}}],"line":52},"2":{"loc":{"start":{"line":54,"column":6},"end":{"line":56,"column":5}},"type":"if","locations":[{"start":{"line":54,"column":6},"end":{"line":56,"column":5}},{"start":{"line":54,"column":6},"end":{"line":56,"column":5}}],"line":54},"3":{"loc":{"start":{"line":76,"column":6},"end":{"line":76,"column":39}},"type":"if","locations":[{"start":{"line":76,"column":6},"end":{"line":76,"column":39}},{"start":{"line":76,"column":6},"end":{"line":76,"column":39}}],"line":76},"4":{"loc":{"start":{"line":116,"column":4},"end":{"line":118,"column":5}},"type":"if","locations":[{"start":{"line":116,"column":4},"end":{"line":118,"column":5}},{"start":{"line":116,"column":4},"end":{"line":118,"column":5}}],"line":116},"5":{"loc":{"start":{"line":120,"column":4},"end":{"line":122,"column":5}},"type":"if","locations":[{"start":{"line":120,"column":4},"end":{"line":122,"column":5}},{"start":{"line":120,"column":4},"end":{"line":122,"column":5}}],"line":120},"6":{"loc":{"start":{"line":125,"column":4},"end":{"line":127,"column":5}},"type":"if","locations":[{"start":{"line":125,"column":4},"end":{"line":127,"column":5}},{"start":{"line":125,"column":4},"end":{"line":127,"column":5}}],"line":125},"7":{"loc":{"start":{"line":133,"column":4},"end":{"line":137,"column":5}},"type":"if","locations":[{"start":{"line":133,"column":4},"end":{"line":137,"column":5}},{"start":{"line":133,"column":4},"end":{"line":137,"column":5}}],"line":133},"8":{"loc":{"start":{"line":152,"column":4},"end":{"line":152,"column":49}},"type":"if","locations":[{"start":{"line":152,"column":4},"end":{"line":152,"column":49}},{"start":{"line":152,"column":4},"end":{"line":152,"column":49}}],"line":152},"9":{"loc":{"start":{"line":153,"column":4},"end":{"line":155,"column":76}},"type":"if","locations":[{"start":{"line":153,"column":4},"end":{"line":155,"column":76}},{"start":{"line":153,"column":4},"end":{"line":155,"column":76}}],"line":153},"10":{"loc":{"start":{"line":154,"column":6},"end":{"line":154,"column":68}},"type":"if","locations":[{"start":{"line":154,"column":6},"end":{"line":154,"column":68}},{"start":{"line":154,"column":6},"end":{"line":154,"column":68}}],"line":154},"11":{"loc":{"start":{"line":155,"column":11},"end":{"line":155,"column":76}},"type":"if","locations":[{"start":{"line":155,"column":11},"end":{"line":155,"column":76}},{"start":{"line":155,"column":11},"end":{"line":155,"column":76}}],"line":155},"12":{"loc":{"start":{"line":168,"column":4},"end":{"line":181,"column":5}},"type":"if","locations":[{"start":{"line":168,"column":4},"end":{"line":181,"column":5}},{"start":{"line":168,"column":4},"end":{"line":181,"column":5}}],"line":168},"13":{"loc":{"start":{"line":171,"column":6},"end":{"line":173,"column":7}},"type":"if","locations":[{"start":{"line":171,"column":6},"end":{"line":173,"column":7}},{"start":{"line":171,"column":6},"end":{"line":173,"column":7}}],"line":171},"14":{"loc":{"start":{"line":174,"column":6},"end":{"line":176,"column":7}},"type":"if","locations":[{"start":{"line":174,"column":6},"end":{"line":176,"column":7}},{"start":{"line":174,"column":6},"end":{"line":176,"column":7}}],"line":174},"15":{"loc":{"start":{"line":177,"column":6},"end":{"line":179,"column":7}},"type":"if","locations":[{"start":{"line":177,"column":6},"end":{"line":179,"column":7}},{"start":{"line":177,"column":6},"end":{"line":179,"column":7}}],"line":177}},"s":{"0":221,"1":221,"2":221,"3":221,"4":221,"5":221,"6":221,"7":221,"8":221,"9":325,"10":325,"11":325,"12":325,"13":325,"14":641,"15":641,"16":641,"17":469,"18":9,"19":460,"20":641,"21":546,"22":546,"23":7,"24":546,"25":539,"26":221,"27":221,"28":221,"29":221,"30":221,"31":221,"32":221,"33":221,"34":221,"35":221,"36":297,"37":202,"38":95,"39":95,"40":221,"41":221,"42":222,"43":222,"44":222,"45":222,"46":316,"47":316,"48":316,"49":316,"50":316,"51":316,"52":316,"53":316,"54":316,"55":316,"56":316,"57":316,"58":316,"59":316,"60":315,"61":316,"62":2,"63":316,"64":316,"65":2,"66":316,"67":316,"68":316,"69":308,"70":8,"71":317,"72":317,"73":1,"74":1,"75":1,"76":1,"77":0,"78":1,"79":1,"80":0,"81":0,"82":0,"83":1,"84":1,"85":1,"86":318,"87":318,"88":318,"89":318,"90":1,"91":317,"92":2,"93":317,"94":1,"95":317,"96":314,"97":317,"98":318},"f":{"0":221,"1":221,"2":325,"3":641,"4":469,"5":546,"6":221,"7":221,"8":222,"9":316,"10":317,"11":1,"12":318},"b":{"0":[9,460],"1":[7,539],"2":[539,7],"3":[202,95],"4":[315,1],"5":[2,314],"6":[2,314],"7":[308,8],"8":[0,1],"9":[1,0],"10":[0,1],"11":[0,0],"12":[1,317],"13":[2,315],"14":[1,316],"15":[314,3]},"_coverageSchema":"1a1c01bbd47fc00a2c39e90264f33305004495a9","hash":"9a8ed8dcede3f727f101227b5a8e45fcc292dbfa"}
,"/data/data/com.termux/files/home/slider/src/slider/View/Track/Track.ts": {"path":"/data/data/com.termux/files/home/slider/src/slider/View/Track/Track.ts","statementMap":{"0":{"start":{"line":5,"column":4},"end":{"line":5,"column":25}},"1":{"start":{"line":9,"column":36},"end":{"line":9,"column":43}},"2":{"start":{"line":11,"column":18},"end":{"line":11,"column":47}},"3":{"start":{"line":13,"column":4},"end":{"line":13,"column":67}},"4":{"start":{"line":15,"column":4},"end":{"line":15,"column":25}},"5":{"start":{"line":16,"column":4},"end":{"line":16,"column":42}},"6":{"start":{"line":20,"column":28},"end":{"line":20,"column":35}},"7":{"start":{"line":21,"column":23},"end":{"line":21,"column":52}},"8":{"start":{"line":22,"column":21},"end":{"line":22,"column":50}},"9":{"start":{"line":23,"column":4},"end":{"line":23,"column":92}},"10":{"start":{"line":24,"column":4},"end":{"line":24,"column":86}},"11":{"start":{"line":25,"column":4},"end":{"line":25,"column":29}},"12":{"start":{"line":26,"column":4},"end":{"line":26,"column":27}},"13":{"start":{"line":28,"column":4},"end":{"line":28,"column":60}},"14":{"start":{"line":34,"column":8},"end":{"line":34,"column":15}},"15":{"start":{"line":36,"column":27},"end":{"line":36,"column":34}},"16":{"start":{"line":38,"column":4},"end":{"line":40,"column":5}},"17":{"start":{"line":39,"column":6},"end":{"line":39,"column":24}},"18":{"start":{"line":43,"column":4},"end":{"line":46,"column":5}},"19":{"start":{"line":44,"column":6},"end":{"line":44,"column":75}},"20":{"start":{"line":45,"column":6},"end":{"line":45,"column":73}},"21":{"start":{"line":47,"column":4},"end":{"line":50,"column":5}},"22":{"start":{"line":48,"column":6},"end":{"line":48,"column":76}},"23":{"start":{"line":49,"column":6},"end":{"line":49,"column":72}},"24":{"start":{"line":53,"column":4},"end":{"line":62,"column":5}},"25":{"start":{"line":54,"column":6},"end":{"line":57,"column":7}},"26":{"start":{"line":55,"column":8},"end":{"line":55,"column":77}},"27":{"start":{"line":56,"column":8},"end":{"line":56,"column":75}},"28":{"start":{"line":58,"column":6},"end":{"line":61,"column":7}},"29":{"start":{"line":59,"column":8},"end":{"line":59,"column":78}},"30":{"start":{"line":60,"column":8},"end":{"line":60,"column":74}},"31":{"start":{"line":66,"column":27},"end":{"line":66,"column":34}},"32":{"start":{"line":67,"column":23},"end":{"line":67,"column":30}},"33":{"start":{"line":68,"column":14},"end":{"line":68,"column":16}},"34":{"start":{"line":70,"column":4},"end":{"line":83,"column":5}},"35":{"start":{"line":71,"column":6},"end":{"line":71,"column":29}},"36":{"start":{"line":73,"column":6},"end":{"line":75,"column":7}},"37":{"start":{"line":74,"column":8},"end":{"line":74,"column":27}},"38":{"start":{"line":76,"column":6},"end":{"line":78,"column":7}},"39":{"start":{"line":77,"column":8},"end":{"line":77,"column":27}},"40":{"start":{"line":79,"column":6},"end":{"line":81,"column":7}},"41":{"start":{"line":80,"column":8},"end":{"line":80,"column":29}},"42":{"start":{"line":82,"column":6},"end":{"line":82,"column":43}},"43":{"start":{"line":84,"column":4},"end":{"line":84,"column":15}},"44":{"start":{"line":88,"column":23},"end":{"line":88,"column":30}},"45":{"start":{"line":90,"column":21},"end":{"line":90,"column":79}},"46":{"start":{"line":91,"column":19},"end":{"line":91,"column":75}},"47":{"start":{"line":93,"column":4},"end":{"line":93,"column":56}}},"fnMap":{"0":{"name":"(anonymous_0)","decl":{"start":{"line":4,"column":2},"end":{"line":4,"column":3}},"loc":{"start":{"line":4,"column":34},"end":{"line":6,"column":3}},"line":4},"1":{"name":"(anonymous_1)","decl":{"start":{"line":8,"column":2},"end":{"line":8,"column":3}},"loc":{"start":{"line":8,"column":37},"end":{"line":17,"column":3}},"line":8},"2":{"name":"(anonymous_2)","decl":{"start":{"line":19,"column":2},"end":{"line":19,"column":3}},"loc":{"start":{"line":19,"column":67},"end":{"line":29,"column":3}},"line":19},"3":{"name":"(anonymous_3)","decl":{"start":{"line":31,"column":2},"end":{"line":31,"column":3}},"loc":{"start":{"line":31,"column":94},"end":{"line":63,"column":3}},"line":31},"4":{"name":"(anonymous_4)","decl":{"start":{"line":65,"column":2},"end":{"line":65,"column":3}},"loc":{"start":{"line":65,"column":62},"end":{"line":85,"column":3}},"line":65},"5":{"name":"(anonymous_5)","decl":{"start":{"line":87,"column":2},"end":{"line":87,"column":3}},"loc":{"start":{"line":87,"column":36},"end":{"line":94,"column":3}},"line":87}},"branchMap":{"0":{"loc":{"start":{"line":38,"column":4},"end":{"line":40,"column":5}},"type":"if","locations":[{"start":{"line":38,"column":4},"end":{"line":40,"column":5}},{"start":{"line":38,"column":4},"end":{"line":40,"column":5}}],"line":38},"1":{"loc":{"start":{"line":43,"column":4},"end":{"line":46,"column":5}},"type":"if","locations":[{"start":{"line":43,"column":4},"end":{"line":46,"column":5}},{"start":{"line":43,"column":4},"end":{"line":46,"column":5}}],"line":43},"2":{"loc":{"start":{"line":47,"column":4},"end":{"line":50,"column":5}},"type":"if","locations":[{"start":{"line":47,"column":4},"end":{"line":50,"column":5}},{"start":{"line":47,"column":4},"end":{"line":50,"column":5}}],"line":47},"3":{"loc":{"start":{"line":53,"column":4},"end":{"line":62,"column":5}},"type":"if","locations":[{"start":{"line":53,"column":4},"end":{"line":62,"column":5}},{"start":{"line":53,"column":4},"end":{"line":62,"column":5}}],"line":53},"4":{"loc":{"start":{"line":54,"column":6},"end":{"line":57,"column":7}},"type":"if","locations":[{"start":{"line":54,"column":6},"end":{"line":57,"column":7}},{"start":{"line":54,"column":6},"end":{"line":57,"column":7}}],"line":54},"5":{"loc":{"start":{"line":58,"column":6},"end":{"line":61,"column":7}},"type":"if","locations":[{"start":{"line":58,"column":6},"end":{"line":61,"column":7}},{"start":{"line":58,"column":6},"end":{"line":61,"column":7}}],"line":58},"6":{"loc":{"start":{"line":70,"column":4},"end":{"line":83,"column":5}},"type":"if","locations":[{"start":{"line":70,"column":4},"end":{"line":83,"column":5}},{"start":{"line":70,"column":4},"end":{"line":83,"column":5}}],"line":70},"7":{"loc":{"start":{"line":73,"column":6},"end":{"line":75,"column":7}},"type":"if","locations":[{"start":{"line":73,"column":6},"end":{"line":75,"column":7}},{"start":{"line":73,"column":6},"end":{"line":75,"column":7}}],"line":73},"8":{"loc":{"start":{"line":76,"column":6},"end":{"line":78,"column":7}},"type":"if","locations":[{"start":{"line":76,"column":6},"end":{"line":78,"column":7}},{"start":{"line":76,"column":6},"end":{"line":78,"column":7}}],"line":76},"9":{"loc":{"start":{"line":79,"column":6},"end":{"line":81,"column":7}},"type":"if","locations":[{"start":{"line":79,"column":6},"end":{"line":81,"column":7}},{"start":{"line":79,"column":6},"end":{"line":81,"column":7}}],"line":79}},"s":{"0":202,"1":202,"2":202,"3":202,"4":202,"5":202,"6":202,"7":202,"8":202,"9":202,"10":202,"11":202,"12":202,"13":202,"14":527,"15":527,"16":527,"17":5,"18":527,"19":7,"20":7,"21":527,"22":6,"23":6,"24":527,"25":7,"26":0,"27":0,"28":7,"29":1,"30":1,"31":28,"32":28,"33":28,"34":28,"35":2,"36":26,"37":2,"38":26,"39":0,"40":26,"41":24,"42":26,"43":28,"44":325,"45":325,"46":325,"47":325},"f":{"0":202,"1":202,"2":202,"3":527,"4":28,"5":325},"b":{"0":[5,522],"1":[7,520],"2":[6,521],"3":[7,520],"4":[0,7],"5":[1,6],"6":[2,26],"7":[2,24],"8":[0,26],"9":[24,2]},"_coverageSchema":"1a1c01bbd47fc00a2c39e90264f33305004495a9","hash":"7146e1402fc7689fab8cd7d8565b729949ea3d7d"}
,"/data/data/com.termux/files/home/slider/src/slider/interfaces/standardOptions.ts": {"path":"/data/data/com.termux/files/home/slider/src/slider/interfaces/standardOptions.ts","statementMap":{"0":{"start":{"line":4,"column":33},"end":{"line":35,"column":1}}},"fnMap":{},"branchMap":{},"s":{"0":8},"f":{},"b":{},"_coverageSchema":"1a1c01bbd47fc00a2c39e90264f33305004495a9","hash":"7c806d3a109735bbd5760ad2163d6a378153789f"}
}
