TN:
SF:src/preview/Demo/Demo.ts
FN:10,(anonymous_0)
FN:16,(anonymous_1)
FN:21,(anonymous_2)
FN:30,(anonymous_3)
FN:37,(anonymous_4)
FN:43,(anonymous_5)
FN:127,(anonymous_6)
FN:131,(anonymous_7)
FN:134,(anonymous_8)
FN:137,(anonymous_9)
FN:143,(anonymous_10)
FN:152,(anonymous_11)
FN:161,(anonymous_12)
FN:170,(anonymous_13)
FN:179,(anonymous_14)
FN:188,(anonymous_15)
FN:197,(anonymous_16)
FN:206,(anonymous_17)
FN:215,(anonymous_18)
FN:223,(anonymous_19)
FN:231,(anonymous_20)
FN:239,(anonymous_21)
FN:247,(anonymous_22)
FN:255,(anonymous_23)
FN:263,(anonymous_24)
FN:271,(anonymous_25)
FN:279,(anonymous_26)
FN:291,(anonymous_27)
FN:298,(anonymous_28)
FN:305,(anonymous_29)
FN:312,(anonymous_30)
FN:319,(anonymous_31)
FN:325,(anonymous_32)
FN:332,(anonymous_33)
FN:338,(anonymous_34)
FN:345,(anonymous_35)
FN:352,(anonymous_36)
FN:359,(anonymous_37)
FN:371,(anonymous_38)
FN:382,(anonymous_39)
FNF:40
FNH:38
FNDA:41,(anonymous_0)
FNDA:51,(anonymous_1)
FNDA:41,(anonymous_2)
FNDA:41,(anonymous_3)
FNDA:41,(anonymous_4)
FNDA:92,(anonymous_5)
FNDA:1,(anonymous_6)
FNDA:1,(anonymous_7)
FNDA:1,(anonymous_8)
FNDA:1,(anonymous_9)
FNDA:1,(anonymous_10)
FNDA:2,(anonymous_11)
FNDA:2,(anonymous_12)
FNDA:2,(anonymous_13)
FNDA:2,(anonymous_14)
FNDA:0,(anonymous_15)
FNDA:0,(anonymous_16)
FNDA:2,(anonymous_17)
FNDA:2,(anonymous_18)
FNDA:2,(anonymous_19)
FNDA:1,(anonymous_20)
FNDA:2,(anonymous_21)
FNDA:2,(anonymous_22)
FNDA:2,(anonymous_23)
FNDA:2,(anonymous_24)
FNDA:2,(anonymous_25)
FNDA:2,(anonymous_26)
FNDA:1,(anonymous_27)
FNDA:1,(anonymous_28)
FNDA:1,(anonymous_29)
FNDA:2,(anonymous_30)
FNDA:2,(anonymous_31)
FNDA:2,(anonymous_32)
FNDA:1,(anonymous_33)
FNDA:1,(anonymous_34)
FNDA:1,(anonymous_35)
FNDA:1,(anonymous_36)
FNDA:1,(anonymous_37)
FNDA:3,(anonymous_38)
FNDA:47,(anonymous_39)
DA:11,41
DA:12,41
DA:13,41
DA:17,51
DA:18,51
DA:22,41
DA:23,41
DA:25,41
DA:27,41
DA:31,41
DA:32,41
DA:34,41
DA:38,41
DA:40,41
DA:51,92
DA:53,92
DA:55,92
DA:57,92
DA:59,92
DA:61,92
DA:63,92
DA:65,92
DA:67,92
DA:69,92
DA:71,92
DA:73,92
DA:75,92
DA:77,92
DA:79,92
DA:81,92
DA:83,92
DA:85,92
DA:87,92
DA:89,92
DA:91,92
DA:93,92
DA:95,92
DA:97,92
DA:99,92
DA:101,92
DA:103,92
DA:105,92
DA:107,92
DA:109,92
DA:111,92
DA:113,92
DA:115,92
DA:117,92
DA:119,92
DA:121,92
DA:123,92
DA:125,92
DA:127,92
DA:128,1
DA:131,92
DA:132,1
DA:134,92
DA:135,1
DA:137,92
DA:138,1
DA:143,92
DA:144,1
DA:145,1
DA:147,1
DA:148,0
DA:152,92
DA:153,2
DA:154,1
DA:156,2
DA:157,1
DA:161,92
DA:162,2
DA:163,1
DA:165,2
DA:166,1
DA:170,92
DA:171,2
DA:172,1
DA:174,2
DA:175,1
DA:179,92
DA:180,2
DA:181,1
DA:183,2
DA:184,1
DA:188,92
DA:189,0
DA:190,0
DA:192,0
DA:193,0
DA:197,92
DA:198,0
DA:199,0
DA:201,0
DA:202,0
DA:206,92
DA:207,2
DA:208,1
DA:210,2
DA:211,1
DA:215,92
DA:216,2
DA:217,1
DA:219,1
DA:223,92
DA:224,2
DA:225,1
DA:226,2
DA:227,1
DA:231,92
DA:232,1
DA:233,0
DA:235,1
DA:239,92
DA:240,2
DA:241,1
DA:243,1
DA:247,92
DA:248,2
DA:249,1
DA:251,1
DA:255,92
DA:256,2
DA:257,1
DA:259,1
DA:263,92
DA:264,2
DA:265,1
DA:267,1
DA:271,92
DA:272,2
DA:273,1
DA:275,1
DA:279,92
DA:280,2
DA:281,1
DA:283,1
DA:289,92
DA:291,92
DA:292,1
DA:293,1
DA:296,92
DA:298,92
DA:299,1
DA:300,1
DA:303,92
DA:305,92
DA:306,1
DA:307,1
DA:310,92
DA:312,92
DA:313,2
DA:314,2
DA:317,92
DA:319,92
DA:320,2
DA:321,2
DA:323,92
DA:325,92
DA:326,2
DA:327,2
DA:330,92
DA:332,92
DA:333,1
DA:334,1
DA:336,92
DA:338,92
DA:339,1
DA:340,1
DA:343,92
DA:345,92
DA:346,1
DA:347,1
DA:350,92
DA:352,92
DA:353,1
DA:354,1
DA:357,92
DA:359,92
DA:360,1
DA:361,1
DA:364,92
DA:365,0
DA:366,92
DA:367,89
DA:369,3
DA:371,92
DA:372,3
DA:374,3
DA:375,2
DA:378,3
DA:383,47
DA:384,47
DA:385,47
LF:194
LH:183
BRDA:144,0,0,1
BRDA:144,0,1,0
BRDA:147,1,0,0
BRDA:147,1,1,1
BRDA:153,2,0,1
BRDA:153,2,1,1
BRDA:156,3,0,1
BRDA:156,3,1,1
BRDA:162,4,0,1
BRDA:162,4,1,1
BRDA:165,5,0,1
BRDA:165,5,1,1
BRDA:171,6,0,1
BRDA:171,6,1,1
BRDA:174,7,0,1
BRDA:174,7,1,1
BRDA:180,8,0,1
BRDA:180,8,1,1
BRDA:183,9,0,1
BRDA:183,9,1,1
BRDA:189,10,0,0
BRDA:189,10,1,0
BRDA:192,11,0,0
BRDA:192,11,1,0
BRDA:198,12,0,0
BRDA:198,12,1,0
BRDA:201,13,0,0
BRDA:201,13,1,0
BRDA:207,14,0,1
BRDA:207,14,1,1
BRDA:210,15,0,1
BRDA:210,15,1,1
BRDA:216,16,0,1
BRDA:216,16,1,1
BRDA:224,17,0,1
BRDA:224,17,1,1
BRDA:226,18,0,1
BRDA:226,18,1,1
BRDA:232,19,0,0
BRDA:232,19,1,1
BRDA:240,20,0,1
BRDA:240,20,1,1
BRDA:248,21,0,1
BRDA:248,21,1,1
BRDA:256,22,0,1
BRDA:256,22,1,1
BRDA:264,23,0,1
BRDA:264,23,1,1
BRDA:272,24,0,1
BRDA:272,24,1,1
BRDA:280,25,0,1
BRDA:280,25,1,1
BRDA:364,26,0,0
BRDA:364,26,1,92
BRDA:366,27,0,89
BRDA:366,27,1,3
BRDA:374,28,0,2
BRDA:374,28,1,1
BRDA:374,29,0,3
BRDA:374,29,1,3
BRF:60
BRH:48
end_of_record
TN:
SF:src/slider/Model/Model.ts
FN:13,(anonymous_0)
FN:19,(anonymous_1)
FN:32,(anonymous_2)
FN:37,(anonymous_3)
FN:63,(anonymous_4)
FNF:5
FNH:5
FNDA:71,(anonymous_0)
FNDA:133,(anonymous_1)
FNDA:71,(anonymous_2)
FNDA:133,(anonymous_3)
FNDA:133,(anonymous_4)
DA:14,71
DA:16,71
DA:20,133
DA:21,133
DA:23,133
DA:29,133
DA:33,71
DA:34,71
DA:42,133
DA:44,133
DA:47,133
DA:48,4
DA:51,133
DA:52,5
DA:53,5
DA:56,133
DA:57,4
DA:58,4
DA:60,133
DA:71,133
DA:73,133
DA:74,3
DA:77,133
DA:78,133
DA:80,133
DA:81,2
DA:82,2
DA:85,133
DA:86,130
DA:87,2
DA:91,133
DA:92,4
DA:93,4
DA:96,133
DA:97,5
DA:100,133
DA:101,130
DA:102,2
DA:105,133
DA:106,9
DA:108,133
LF:41
LH:41
BRDA:44,0,0,2
BRDA:44,0,1,131
BRDA:47,1,0,4
BRDA:47,1,1,129
BRDA:47,2,0,133
BRDA:47,2,1,9
BRDA:51,3,0,5
BRDA:51,3,1,128
BRDA:51,4,0,133
BRDA:51,4,1,9
BRDA:56,5,0,4
BRDA:56,5,1,129
BRDA:56,6,0,133
BRDA:56,6,1,4
BRDA:73,7,0,3
BRDA:73,7,1,130
BRDA:77,8,0,8
BRDA:77,8,1,125
BRDA:78,9,0,8
BRDA:78,9,1,125
BRDA:80,10,0,2
BRDA:80,10,1,131
BRDA:80,11,0,133
BRDA:80,11,1,4
BRDA:85,12,0,130
BRDA:85,12,1,3
BRDA:86,13,0,2
BRDA:86,13,1,128
BRDA:91,14,0,4
BRDA:91,14,1,129
BRDA:96,15,0,5
BRDA:96,15,1,128
BRDA:100,16,0,130
BRDA:100,16,1,3
BRDA:101,17,0,2
BRDA:101,17,1,128
BRDA:101,18,0,130
BRDA:101,18,1,4
BRDA:105,19,0,9
BRDA:105,19,1,124
BRF:40
BRH:40
end_of_record
TN:
SF:src/slider/Presenter/Presenter.ts
FN:14,(anonymous_0)
FN:22,(anonymous_1)
FN:26,(anonymous_2)
FN:31,(anonymous_3)
FN:35,(anonymous_4)
FN:39,(anonymous_5)
FN:43,(anonymous_6)
FN:49,(anonymous_7)
FN:54,(anonymous_8)
FN:59,(anonymous_9)
FNF:10
FNH:9
FNDA:59,(anonymous_0)
FNDA:47,(anonymous_1)
FNDA:62,(anonymous_2)
FNDA:59,(anonymous_3)
FNDA:60,(anonymous_4)
FNDA:60,(anonymous_5)
FNDA:59,(anonymous_6)
FNDA:59,(anonymous_7)
FNDA:62,(anonymous_8)
FNDA:0,(anonymous_9)
DA:15,59
DA:17,59
DA:18,59
DA:19,59
DA:23,47
DA:27,62
DA:28,62
DA:32,59
DA:36,60
DA:40,60
DA:44,59
DA:45,59
DA:46,59
DA:50,59
DA:51,59
DA:55,62
DA:56,62
DA:60,0
DA:61,0
DA:62,0
LF:20
LH:17
BRF:0
BRH:0
end_of_record
TN:
SF:src/slider/View/View.ts
FN:38,(anonymous_0)
FN:58,(anonymous_1)
FN:73,(anonymous_2)
FN:85,(anonymous_3)
FN:89,(anonymous_4)
FN:93,(anonymous_5)
FN:97,(anonymous_6)
FN:105,(anonymous_7)
FN:123,(anonymous_8)
FN:135,(anonymous_9)
FN:147,(anonymous_10)
FN:153,(anonymous_11)
FN:162,(anonymous_12)
FN:168,(anonymous_13)
FN:182,(anonymous_14)
FN:205,(anonymous_15)
FN:217,(anonymous_16)
FN:241,(anonymous_17)
FN:261,(anonymous_18)
FN:327,(anonymous_19)
FN:360,(anonymous_20)
FN:401,(anonymous_21)
FN:417,(anonymous_22)
FNF:23
FNH:23
FNDA:150,(anonymous_0)
FNDA:197,(anonymous_1)
FNDA:197,(anonymous_2)
FNDA:197,(anonymous_3)
FNDA:197,(anonymous_4)
FNDA:197,(anonymous_5)
FNDA:197,(anonymous_6)
FNDA:319,(anonymous_7)
FNDA:47,(anonymous_8)
FNDA:198,(anonymous_9)
FNDA:197,(anonymous_10)
FNDA:197,(anonymous_11)
FNDA:2,(anonymous_12)
FNDA:2,(anonymous_13)
FNDA:2,(anonymous_14)
FNDA:4,(anonymous_15)
FNDA:1,(anonymous_16)
FNDA:2,(anonymous_17)
FNDA:5,(anonymous_18)
FNDA:5,(anonymous_19)
FNDA:5,(anonymous_20)
FNDA:6,(anonymous_21)
FNDA:397,(anonymous_22)
DA:39,150
DA:41,150
DA:43,150
DA:44,150
DA:46,150
DA:47,150
DA:48,150
DA:49,150
DA:51,150
DA:53,150
DA:59,197
DA:60,197
DA:63,197
DA:65,197
DA:76,197
DA:77,197
DA:79,197
DA:80,197
DA:82,197
DA:86,197
DA:90,197
DA:94,197
DA:98,197
DA:106,319
DA:111,319
DA:112,319
DA:113,319
DA:114,319
DA:116,319
DA:124,47
DA:125,47
DA:126,47
DA:127,47
DA:128,47
DA:129,47
DA:130,47
DA:131,47
DA:132,47
DA:140,198
DA:142,198
DA:144,198
DA:148,197
DA:149,197
DA:150,197
DA:154,197
DA:155,197
DA:156,197
DA:158,197
DA:159,197
DA:163,2
DA:165,2
DA:166,2
DA:168,2
DA:169,2
DA:170,2
DA:171,2
DA:172,2
DA:175,2
DA:176,2
DA:177,2
DA:178,2
DA:185,2
DA:186,2
DA:187,2
DA:189,2
DA:191,2
DA:192,2
DA:193,0
DA:195,2
DA:197,0
DA:198,0
DA:200,0
DA:202,2
DA:206,4
DA:208,4
DA:209,4
DA:211,0
DA:212,0
DA:214,0
DA:220,1
DA:223,1
DA:226,1
DA:228,1
DA:230,1
DA:231,1
DA:234,1
DA:236,1
DA:238,1
DA:244,2
DA:247,2
DA:248,2
DA:250,2
DA:252,2
DA:253,2
DA:255,0
DA:257,2
DA:258,2
DA:267,5
DA:269,5
DA:270,5
DA:271,5
DA:273,5
DA:274,0
DA:277,0
DA:278,0
DA:281,5
DA:282,3
DA:284,3
DA:285,1
DA:288,1
DA:290,2
DA:293,2
DA:296,2
DA:297,2
DA:298,2
DA:299,2
DA:300,0
DA:303,0
DA:306,2
DA:310,2
DA:312,0
DA:313,0
DA:316,0
DA:319,0
DA:322,0
DA:335,5
DA:336,5
DA:338,5
DA:340,5
DA:341,5
DA:342,5
DA:344,0
DA:346,5
DA:348,5
DA:350,3
DA:352,3
DA:364,5
DA:370,5
DA:372,5
DA:374,5
DA:375,5
DA:376,5
DA:377,5
DA:378,0
DA:379,0
DA:381,5
DA:382,5
DA:384,5
DA:385,5
DA:386,5
DA:387,5
DA:389,5
DA:390,5
DA:392,5
DA:395,5
DA:405,6
DA:406,6
DA:408,6
DA:409,5
DA:411,1
DA:414,6
DA:420,397
DA:421,397
DA:422,397
DA:423,380
DA:425,17
DA:427,397
LF:167
LH:146
BRDA:165,0,0,2
BRDA:165,0,1,0
BRDA:189,1,0,0
BRDA:189,1,1,2
BRDA:191,2,0,2
BRDA:191,2,1,0
BRDA:192,3,0,0
BRDA:192,3,1,2
BRDA:197,4,0,0
BRDA:197,4,1,0
BRDA:208,5,0,4
BRDA:208,5,1,0
BRDA:209,6,0,4
BRDA:209,6,1,0
BRDA:211,7,0,0
BRDA:211,7,1,0
BRDA:230,8,0,1
BRDA:230,8,1,0
BRDA:250,9,0,0
BRDA:250,9,1,2
BRDA:252,10,0,2
BRDA:252,10,1,0
BRDA:273,11,0,0
BRDA:273,11,1,5
BRDA:273,12,0,5
BRDA:273,12,1,0
BRDA:281,13,0,3
BRDA:281,13,1,2
BRDA:282,14,0,1
BRDA:282,14,1,2
BRDA:284,15,0,1
BRDA:284,15,1,2
BRDA:297,16,0,2
BRDA:297,16,1,0
BRDA:298,17,0,2
BRDA:298,17,1,0
BRDA:299,18,0,0
BRDA:299,18,1,2
BRDA:312,19,0,0
BRDA:312,19,1,0
BRDA:341,20,0,5
BRDA:341,20,1,0
BRDA:346,21,0,0
BRDA:346,21,1,5
BRDA:348,22,0,2
BRDA:348,22,1,3
BRDA:374,23,0,5
BRDA:374,23,1,0
BRDA:377,24,0,0
BRDA:377,24,1,5
BRDA:408,25,0,5
BRDA:408,25,1,1
BRDA:422,26,0,380
BRDA:422,26,1,17
BRF:54
BRH:30
end_of_record
TN:
SF:src/slider/View/Rollers/Rollers.ts
FN:4,(anonymous_0)
FN:8,(anonymous_1)
FN:29,(anonymous_2)
FN:43,(anonymous_3)
FN:74,(anonymous_4)
FN:97,(anonymous_5)
FN:136,(anonymous_6)
FN:151,(anonymous_7)
FN:173,(anonymous_8)
FN:187,(anonymous_9)
FN:201,(anonymous_10)
FN:208,(anonymous_11)
FNF:12
FNH:12
FNDA:198,(anonymous_0)
FNDA:198,(anonymous_1)
FNDA:198,(anonymous_2)
FNDA:517,(anonymous_3)
FNDA:1040,(anonymous_4)
FNDA:517,(anonymous_5)
FNDA:517,(anonymous_6)
FNDA:518,(anonymous_7)
FNDA:319,(anonymous_8)
FNDA:1036,(anonymous_9)
FNDA:1036,(anonymous_10)
FNDA:517,(anonymous_11)
DA:5,198
DA:9,198
DA:11,198
DA:12,198
DA:14,198
DA:16,198
DA:20,198
DA:21,198
DA:23,198
DA:24,198
DA:25,198
DA:26,198
DA:30,198
DA:32,198
DA:33,198
DA:34,198
DA:35,198
DA:37,198
DA:38,198
DA:40,198
DA:50,517
DA:52,517
DA:54,517
DA:55,4
DA:60,517
DA:61,513
DA:62,513
DA:65,513
DA:66,7
DA:67,7
DA:71,517
DA:75,1040
DA:76,1040
DA:77,1040
DA:79,1040
DA:80,8
DA:82,1032
DA:83,14
DA:85,1032
DA:86,6
DA:88,1032
DA:89,1012
DA:91,1032
DA:94,1040
DA:102,517
DA:108,517
DA:109,517
DA:112,517
DA:113,7
DA:116,517
DA:117,7
DA:119,517
DA:120,517
DA:121,6
DA:122,6
DA:124,6
DA:125,6
DA:126,6
DA:127,6
DA:130,517
DA:131,4
DA:132,4
DA:139,517
DA:140,517
DA:141,517
DA:142,512
DA:143,512
DA:145,5
DA:146,5
DA:156,518
DA:158,518
DA:159,518
DA:161,518
DA:162,518
DA:164,518
DA:165,497
DA:166,497
DA:168,21
DA:169,21
DA:174,319
DA:176,319
DA:177,319
DA:178,319
DA:179,319
DA:181,319
DA:182,319
DA:183,319
DA:184,319
DA:194,1036
DA:196,1036
DA:198,1022
DA:204,1036
DA:205,1036
DA:209,517
DA:211,517
DA:212,9
DA:214,508
LF:97
LH:97
BRDA:54,0,0,4
BRDA:54,0,1,513
BRDA:60,1,0,513
BRDA:60,1,1,4
BRDA:65,2,0,7
BRDA:65,2,1,506
BRDA:79,3,0,8
BRDA:79,3,1,1032
BRDA:82,4,0,14
BRDA:82,4,1,1018
BRDA:85,5,0,6
BRDA:85,5,1,1026
BRDA:88,6,0,1012
BRDA:88,6,1,20
BRDA:112,7,0,7
BRDA:112,7,1,510
BRDA:116,8,0,7
BRDA:116,8,1,510
BRDA:119,9,0,517
BRDA:119,9,1,0
BRDA:120,10,0,6
BRDA:120,10,1,511
BRDA:130,11,0,4
BRDA:130,11,1,513
BRDA:140,12,0,517
BRDA:140,12,1,0
BRDA:141,13,0,512
BRDA:141,13,1,5
BRDA:164,14,0,497
BRDA:164,14,1,21
BRDA:196,15,0,14
BRDA:196,15,1,1022
BRDA:211,16,0,9
BRDA:211,16,1,508
BRF:34
BRH:32
end_of_record
TN:
SF:src/slider/View/Scale/Scale.ts
FN:6,(anonymous_0)
FN:11,(anonymous_1)
FN:23,(anonymous_2)
FN:33,(anonymous_3)
FN:40,(anonymous_4)
FN:50,(anonymous_5)
FN:59,(anonymous_6)
FN:64,(anonymous_7)
FN:87,(anonymous_8)
FN:94,(anonymous_9)
FN:140,(anonymous_10)
FN:147,(anonymous_11)
FN:163,(anonymous_12)
FNF:13
FNH:13
FNDA:214,(anonymous_0)
FNDA:214,(anonymous_1)
FNDA:319,(anonymous_2)
FNDA:618,(anonymous_3)
FNDA:451,(anonymous_4)
FNDA:533,(anonymous_5)
FNDA:214,(anonymous_6)
FNDA:214,(anonymous_7)
FNDA:215,(anonymous_8)
FNDA:299,(anonymous_9)
FNDA:300,(anonymous_10)
FNDA:1,(anonymous_11)
FNDA:301,(anonymous_12)
DA:7,214
DA:8,214
DA:12,214
DA:13,214
DA:14,214
DA:16,214
DA:18,214
DA:19,214
DA:20,214
DA:24,319
DA:25,319
DA:27,319
DA:29,319
DA:30,319
DA:36,618
DA:38,618
DA:40,618
DA:41,451
DA:42,9
DA:44,442
DA:47,618
DA:51,533
DA:52,533
DA:53,7
DA:54,533
DA:55,526
DA:60,214
DA:61,214
DA:67,214
DA:69,214
DA:70,214
DA:71,214
DA:73,214
DA:74,214
DA:75,214
DA:76,282
DA:77,85
DA:79,85
DA:82,214
DA:84,214
DA:88,215
DA:89,215
DA:90,215
DA:91,215
DA:98,299
DA:100,299
DA:102,299
DA:103,299
DA:104,299
DA:105,299
DA:106,299
DA:107,299
DA:108,299
DA:109,299
DA:110,299
DA:112,299
DA:114,299
DA:116,299
DA:117,298
DA:120,299
DA:121,2
DA:123,299
DA:125,299
DA:126,2
DA:129,299
DA:131,299
DA:133,299
DA:134,291
DA:136,8
DA:141,300
DA:142,300
DA:148,1
DA:149,1
DA:150,1
DA:152,1
DA:153,1
DA:154,1
DA:155,0
DA:157,1
DA:159,1
DA:160,1
DA:164,301
DA:165,301
DA:166,301
DA:168,301
DA:169,1
DA:171,300
DA:172,2
DA:174,300
DA:175,1
DA:177,300
DA:178,297
DA:180,300
DA:182,301
LF:94
LH:93
BRDA:41,0,0,9
BRDA:41,0,1,442
BRDA:52,1,0,7
BRDA:52,1,1,526
BRDA:54,2,0,526
BRDA:54,2,1,7
BRDA:76,3,0,197
BRDA:76,3,1,85
BRDA:116,4,0,298
BRDA:116,4,1,1
BRDA:120,5,0,2
BRDA:120,5,1,297
BRDA:125,6,0,2
BRDA:125,6,1,297
BRDA:133,7,0,291
BRDA:133,7,1,8
BRDA:152,8,0,0
BRDA:152,8,1,1
BRDA:153,9,0,1
BRDA:153,9,1,0
BRDA:154,10,0,0
BRDA:154,10,1,1
BRDA:155,11,0,0
BRDA:155,11,1,0
BRDA:168,12,0,1
BRDA:168,12,1,300
BRDA:171,13,0,2
BRDA:171,13,1,298
BRDA:174,14,0,1
BRDA:174,14,1,299
BRDA:177,15,0,297
BRDA:177,15,1,3
BRF:32
BRH:27
end_of_record
TN:
SF:src/slider/interfaces/standardOptions.ts
FNF:0
FNH:0
DA:4,8
LF:1
LH:1
BRF:0
BRH:0
end_of_record
