TN:
SF:src/preview/Demo/Demo.ts
FN:10,(anonymous_0)
FN:16,(anonymous_1)
FN:21,(anonymous_2)
FN:30,(anonymous_3)
FN:37,(anonymous_4)
FN:43,(anonymous_5)
FN:127,(anonymous_6)
FN:131,(anonymous_7)
FN:134,(anonymous_8)
FN:137,(anonymous_9)
FN:143,(anonymous_10)
FN:152,(anonymous_11)
FN:161,(anonymous_12)
FN:170,(anonymous_13)
FN:179,(anonymous_14)
FN:188,(anonymous_15)
FN:197,(anonymous_16)
FN:206,(anonymous_17)
FN:215,(anonymous_18)
FN:223,(anonymous_19)
FN:231,(anonymous_20)
FN:240,(anonymous_21)
FN:248,(anonymous_22)
FN:256,(anonymous_23)
FN:264,(anonymous_24)
FN:272,(anonymous_25)
FN:280,(anonymous_26)
FN:292,(anonymous_27)
FN:299,(anonymous_28)
FN:306,(anonymous_29)
FN:313,(anonymous_30)
FN:320,(anonymous_31)
FN:326,(anonymous_32)
FN:333,(anonymous_33)
FN:339,(anonymous_34)
FN:346,(anonymous_35)
FN:353,(anonymous_36)
FN:360,(anonymous_37)
FN:372,(anonymous_38)
FN:383,(anonymous_39)
FNF:40
FNH:38
FNDA:41,(anonymous_0)
FNDA:51,(anonymous_1)
FNDA:41,(anonymous_2)
FNDA:41,(anonymous_3)
FNDA:41,(anonymous_4)
FNDA:92,(anonymous_5)
FNDA:1,(anonymous_6)
FNDA:1,(anonymous_7)
FNDA:1,(anonymous_8)
FNDA:1,(anonymous_9)
FNDA:1,(anonymous_10)
FNDA:2,(anonymous_11)
FNDA:2,(anonymous_12)
FNDA:2,(anonymous_13)
FNDA:2,(anonymous_14)
FNDA:0,(anonymous_15)
FNDA:0,(anonymous_16)
FNDA:2,(anonymous_17)
FNDA:2,(anonymous_18)
FNDA:2,(anonymous_19)
FNDA:1,(anonymous_20)
FNDA:2,(anonymous_21)
FNDA:2,(anonymous_22)
FNDA:2,(anonymous_23)
FNDA:2,(anonymous_24)
FNDA:2,(anonymous_25)
FNDA:2,(anonymous_26)
FNDA:1,(anonymous_27)
FNDA:1,(anonymous_28)
FNDA:1,(anonymous_29)
FNDA:2,(anonymous_30)
FNDA:2,(anonymous_31)
FNDA:2,(anonymous_32)
FNDA:1,(anonymous_33)
FNDA:1,(anonymous_34)
FNDA:1,(anonymous_35)
FNDA:1,(anonymous_36)
FNDA:1,(anonymous_37)
FNDA:3,(anonymous_38)
FNDA:47,(anonymous_39)
DA:11,41
DA:12,41
DA:13,41
DA:17,51
DA:18,51
DA:22,41
DA:23,41
DA:25,41
DA:27,41
DA:31,41
DA:32,41
DA:34,41
DA:38,41
DA:40,41
DA:51,92
DA:53,92
DA:55,92
DA:57,92
DA:59,92
DA:61,92
DA:63,92
DA:65,92
DA:67,92
DA:69,92
DA:71,92
DA:73,92
DA:75,92
DA:77,92
DA:79,92
DA:81,92
DA:83,92
DA:85,92
DA:87,92
DA:89,92
DA:91,92
DA:93,92
DA:95,92
DA:97,92
DA:99,92
DA:101,92
DA:103,92
DA:105,92
DA:107,92
DA:109,92
DA:111,92
DA:113,92
DA:115,92
DA:117,92
DA:119,92
DA:121,92
DA:123,92
DA:125,92
DA:127,92
DA:128,1
DA:131,92
DA:132,1
DA:134,92
DA:135,1
DA:137,92
DA:138,1
DA:143,92
DA:144,1
DA:145,1
DA:147,1
DA:148,0
DA:152,92
DA:153,2
DA:154,1
DA:156,2
DA:157,1
DA:161,92
DA:162,2
DA:163,1
DA:165,2
DA:166,1
DA:170,92
DA:171,2
DA:172,1
DA:174,2
DA:175,1
DA:179,92
DA:180,2
DA:181,1
DA:183,2
DA:184,1
DA:188,92
DA:189,0
DA:190,0
DA:192,0
DA:193,0
DA:197,92
DA:198,0
DA:199,0
DA:201,0
DA:202,0
DA:206,92
DA:207,2
DA:208,1
DA:210,2
DA:211,1
DA:215,92
DA:216,2
DA:217,1
DA:219,1
DA:223,92
DA:224,2
DA:225,1
DA:226,2
DA:227,1
DA:231,92
DA:232,1
DA:233,1
DA:235,1
DA:236,0
DA:240,92
DA:241,2
DA:242,1
DA:244,1
DA:248,92
DA:249,2
DA:250,1
DA:252,1
DA:256,92
DA:257,2
DA:258,1
DA:260,1
DA:264,92
DA:265,2
DA:266,1
DA:268,1
DA:272,92
DA:273,2
DA:274,1
DA:276,1
DA:280,92
DA:281,2
DA:282,1
DA:284,1
DA:290,92
DA:292,92
DA:293,1
DA:294,1
DA:297,92
DA:299,92
DA:300,1
DA:301,1
DA:304,92
DA:306,92
DA:307,1
DA:308,1
DA:311,92
DA:313,92
DA:314,2
DA:315,2
DA:318,92
DA:320,92
DA:321,2
DA:322,2
DA:324,92
DA:326,92
DA:327,2
DA:328,2
DA:331,92
DA:333,92
DA:334,1
DA:335,1
DA:337,92
DA:339,92
DA:340,1
DA:341,1
DA:344,92
DA:346,92
DA:347,1
DA:348,1
DA:351,92
DA:353,92
DA:354,1
DA:355,1
DA:358,92
DA:360,92
DA:361,1
DA:362,1
DA:365,92
DA:366,0
DA:367,92
DA:368,89
DA:370,3
DA:372,92
DA:373,3
DA:375,3
DA:376,2
DA:379,3
DA:384,47
DA:385,47
DA:386,47
LF:195
LH:184
BRDA:144,0,0,1
BRDA:144,0,1,0
BRDA:147,1,0,0
BRDA:147,1,1,1
BRDA:153,2,0,1
BRDA:153,2,1,1
BRDA:156,3,0,1
BRDA:156,3,1,1
BRDA:162,4,0,1
BRDA:162,4,1,1
BRDA:165,5,0,1
BRDA:165,5,1,1
BRDA:171,6,0,1
BRDA:171,6,1,1
BRDA:174,7,0,1
BRDA:174,7,1,1
BRDA:180,8,0,1
BRDA:180,8,1,1
BRDA:183,9,0,1
BRDA:183,9,1,1
BRDA:189,10,0,0
BRDA:189,10,1,0
BRDA:192,11,0,0
BRDA:192,11,1,0
BRDA:198,12,0,0
BRDA:198,12,1,0
BRDA:201,13,0,0
BRDA:201,13,1,0
BRDA:207,14,0,1
BRDA:207,14,1,1
BRDA:210,15,0,1
BRDA:210,15,1,1
BRDA:216,16,0,1
BRDA:216,16,1,1
BRDA:224,17,0,1
BRDA:224,17,1,1
BRDA:226,18,0,1
BRDA:226,18,1,1
BRDA:232,19,0,1
BRDA:232,19,1,0
BRDA:235,20,0,0
BRDA:235,20,1,1
BRDA:241,21,0,1
BRDA:241,21,1,1
BRDA:249,22,0,1
BRDA:249,22,1,1
BRDA:257,23,0,1
BRDA:257,23,1,1
BRDA:265,24,0,1
BRDA:265,24,1,1
BRDA:273,25,0,1
BRDA:273,25,1,1
BRDA:281,26,0,1
BRDA:281,26,1,1
BRDA:365,27,0,0
BRDA:365,27,1,92
BRDA:367,28,0,89
BRDA:367,28,1,3
BRDA:375,29,0,2
BRDA:375,29,1,1
BRDA:375,30,0,3
BRDA:375,30,1,3
BRF:62
BRH:49
end_of_record
TN:
SF:src/preview/Demo/demoTemplate.ts
FNF:0
FNH:0
DA:1,1
LF:1
LH:1
BRF:0
BRH:0
end_of_record
TN:
SF:src/slider/EventEmitter/EventEmitter.ts
FN:12,(anonymous_0)
FN:16,(anonymous_1)
FN:22,(anonymous_2)
FN:25,(anonymous_3)
FNF:4
FNH:4
FNDA:260,(anonymous_0)
FNDA:160,(anonymous_1)
FNDA:210,(anonymous_2)
FNDA:111,(anonymous_3)
DA:13,260
DA:17,160
DA:19,160
DA:23,210
DA:25,210
LF:5
LH:5
BRDA:17,0,0,160
BRDA:17,0,1,160
BRDA:25,1,0,210
BRDA:25,1,1,111
BRF:4
BRH:4
end_of_record
TN:
SF:src/slider/Model/Model.ts
FN:13,(anonymous_0)
FN:19,(anonymous_1)
FN:32,(anonymous_2)
FN:37,(anonymous_3)
FN:61,(anonymous_4)
FNF:5
FNH:5
FNDA:70,(anonymous_0)
FNDA:131,(anonymous_1)
FNDA:70,(anonymous_2)
FNDA:131,(anonymous_3)
FNDA:131,(anonymous_4)
DA:14,70
DA:16,70
DA:20,131
DA:21,131
DA:23,131
DA:29,131
DA:33,70
DA:34,70
DA:42,131
DA:44,131
DA:46,131
DA:47,131
DA:49,131
DA:50,4
DA:53,131
DA:54,9
DA:55,9
DA:58,131
DA:68,131
DA:70,131
DA:71,1
DA:74,131
DA:75,131
DA:76,131
DA:77,131
DA:79,131
DA:81,131
DA:82,131
DA:84,131
DA:85,2
DA:86,2
DA:88,131
DA:89,2
DA:91,131
DA:92,2
DA:95,131
DA:96,4
DA:97,4
DA:100,131
DA:101,9
DA:103,131
LF:41
LH:41
BRDA:44,0,0,2
BRDA:44,0,1,129
BRDA:46,1,0,131
BRDA:46,1,1,9
BRDA:47,2,0,131
BRDA:47,2,1,9
BRDA:47,2,2,126
BRDA:47,2,3,4
BRDA:49,3,0,4
BRDA:49,3,1,127
BRDA:53,4,0,9
BRDA:53,4,1,122
BRDA:70,5,0,1
BRDA:70,5,1,130
BRDA:74,6,0,131
BRDA:74,6,1,4
BRDA:75,7,0,131
BRDA:75,7,1,4
BRDA:76,8,0,131
BRDA:76,8,1,130
BRDA:77,9,0,131
BRDA:77,9,1,128
BRDA:79,10,0,5
BRDA:79,10,1,126
BRDA:81,11,0,8
BRDA:81,11,1,123
BRDA:82,12,0,8
BRDA:82,12,1,123
BRDA:84,13,0,2
BRDA:84,13,1,129
BRDA:88,14,0,2
BRDA:88,14,1,129
BRDA:91,15,0,2
BRDA:91,15,1,129
BRDA:95,16,0,4
BRDA:95,16,1,127
BRDA:100,17,0,9
BRDA:100,17,1,122
BRF:38
BRH:38
end_of_record
TN:
SF:src/slider/Presenter/Presenter.ts
FN:14,(anonymous_0)
FN:22,(anonymous_1)
FN:26,(anonymous_2)
FN:31,(anonymous_3)
FN:35,(anonymous_4)
FN:39,(anonymous_5)
FN:43,(anonymous_6)
FN:49,(anonymous_7)
FN:54,(anonymous_8)
FN:59,(anonymous_9)
FNF:10
FNH:9
FNDA:58,(anonymous_0)
FNDA:47,(anonymous_1)
FNDA:61,(anonymous_2)
FNDA:58,(anonymous_3)
FNDA:59,(anonymous_4)
FNDA:59,(anonymous_5)
FNDA:58,(anonymous_6)
FNDA:58,(anonymous_7)
FNDA:61,(anonymous_8)
FNDA:0,(anonymous_9)
DA:15,58
DA:17,58
DA:18,58
DA:19,58
DA:23,47
DA:27,61
DA:28,61
DA:32,58
DA:36,59
DA:40,59
DA:44,58
DA:45,58
DA:46,58
DA:50,58
DA:51,58
DA:55,61
DA:56,61
DA:60,0
DA:61,0
DA:62,0
LF:20
LH:17
BRF:0
BRH:0
end_of_record
TN:
SF:src/slider/View/View.ts
FN:39,(anonymous_0)
FN:59,(anonymous_1)
FN:74,(anonymous_2)
FN:87,(anonymous_3)
FN:91,(anonymous_4)
FN:95,(anonymous_5)
FN:99,(anonymous_6)
FN:107,(anonymous_7)
FN:125,(anonymous_8)
FN:137,(anonymous_9)
FN:149,(anonymous_10)
FN:155,(anonymous_11)
FN:164,(anonymous_12)
FN:170,(anonymous_13)
FN:184,(anonymous_14)
FN:214,(anonymous_15)
FN:226,(anonymous_16)
FN:252,(anonymous_17)
FN:272,(anonymous_18)
FN:340,(anonymous_19)
FN:373,(anonymous_20)
FN:413,(anonymous_21)
FN:429,(anonymous_22)
FNF:23
FNH:23
FNDA:129,(anonymous_0)
FNDA:176,(anonymous_1)
FNDA:176,(anonymous_2)
FNDA:176,(anonymous_3)
FNDA:176,(anonymous_4)
FNDA:176,(anonymous_5)
FNDA:176,(anonymous_6)
FNDA:288,(anonymous_7)
FNDA:47,(anonymous_8)
FNDA:177,(anonymous_9)
FNDA:176,(anonymous_10)
FNDA:176,(anonymous_11)
FNDA:2,(anonymous_12)
FNDA:2,(anonymous_13)
FNDA:2,(anonymous_14)
FNDA:4,(anonymous_15)
FNDA:1,(anonymous_16)
FNDA:2,(anonymous_17)
FNDA:5,(anonymous_18)
FNDA:5,(anonymous_19)
FNDA:5,(anonymous_20)
FNDA:6,(anonymous_21)
FNDA:355,(anonymous_22)
DA:40,129
DA:42,129
DA:44,129
DA:45,129
DA:47,129
DA:48,129
DA:49,129
DA:50,129
DA:52,129
DA:54,129
DA:60,176
DA:61,176
DA:64,176
DA:66,176
DA:77,176
DA:78,176
DA:79,176
DA:80,176
DA:82,176
DA:84,176
DA:88,176
DA:92,176
DA:96,176
DA:100,176
DA:108,288
DA:113,288
DA:114,288
DA:115,288
DA:116,288
DA:118,288
DA:126,47
DA:127,47
DA:128,47
DA:129,47
DA:130,47
DA:131,47
DA:132,47
DA:133,47
DA:134,47
DA:142,177
DA:144,177
DA:146,177
DA:150,176
DA:151,176
DA:152,176
DA:156,176
DA:157,176
DA:158,176
DA:160,176
DA:161,176
DA:165,2
DA:167,2
DA:168,2
DA:170,2
DA:171,2
DA:172,2
DA:173,2
DA:174,2
DA:177,2
DA:178,2
DA:179,2
DA:180,2
DA:187,2
DA:188,2
DA:189,2
DA:190,2
DA:191,2
DA:192,2
DA:193,2
DA:194,2
DA:195,2
DA:196,2
DA:198,2
DA:199,0
DA:201,2
DA:202,2
DA:205,2
DA:206,0
DA:207,2
DA:208,0
DA:211,2
DA:215,4
DA:216,4
DA:218,4
DA:220,0
DA:221,0
DA:223,0
DA:229,1
DA:232,1
DA:235,1
DA:237,1
DA:239,1
DA:240,1
DA:243,1
DA:245,1
DA:247,1
DA:249,1
DA:255,2
DA:258,2
DA:259,2
DA:260,2
DA:261,2
DA:263,2
DA:264,2
DA:266,0
DA:268,2
DA:269,2
DA:277,5
DA:279,5
DA:280,5
DA:281,5
DA:283,5
DA:284,0
DA:287,0
DA:288,0
DA:291,5
DA:292,5
DA:293,5
DA:295,5
DA:296,1
DA:299,1
DA:300,5
DA:301,2
DA:304,2
DA:307,5
DA:309,5
DA:310,5
DA:311,5
DA:312,5
DA:314,5
DA:315,0
DA:318,0
DA:320,5
DA:321,2
DA:324,2
DA:326,5
DA:327,0
DA:330,0
DA:332,5
DA:333,0
DA:336,0
DA:348,5
DA:349,5
DA:351,5
DA:353,5
DA:354,5
DA:355,5
DA:357,0
DA:359,5
DA:361,5
DA:363,3
DA:365,3
DA:377,5
DA:383,5
DA:385,5
DA:386,5
DA:387,5
DA:388,5
DA:389,5
DA:390,5
DA:391,0
DA:392,0
DA:393,5
DA:394,5
DA:395,5
DA:397,5
DA:398,5
DA:399,5
DA:400,5
DA:402,5
DA:403,5
DA:405,5
DA:408,5
DA:417,6
DA:418,6
DA:420,6
DA:421,5
DA:423,1
DA:426,6
DA:430,355
DA:431,355
DA:432,352
DA:434,3
DA:436,355
LF:184
LH:165
BRDA:80,0,0,1
BRDA:80,0,1,175
BRDA:167,1,0,2
BRDA:167,1,1,0
BRDA:192,2,0,0
BRDA:192,2,1,2
BRDA:193,3,0,2
BRDA:193,3,1,0
BRDA:194,4,0,2
BRDA:194,4,1,2
BRDA:195,5,0,2
BRDA:195,5,1,0
BRDA:196,6,0,2
BRDA:196,6,1,2
BRDA:198,7,0,0
BRDA:198,7,1,2
BRDA:201,8,0,2
BRDA:201,8,1,0
BRDA:205,9,0,0
BRDA:205,9,1,2
BRDA:207,10,0,0
BRDA:207,10,1,2
BRDA:218,11,0,4
BRDA:218,11,1,0
BRDA:220,12,0,0
BRDA:220,12,1,0
BRDA:239,13,0,1
BRDA:239,13,1,0
BRDA:261,14,0,0
BRDA:261,14,1,2
BRDA:263,15,0,2
BRDA:263,15,1,0
BRDA:281,16,0,5
BRDA:281,16,1,0
BRDA:283,17,0,0
BRDA:283,17,1,5
BRDA:291,18,0,2
BRDA:291,18,1,3
BRDA:292,19,0,5
BRDA:292,19,1,3
BRDA:293,20,0,5
BRDA:293,20,1,3
BRDA:295,21,0,1
BRDA:295,21,1,4
BRDA:300,22,0,2
BRDA:300,22,1,3
BRDA:307,23,0,5
BRDA:307,23,1,2
BRDA:309,24,0,5
BRDA:309,24,1,2
BRDA:310,25,0,5
BRDA:310,25,1,0
BRDA:311,26,0,5
BRDA:311,26,1,2
BRDA:312,27,0,5
BRDA:312,27,1,0
BRDA:314,28,0,0
BRDA:314,28,1,5
BRDA:320,29,0,2
BRDA:320,29,1,3
BRDA:326,30,0,0
BRDA:326,30,1,5
BRDA:332,31,0,0
BRDA:332,31,1,5
BRDA:354,32,0,5
BRDA:354,32,1,0
BRDA:359,33,0,0
BRDA:359,33,1,5
BRDA:361,34,0,2
BRDA:361,34,1,3
BRDA:386,35,0,5
BRDA:386,35,1,5
BRDA:387,36,0,5
BRDA:387,36,1,5
BRDA:390,37,0,0
BRDA:390,37,1,5
BRDA:393,38,0,5
BRDA:393,38,1,0
BRDA:420,39,0,5
BRDA:420,39,1,1
BRDA:431,40,0,352
BRDA:431,40,1,3
BRF:82
BRH:57
end_of_record
TN:
SF:src/slider/View/Bar/Bar.ts
FN:7,(anonymous_0)
FN:11,(anonymous_1)
FN:23,(anonymous_2)
FN:34,(anonymous_3)
FN:52,(anonymous_4)
FN:63,(anonymous_5)
FN:66,(anonymous_6)
FN:77,(anonymous_7)
FN:84,(anonymous_8)
FN:121,(anonymous_9)
FNF:10
FNH:10
FNDA:177,(anonymous_0)
FNDA:177,(anonymous_1)
FNDA:288,(anonymous_2)
FNDA:465,(anonymous_3)
FNDA:465,(anonymous_4)
FNDA:465,(anonymous_5)
FNDA:930,(anonymous_6)
FNDA:1387,(anonymous_7)
FNDA:465,(anonymous_8)
FNDA:466,(anonymous_9)
DA:8,177
DA:14,177
DA:16,177
DA:17,177
DA:18,177
DA:19,177
DA:20,177
DA:26,288
DA:28,288
DA:30,288
DA:31,288
DA:41,465
DA:42,465
DA:43,465
DA:45,465
DA:46,460
DA:47,465
DA:48,5
DA:55,465
DA:57,465
DA:58,465
DA:60,465
DA:63,465
DA:69,930
DA:71,930
DA:72,930
DA:74,930
DA:80,1387
DA:81,1387
DA:87,465
DA:89,465
DA:91,465
DA:93,465
DA:95,465
DA:96,465
DA:98,465
DA:99,4
DA:101,4
DA:102,4
DA:104,461
DA:105,461
DA:107,461
DA:108,461
DA:111,465
DA:112,461
DA:114,461
DA:116,461
DA:117,461
DA:122,466
DA:124,466
DA:125,460
DA:127,6
DA:129,466
LF:53
LH:53
BRDA:42,0,0,465
BRDA:42,0,1,465
BRDA:43,1,0,465
BRDA:43,1,1,465
BRDA:45,2,0,460
BRDA:45,2,1,5
BRDA:47,3,0,5
BRDA:47,3,1,460
BRDA:71,4,0,918
BRDA:71,4,1,12
BRDA:89,5,0,459
BRDA:89,5,1,6
BRDA:91,6,0,459
BRDA:91,6,1,6
BRDA:96,7,0,465
BRDA:96,7,1,4
BRDA:98,8,0,4
BRDA:98,8,1,461
BRDA:111,9,0,461
BRDA:111,9,1,4
BRDA:124,10,0,460
BRDA:124,10,1,6
BRF:22
BRH:22
end_of_record
TN:
SF:src/slider/View/Rollers/Rollers.ts
FN:12,(anonymous_0)
FN:19,(anonymous_1)
FN:31,(anonymous_2)
FN:43,(anonymous_3)
FN:76,(anonymous_4)
FN:112,(anonymous_5)
FN:127,(anonymous_6)
FN:151,(anonymous_7)
FN:158,(anonymous_8)
FN:172,(anonymous_9)
FN:179,(anonymous_10)
FNF:11
FNH:11
FNDA:176,(anonymous_0)
FNDA:176,(anonymous_1)
FNDA:176,(anonymous_2)
FNDA:752,(anonymous_3)
FNDA:752,(anonymous_4)
FNDA:752,(anonymous_5)
FNDA:464,(anonymous_6)
FNDA:288,(anonymous_7)
FNDA:928,(anonymous_8)
FNDA:928,(anonymous_9)
FNDA:464,(anonymous_10)
DA:13,176
DA:14,176
DA:15,176
DA:16,176
DA:20,176
DA:21,176
DA:22,176
DA:23,176
DA:25,176
DA:26,176
DA:28,176
DA:32,176
DA:33,176
DA:34,176
DA:35,176
DA:37,176
DA:38,176
DA:40,176
DA:50,752
DA:54,752
DA:56,752
DA:57,7
DA:60,752
DA:61,752
DA:63,752
DA:64,735
DA:65,735
DA:68,752
DA:69,12
DA:70,12
DA:73,752
DA:83,752
DA:84,752
DA:86,752
DA:87,13
DA:90,752
DA:91,13
DA:94,752
DA:96,752
DA:97,11
DA:98,11
DA:100,11
DA:101,11
DA:102,11
DA:103,11
DA:106,752
DA:107,5
DA:108,5
DA:115,752
DA:116,752
DA:118,752
DA:119,743
DA:120,743
DA:121,752
DA:122,9
DA:123,9
DA:132,464
DA:134,464
DA:135,464
DA:137,464
DA:138,464
DA:140,464
DA:141,458
DA:142,458
DA:144,6
DA:145,6
DA:147,464
DA:148,464
DA:152,288
DA:153,288
DA:154,288
DA:155,288
DA:165,928
DA:167,928
DA:169,917
DA:175,928
DA:176,928
DA:180,464
DA:181,4
DA:183,460
LF:80
LH:80
BRDA:56,0,0,7
BRDA:56,0,1,745
BRDA:60,1,0,752
BRDA:60,1,1,747
BRDA:61,2,0,752
BRDA:61,2,1,747
BRDA:63,3,0,735
BRDA:63,3,1,17
BRDA:68,4,0,12
BRDA:68,4,1,740
BRDA:86,5,0,13
BRDA:86,5,1,739
BRDA:90,6,0,13
BRDA:90,6,1,739
BRDA:94,7,0,752
BRDA:94,7,1,752
BRDA:96,8,0,11
BRDA:96,8,1,741
BRDA:106,9,0,5
BRDA:106,9,1,747
BRDA:115,10,0,752
BRDA:115,10,1,752
BRDA:116,11,0,752
BRDA:116,11,1,752
BRDA:118,12,0,743
BRDA:118,12,1,9
BRDA:121,13,0,9
BRDA:121,13,1,743
BRDA:140,14,0,458
BRDA:140,14,1,6
BRDA:167,15,0,11
BRDA:167,15,1,917
BRDA:180,16,0,4
BRDA:180,16,1,460
BRF:34
BRH:34
end_of_record
TN:
SF:src/slider/View/Scale/Scale.ts
FN:10,(anonymous_0)
FN:15,(anonymous_1)
FN:27,(anonymous_2)
FN:42,(anonymous_3)
FN:45,(anonymous_4)
FN:54,(anonymous_5)
FN:66,(anonymous_6)
FN:71,(anonymous_7)
FN:104,(anonymous_8)
FN:110,(anonymous_9)
FN:162,(anonymous_10)
FN:171,(anonymous_11)
FNF:12
FNH:12
FNDA:189,(anonymous_0)
FNDA:189,(anonymous_1)
FNDA:288,(anonymous_2)
FNDA:542,(anonymous_3)
FNDA:372,(anonymous_4)
FNDA:477,(anonymous_5)
FNDA:189,(anonymous_6)
FNDA:189,(anonymous_7)
FNDA:190,(anonymous_8)
FNDA:254,(anonymous_9)
FNDA:255,(anonymous_10)
FNDA:1,(anonymous_11)
DA:11,189
DA:12,189
DA:18,189
DA:19,189
DA:20,189
DA:21,189
DA:22,189
DA:23,189
DA:24,189
DA:30,288
DA:31,288
DA:33,288
DA:38,288
DA:39,288
DA:43,542
DA:45,542
DA:46,372
DA:47,9
DA:50,542
DA:58,477
DA:59,477
DA:60,3
DA:61,477
DA:62,474
DA:67,189
DA:68,189
DA:78,189
DA:80,189
DA:81,189
DA:82,189
DA:84,189
DA:85,189
DA:86,189
DA:87,241
DA:88,65
DA:91,65
DA:93,65
DA:95,189
DA:99,189
DA:101,189
DA:105,190
DA:106,190
DA:107,190
DA:118,254
DA:122,254
DA:124,254
DA:125,254
DA:126,254
DA:127,254
DA:128,254
DA:130,254
DA:131,254
DA:132,254
DA:134,254
DA:136,254
DA:138,254
DA:139,253
DA:142,254
DA:143,2
DA:145,254
DA:147,254
DA:148,2
DA:151,254
DA:153,254
DA:155,254
DA:156,253
DA:158,1
DA:165,255
DA:166,255
DA:174,1
DA:177,1
DA:178,1
DA:180,1
DA:181,1
DA:183,1
DA:185,1
DA:186,1
DA:188,1
DA:190,1
DA:196,1
LF:80
LH:80
BRDA:46,0,0,9
BRDA:46,0,1,363
BRDA:59,1,0,3
BRDA:59,1,1,474
BRDA:61,2,0,474
BRDA:61,2,1,3
BRDA:87,3,0,176
BRDA:87,3,1,65
BRDA:138,4,0,253
BRDA:138,4,1,1
BRDA:142,5,0,2
BRDA:142,5,1,252
BRDA:147,6,0,2
BRDA:147,6,1,252
BRDA:155,7,0,253
BRDA:155,7,1,1
BRDA:180,8,0,0
BRDA:180,8,1,1
BRDA:181,9,0,1
BRDA:181,9,1,1
BRDA:183,10,0,1
BRDA:183,10,1,0
BRDA:185,11,0,0
BRDA:185,11,1,1
BRDA:186,12,0,0
BRDA:186,12,1,1
BRF:26
BRH:22
end_of_record
TN:
SF:src/slider/View/Track/Track.ts
FN:12,(anonymous_0)
FN:18,(anonymous_1)
FN:26,(anonymous_2)
FN:38,(anonymous_3)
FNF:4
FNH:4
FNDA:176,(anonymous_0)
FNDA:176,(anonymous_1)
FNDA:176,(anonymous_2)
FNDA:464,(anonymous_3)
DA:13,176
DA:14,176
DA:15,176
DA:19,176
DA:20,176
DA:21,176
DA:23,176
DA:27,176
DA:28,176
DA:30,176
DA:31,176
DA:32,176
DA:33,176
DA:35,176
DA:48,464
DA:52,464
DA:54,464
DA:55,5
DA:59,464
DA:60,7
DA:61,7
DA:63,464
DA:64,6
DA:65,6
DA:67,464
DA:68,464
DA:71,464
DA:72,0
DA:73,0
DA:75,464
DA:76,1
DA:77,1
LF:32
LH:30
BRDA:54,0,0,5
BRDA:54,0,1,459
BRDA:59,1,0,7
BRDA:59,1,1,457
BRDA:63,2,0,6
BRDA:63,2,1,458
BRDA:67,3,0,464
BRDA:67,3,1,6
BRDA:68,4,0,464
BRDA:68,4,1,7
BRDA:71,5,0,0
BRDA:71,5,1,464
BRDA:75,6,0,1
BRDA:75,6,1,463
BRF:14
BRH:13
end_of_record
TN:
SF:src/slider/interfaces/color.ts
FNF:0
FNH:0
DA:1,8
LF:1
LH:1
BRF:0
BRH:0
end_of_record
TN:
SF:src/slider/interfaces/standardOptions.ts
FNF:0
FNH:0
DA:4,8
LF:1
LH:1
BRF:0
BRH:0
end_of_record
TN:
SF:src/slider/libs/classNames.ts
FNF:0
FNH:0
DA:1,7
LF:1
LH:1
BRF:0
BRH:0
end_of_record
TN:
SF:src/slider/libs/correctSeparate.ts
FN:5,correctSeparate
FNF:1
FNH:1
FNDA:1778,correctSeparate
DA:8,1778
DA:11,1778
DA:12,1778
DA:14,1778
DA:15,17
DA:17,1761
DA:18,1761
DA:19,1761
DA:21,1761
DA:22,28
DA:24,1761
DA:25,11
DA:27,1761
DA:28,1722
DA:31,1761
DA:33,1778
LF:16
LH:16
BRDA:14,0,0,17
BRDA:14,0,1,1761
BRDA:21,1,0,28
BRDA:21,1,1,1733
BRDA:24,2,0,11
BRDA:24,2,1,1750
BRDA:27,3,0,1722
BRDA:27,3,1,39
BRF:8
BRH:8
end_of_record
